#
# A fatal error has been detected by the Java Runtime Environment:
#
#  SIGBUS (0x7) at pc=0x00007f433daf6a82, pid=7758, tid=139926821271296
#
# JRE version: 7.0_09-b05
# Java VM: Java HotSpot(TM) 64-Bit Server VM (23.5-b02 mixed mode linux-amd64 compressed oops)
# Problematic frame:
# C  [libzip.so+0x4a82]  newEntry+0x62
#
# Failed to write core dump. Core dumps have been disabled. To enable core dumping, try "ulimit -c unlimited" before starting Java again
#
# If you would like to submit a bug report, please visit:
#   http://bugreport.sun.com/bugreport/crash.jsp
# The crash happened outside the Java Virtual Machine in native code.
# See problematic frame for where to report the bug.
#

---------------  T H R E A D  ---------------

Current thread (0x00007f4338012800):  JavaThread "main" [_thread_in_native, id=7765, stack(0x00007f434069f000,0x00007f43407a0000)]

siginfo:si_signo=SIGBUS: si_errno=0, si_code=2 (BUS_ADRERR), si_addr=0x00007f433c0b8cd8

Registers:
RAX=0x00007f43384b3f10, RBX=0x00007f433814da90, RCX=0x00007f4338000078, RDX=0x00007f4338000020
RSP=0x00007f4340799f30, RBP=0x00007f4340799f80, RSI=0x0000000000000048, RDI=0x0000000000000fc0
R8 =0x0000000000000005, R9 =0x0000000000000077, R10=0x00007f433507b1b8, R11=0x0000000000000001
R12=0x00007f433c0b8cbb, R13=0x00007f43384b3f10, R14=0x00000000cefa6cc8, R15=0x00007f433813f820
RIP=0x00007f433daf6a82, EFLAGS=0x0000000000010206, CSGSFS=0x0000000000000033, ERR=0x0000000000000004
  TRAPNO=0x000000000000000e

Top of Stack: (sp=0x00007f4340799f30)
0x00007f4340799f30:   000000077ee00d10 00007f4300000000
0x00007f4340799f40:   00007f4340799fc0 00007f433f5920ac
0x00007f4340799f50:   00007f43384b3f10 00007f433814da90
0x00007f4340799f60:   00007f433813f820 0000000000000000
0x00007f4340799f70:   00000000cefa6cc8 00007f4340799fe0
0x00007f4340799f80:   00007f4340799fc0 00007f433daf71c8
0x00007f4340799f90:   0000002840799fc0 00007f4340799fe0
0x00007f4340799fa0:   0000000000000028 00007f43380129d8
0x00007f4340799fb0:   00007f4340799fe0 00007f434079a438
0x00007f4340799fc0:   00007f434079a420 00007f433daf5ffd
0x00007f4340799fd0:   01007f433800fe30 00007f433813f820
0x00007f4340799fe0:   6967736f2f67726f 6f77656d6172662f
0x00007f4340799ff0:   6c646e75422f6b72 6974706563784565
0x00007f434079a000:   7373616c632e6e6f 00007f433f409700
0x00007f434079a010:   00007f42e03093a0 00007f42e030ab10
0x00007f434079a020:   00007f42e0311388 00007f42e0905de0
0x00007f434079a030:   00007f42e0905e50 00000007d7d780a0
0x00007f434079a040:   00000007da8f02e0 00000007d7d76ae8
0x00007f434079a050:   6f7065720000001a 6f2f79726f746973
0x00007f434079a060:   73736f627f1757d8 70732f6967736f2f
0x00007f434079a070:   00007f434079e998 00007f43350101f7
0x00007f434079a080:   00007f43350003d0 00007f434079a038
0x00007f434079a090:   00007f434079a079 0000000800000002
0x00007f434079a0a0:   00007f42e0905e00 00000007d7d76810
0x00007f434079a0b0:   00007f433fb32a10 00007f433806b120
0x00007f434079a0c0:   000000003800fe30 00007f42e03093a0
0x00007f434079a0d0:   0000000000000000 00007f42e0311388
0x00007f434079a0e0:   00007f42e0905de8 00007f433806b121
0x00007f434079a0f0:   00007f42e0905e50 0000000000000000
0x00007f434079a100:   00007f4338012800 00007f433809cea0
0x00007f434079a110:   00007f433844e1b8 00007f4338012800
0x00007f434079a120:   00007f434079a2c0 00007f433f404e8b 

Instructions: (pc=0x00007f433daf6a82)
0x00007f433daf6a62:   00 48 c7 40 28 00 00 00 00 41 80 7f 30 00 0f 84
0x00007f433daf6a72:   8a 02 00 00 4c 8b 63 08 4d 2b 67 28 4d 03 67 18
0x00007f433daf6a82:   41 0f b6 5c 24 1d 41 0f b6 44 24 1c c1 e3 08 09
0x00007f433daf6a92:   c3 41 0f b6 44 24 1e 88 45 bd 41 0f b6 54 24 20 

Register to memory mapping:

RAX=0x00007f43384b3f10 is an unknown value
RBX=0x00007f433814da90 is an unknown value
RCX=0x00007f4338000078 is an unknown value
RDX=0x00007f4338000020 is an unknown value
RSP=0x00007f4340799f30 is pointing into the stack for thread: 0x00007f4338012800
RBP=0x00007f4340799f80 is pointing into the stack for thread: 0x00007f4338012800
RSI=0x0000000000000048 is an unknown value
RDI=0x0000000000000fc0 is an unknown value
R8 =0x0000000000000005 is an unknown value
R9 =0x0000000000000077 is an unknown value
R10=0x00007f433507afd0 [CodeBlob (0x00007f433507afd0)]
Framesize: 10
R11=0x0000000000000001 is an unknown value
R12=0x00007f433c0b8cbb is an unknown value
R13=0x00007f43384b3f10 is an unknown value
R14=0x00000000cefa6cc8 is an unknown value
R15=0x00007f433813f820 is an unknown value


Stack: [0x00007f434069f000,0x00007f43407a0000],  sp=0x00007f4340799f30,  free space=1003k
Native frames: (J=compiled Java code, j=interpreted, Vv=VM code, C=native code)
C  [libzip.so+0x4a82]  newEntry+0x62
C  [libzip.so+0x51c8]  ZIP_GetEntry+0xd8
C  [libzip.so+0x3ffd]  Java_java_util_zip_ZipFile_getEntry+0xad
J  java.util.zip.ZipFile.getEntry(J[BZ)J

Java frames: (J=compiled Java code, j=interpreted, Vv=VM code)
J  java.util.zip.ZipFile.getEntry(J[BZ)J
J  java.util.jar.JarFile.getEntry(Ljava/lang/String;)Ljava/util/zip/ZipEntry;
J  sun.misc.URLClassPath.getResource(Ljava/lang/String;Z)Lsun/misc/Resource;
j  java.net.URLClassLoader$1.run()Ljava/lang/Class;+26
j  java.net.URLClassLoader$1.run()Ljava/lang/Object;+1
v  ~StubRoutines::call_stub
j  java.security.AccessController.doPrivileged(Ljava/security/PrivilegedExceptionAction;Ljava/security/AccessControlContext;)Ljava/lang/Object;+0
j  java.net.URLClassLoader.findClass(Ljava/lang/String;)Ljava/lang/Class;+13
j  java.lang.ClassLoader.loadClass(Ljava/lang/String;Z)Ljava/lang/Class;+70
j  sun.misc.Launcher$AppClassLoader.loadClass(Ljava/lang/String;Z)Ljava/lang/Class;+36
j  java.lang.ClassLoader.loadClass(Ljava/lang/String;)Ljava/lang/Class;+3
v  ~StubRoutines::call_stub
j  org.jboss.as.arquillian.protocol.jmx.JMXProtocolPackager.addModulesManifestDependencies(Lorg/jboss/shrinkwrap/api/Archive;)V+40
j  org.jboss.as.arquillian.protocol.jmx.JMXProtocolPackager.generateDeployment(Lorg/jboss/arquillian/container/test/spi/TestDeployment;Ljava/util/Collection;)Lorg/jboss/shrinkwrap/api/Archive;+40
j  org.jboss.arquillian.container.test.impl.client.deployment.DeploymentGenerator.buildTestableDeployments(Lorg/jboss/arquillian/container/spi/client/deployment/DeploymentScenario;Lorg/jboss/arquillian/test/spi/TestClass;Lorg/jboss/arquillian/container/test/impl/domain/ProtocolRegistry;)V+241
j  org.jboss.arquillian.container.test.impl.client.deployment.DeploymentGenerator.createTestableDeployments(Lorg/jboss/arquillian/container/spi/client/deployment/DeploymentScenario;Lorg/jboss/arquillian/test/spi/TestClass;)V+17
j  org.jboss.arquillian.container.test.impl.client.deployment.DeploymentGenerator.generateDeployment(Lorg/jboss/arquillian/container/test/impl/client/deployment/event/GenerateDeployment;)V+95
v  ~StubRoutines::call_stub
j  sun.reflect.NativeMethodAccessorImpl.invoke0(Ljava/lang/reflect/Method;Ljava/lang/Object;[Ljava/lang/Object;)Ljava/lang/Object;+0
j  sun.reflect.NativeMethodAccessorImpl.invoke(Ljava/lang/Object;[Ljava/lang/Object;)Ljava/lang/Object;+87
j  sun.reflect.DelegatingMethodAccessorImpl.invoke(Ljava/lang/Object;[Ljava/lang/Object;)Ljava/lang/Object;+6
j  java.lang.reflect.Method.invoke(Ljava/lang/Object;[Ljava/lang/Object;)Ljava/lang/Object;+57
j  org.jboss.arquillian.core.impl.ObserverImpl.invoke(Lorg/jboss/arquillian/core/spi/Manager;Ljava/lang/Object;)Z+26
j  org.jboss.arquillian.core.impl.EventContextImpl.invokeObservers()V+47
j  org.jboss.arquillian.core.impl.EventContextImpl.proceed()V+17
j  org.jboss.arquillian.core.impl.ManagerImpl.fire(Ljava/lang/Object;Lorg/jboss/arquillian/core/spi/NonManagedObserver;)V+59
j  org.jboss.arquillian.core.impl.ManagerImpl.fire(Ljava/lang/Object;)V+3
j  org.jboss.arquillian.core.impl.EventImpl.fire(Ljava/lang/Object;)V+5
j  org.jboss.arquillian.container.test.impl.client.ContainerEventController.execute(Lorg/jboss/arquillian/test/spi/event/suite/BeforeClass;)V+31
v  ~StubRoutines::call_stub
j  sun.reflect.NativeMethodAccessorImpl.invoke0(Ljava/lang/reflect/Method;Ljava/lang/Object;[Ljava/lang/Object;)Ljava/lang/Object;+0
j  sun.reflect.NativeMethodAccessorImpl.invoke(Ljava/lang/Object;[Ljava/lang/Object;)Ljava/lang/Object;+87
j  sun.reflect.DelegatingMethodAccessorImpl.invoke(Ljava/lang/Object;[Ljava/lang/Object;)Ljava/lang/Object;+6
j  java.lang.reflect.Method.invoke(Ljava/lang/Object;[Ljava/lang/Object;)Ljava/lang/Object;+57
j  org.jboss.arquillian.core.impl.ObserverImpl.invoke(Lorg/jboss/arquillian/core/spi/Manager;Ljava/lang/Object;)Z+26
j  org.jboss.arquillian.core.impl.EventContextImpl.invokeObservers()V+47
j  org.jboss.arquillian.core.impl.EventContextImpl.proceed()V+17
j  org.jboss.arquillian.test.impl.TestContextHandler.createClassContext(Lorg/jboss/arquillian/core/spi/EventContext;)V+56
v  ~StubRoutines::call_stub
j  sun.reflect.NativeMethodAccessorImpl.invoke0(Ljava/lang/reflect/Method;Ljava/lang/Object;[Ljava/lang/Object;)Ljava/lang/Object;+0
j  sun.reflect.NativeMethodAccessorImpl.invoke(Ljava/lang/Object;[Ljava/lang/Object;)Ljava/lang/Object;+87
j  sun.reflect.DelegatingMethodAccessorImpl.invoke(Ljava/lang/Object;[Ljava/lang/Object;)Ljava/lang/Object;+6
j  java.lang.reflect.Method.invoke(Ljava/lang/Object;[Ljava/lang/Object;)Ljava/lang/Object;+57
j  org.jboss.arquillian.core.impl.ObserverImpl.invoke(Lorg/jboss/arquillian/core/spi/Manager;Ljava/lang/Object;)Z+26
j  org.jboss.arquillian.core.impl.EventContextImpl.proceed()V+66
j  org.jboss.arquillian.test.impl.TestContextHandler.createSuiteContext(Lorg/jboss/arquillian/core/spi/EventContext;)V+20
v  ~StubRoutines::call_stub
j  sun.reflect.NativeMethodAccessorImpl.invoke0(Ljava/lang/reflect/Method;Ljava/lang/Object;[Ljava/lang/Object;)Ljava/lang/Object;+0
j  sun.reflect.NativeMethodAccessorImpl.invoke(Ljava/lang/Object;[Ljava/lang/Object;)Ljava/lang/Object;+87
j  sun.reflect.DelegatingMethodAccessorImpl.invoke(Ljava/lang/Object;[Ljava/lang/Object;)Ljava/lang/Object;+6
j  java.lang.reflect.Method.invoke(Ljava/lang/Object;[Ljava/lang/Object;)Ljava/lang/Object;+57
j  org.jboss.arquillian.core.impl.ObserverImpl.invoke(Lorg/jboss/arquillian/core/spi/Manager;Ljava/lang/Object;)Z+26
j  org.jboss.arquillian.core.impl.EventContextImpl.proceed()V+66
j  org.jboss.arquillian.core.impl.ManagerImpl.fire(Ljava/lang/Object;Lorg/jboss/arquillian/core/spi/NonManagedObserver;)V+59
j  org.jboss.arquillian.core.impl.ManagerImpl.fire(Ljava/lang/Object;)V+3
j  org.jboss.arquillian.test.impl.EventTestRunnerAdaptor.beforeClass(Ljava/lang/Class;Lorg/jboss/arquillian/test/spi/LifecycleMethodExecutor;)V+19
j  org.jboss.arquillian.junit.Arquillian$2.evaluate()V+24
j  org.jboss.arquillian.junit.Arquillian.multiExecute([Lorg/junit/runners/model/Statement;)V+32
j  org.jboss.arquillian.junit.Arquillian.access$100(Lorg/jboss/arquillian/junit/Arquillian;[Lorg/junit/runners/model/Statement;)V+2
j  org.jboss.arquillian.junit.Arquillian$3.evaluate()V+26
j  org.junit.runners.ParentRunner.run(Lorg/junit/runner/notification/RunNotifier;)V+20
j  org.jboss.arquillian.junit.Arquillian.run(Lorg/junit/runner/notification/RunNotifier;)V+100
j  org.eclipse.jdt.internal.junit4.runner.JUnit4TestReference.run(Lorg/eclipse/jdt/internal/junit/runner/TestExecution;)V+72
j  org.eclipse.jdt.internal.junit.runner.TestExecution.run([Lorg/eclipse/jdt/internal/junit/runner/ITestReference;)V+17
j  org.eclipse.jdt.internal.junit.runner.RemoteTestRunner.runTests([Ljava/lang/String;Ljava/lang/String;Lorg/eclipse/jdt/internal/junit/runner/TestExecution;)V+61
j  org.eclipse.jdt.internal.junit.runner.RemoteTestRunner.runTests(Lorg/eclipse/jdt/internal/junit/runner/TestExecution;)V+10
j  org.eclipse.jdt.internal.junit.runner.RemoteTestRunner.run()V+70
j  org.eclipse.jdt.internal.junit.runner.RemoteTestRunner.main([Ljava/lang/String;)V+14
v  ~StubRoutines::call_stub

---------------  P R O C E S S  ---------------

Java Threads: ( => current thread )
  0x00007f42a4003800 JavaThread "Keep-Alive-Timer" daemon [_thread_blocked, id=7798, stack(0x00007f432c851000,0x00007f432c952000)]
  0x00007f4338a4f800 JavaThread "process reaper" daemon [_thread_blocked, id=7793, stack(0x00007f432cc55000,0x00007f432cc7d000)]
  0x00007f4338664000 JavaThread "SocketListener0-1" [_thread_blocked, id=7791, stack(0x00007f432cc7d000,0x00007f432cd7e000)]
  0x00007f43386d6000 JavaThread "SocketListener0-0" [_thread_blocked, id=7790, stack(0x00007f432cd7e000,0x00007f432ce7f000)]
  0x00007f43382aa800 JavaThread "Acceptor ServerSocket[addr=0.0.0.0/0.0.0.0,port=0,localport=14444]" [_thread_in_native, id=7789, stack(0x00007f432ce7f000,0x00007f432cf80000)]
  0x00007f43382bc000 JavaThread "SessionScavenger" daemon [_thread_blocked, id=7788, stack(0x00007f432cf80000,0x00007f432d081000)]
  0x00007f4338853000 JavaThread "Timer-0" daemon [_thread_blocked, id=7787, stack(0x00007f432d081000,0x00007f432d182000)]
  0x00007f433841b000 JavaThread "ReaderThread" [_thread_in_native, id=7783, stack(0x00007f432dbda000,0x00007f432dcdb000)]
  0x00007f4338102800 JavaThread "Service Thread" daemon [_thread_blocked, id=7781, stack(0x00007f432e205000,0x00007f432e306000)]
  0x00007f4338100000 JavaThread "C2 CompilerThread1" daemon [_thread_blocked, id=7780, stack(0x00007f432e306000,0x00007f432e407000)]
  0x00007f43380fd000 JavaThread "C2 CompilerThread0" daemon [_thread_blocked, id=7779, stack(0x00007f432e407000,0x00007f432e508000)]
  0x00007f43380fb000 JavaThread "Signal Dispatcher" daemon [_thread_blocked, id=7778, stack(0x00007f432e508000,0x00007f432e609000)]
  0x00007f43380ad800 JavaThread "Finalizer" daemon [_thread_blocked, id=7776, stack(0x00007f432e8d5000,0x00007f432e9d6000)]
  0x00007f43380ab800 JavaThread "Reference Handler" daemon [_thread_blocked, id=7775, stack(0x00007f432e9d6000,0x00007f432ead7000)]
=>0x00007f4338012800 JavaThread "main" [_thread_in_native, id=7765, stack(0x00007f434069f000,0x00007f43407a0000)]

Other Threads:
  0x00007f43380a4000 VMThread [stack: 0x00007f432ead7000,0x00007f432ebd8000] [id=7774]
  0x00007f4338115800 WatcherThread [stack: 0x00007f432e104000,0x00007f432e205000] [id=7782]

VM state:not at safepoint (normal execution)

VM Mutex/Monitor currently owned by a thread: None

Heap
 PSYoungGen      total 68864K, used 24507K [0x00000007d6ab0000, 0x00000007df710000, 0x0000000800000000)
  eden space 63616K, 30% used [0x00000007d6ab0000,0x00000007d7d85230,0x00000007da8d0000)
  from space 5248K, 99% used [0x00000007da8d0000,0x00000007dade9d98,0x00000007dadf0000)
  to   space 8256K, 0% used [0x00000007def00000,0x00000007def00000,0x00000007df710000)
 ParOldGen       total 84672K, used 3528K [0x0000000784000000, 0x00000007892b0000, 0x00000007d6ab0000)
  object space 84672K, 4% used [0x0000000784000000,0x00000007843721b0,0x00000007892b0000)
 PSPermGen       total 21248K, used 19161K [0x000000077ee00000, 0x00000007802c0000, 0x0000000784000000)
  object space 21248K, 90% used [0x000000077ee00000,0x00000007800b6738,0x00000007802c0000)

Card table byte_map: [0x00007f433d6e8000,0x00007f433daf2000] byte_map_base: 0x00007f4339af1000

Polling page: 0x00007f43407c0000

Code Cache  [0x00007f4335000000, 0x00007f4335270000, 0x00007f4338000000)
 total_blobs=697 nmethods=382 adapters=267 free_code_cache=47803Kb largest_free_block=48887296

Compilation events (10 events):
Event: 11.785 Thread 0x00007f43380fd000 nmethod 402 0x00007f43350e5310 code [0x00007f43350e5440, 0x00007f43350e54b8]
Event: 11.789 Thread 0x00007f43380fd000    8 %           java.util.concurrent.ConcurrentHashMap$HashIterator::advance @ 0 (96 bytes)
Event: 11.792 Thread 0x00007f43380fd000 nmethod 8% 0x00007f433507fd90 code [0x00007f433507fee0, 0x00007f43350800d8]
Event: 11.792 Thread 0x00007f43380fd000  403             java.util.concurrent.ConcurrentHashMap$HashIterator::advance (96 bytes)
Event: 11.794 Thread 0x00007f43380fd000 nmethod 403 0x00007f433507f950 code [0x00007f433507faa0, 0x00007f433507fc18]
Event: 11.802 Thread 0x00007f43380fd000  404             org.jboss.shrinkwrap.impl.base.path.PathUtil::isLastCharSlash (34 bytes)
Event: 11.803 Thread 0x00007f43380fd000 nmethod 404 0x00007f433507f610 code [0x00007f433507f760, 0x00007f433507f818]
Event: 11.806 Thread 0x00007f43380fd000  405             org.jboss.shrinkwrap.impl.base.path.PathUtil::isFirstCharSlash (29 bytes)
Event: 11.807 Thread 0x00007f43380fd000 nmethod 405 0x00007f4335146410 code [0x00007f4335146560, 0x00007f4335146618]
Event: 11.813 Thread 0x00007f4338100000 nmethod 401 0x00007f43350ee6d0 code [0x00007f43350ee9c0, 0x00007f43350f02d0]

GC Heap History (10 events):
Event: 0.501 GC heap before
{Heap before GC invocations=1 (full 0):
 PSYoungGen      total 37056K, used 31808K [0x00000007d6ab0000, 0x00000007d9400000, 0x0000000800000000)
  eden space 31808K, 100% used [0x00000007d6ab0000,0x00000007d89c0000,0x00000007d89c0000)
  from space 5248K, 0% used [0x00000007d8ee0000,0x00000007d8ee0000,0x00000007d9400000)
  to   space 5248K, 0% used [0x00000007d89c0000,0x00000007d89c0000,0x00000007d8ee0000)
 ParOldGen       total 84672K, used 0K [0x0000000784000000, 0x00000007892b0000, 0x00000007d6ab0000)
  object space 84672K, 0% used [0x0000000784000000,0x0000000784000000,0x00000007892b0000)
 PSPermGen       total 21248K, used 5600K [0x000000077ee00000, 0x00000007802c0000, 0x0000000784000000)
  object space 21248K, 26% used [0x000000077ee00000,0x000000077f378028,0x00000007802c0000)
Event: 0.508 GC heap after
Heap after GC invocations=1 (full 0):
 PSYoungGen      total 37056K, used 3591K [0x00000007d6ab0000, 0x00000007db310000, 0x0000000800000000)
  eden space 31808K, 0% used [0x00000007d6ab0000,0x00000007d6ab0000,0x00000007d89c0000)
  from space 5248K, 68% used [0x00000007d89c0000,0x00000007d8d41c08,0x00000007d8ee0000)
  to   space 5248K, 0% used [0x00000007dadf0000,0x00000007dadf0000,0x00000007db310000)
 ParOldGen       total 84672K, used 8K [0x0000000784000000, 0x00000007892b0000, 0x00000007d6ab0000)
  object space 84672K, 0% used [0x0000000784000000,0x0000000784002000,0x00000007892b0000)
 PSPermGen       total 21248K, used 5600K [0x000000077ee00000, 0x00000007802c0000, 0x0000000784000000)
  object space 21248K, 26% used [0x000000077ee00000,0x000000077f378028,0x00000007802c0000)
}
Event: 6.143 GC heap before
{Heap before GC invocations=2 (full 0):
 PSYoungGen      total 37056K, used 35399K [0x00000007d6ab0000, 0x00000007db310000, 0x0000000800000000)
  eden space 31808K, 100% used [0x00000007d6ab0000,0x00000007d89c0000,0x00000007d89c0000)
  from space 5248K, 68% used [0x00000007d89c0000,0x00000007d8d41c08,0x00000007d8ee0000)
  to   space 5248K, 0% used [0x00000007dadf0000,0x00000007dadf0000,0x00000007db310000)
 ParOldGen       total 84672K, used 8K [0x0000000784000000, 0x00000007892b0000, 0x00000007d6ab0000)
  object space 84672K, 0% used [0x0000000784000000,0x0000000784002000,0x00000007892b0000)
 PSPermGen       total 21248K, used 9919K [0x000000077ee00000, 0x00000007802c0000, 0x0000000784000000)
  object space 21248K, 46% used [0x000000077ee00000,0x000000077f7afeb0,0x00000007802c0000)
Event: 6.149 GC heap after
Heap after GC invocations=2 (full 0):
 PSYoungGen      total 36928K, used 5076K [0x00000007d6ab0000, 0x00000007db2f0000, 0x0000000800000000)
  eden space 31808K, 0% used [0x00000007d6ab0000,0x00000007d6ab0000,0x00000007d89c0000)
  from space 5120K, 99% used [0x00000007dadf0000,0x00000007db2e5390,0x00000007db2f0000)
  to   space 5248K, 0% used [0x00000007da8b0000,0x00000007da8b0000,0x00000007dadd0000)
 ParOldGen       total 84672K, used 16K [0x0000000784000000, 0x00000007892b0000, 0x00000007d6ab0000)
  object space 84672K, 0% used [0x0000000784000000,0x0000000784004000,0x00000007892b0000)
 PSPermGen       total 21248K, used 9919K [0x000000077ee00000, 0x00000007802c0000, 0x0000000784000000)
  object space 21248K, 46% used [0x000000077ee00000,0x000000077f7afeb0,0x00000007802c0000)
}
Event: 6.380 GC heap before
{Heap before GC invocations=3 (full 0):
 PSYoungGen      total 36928K, used 36884K [0x00000007d6ab0000, 0x00000007db2f0000, 0x0000000800000000)
  eden space 31808K, 100% used [0x00000007d6ab0000,0x00000007d89c0000,0x00000007d89c0000)
  from space 5120K, 99% used [0x00000007dadf0000,0x00000007db2e5390,0x00000007db2f0000)
  to   space 5248K, 0% used [0x00000007da8b0000,0x00000007da8b0000,0x00000007dadd0000)
 ParOldGen       total 84672K, used 16K [0x0000000784000000, 0x00000007892b0000, 0x00000007d6ab0000)
  object space 84672K, 0% used [0x0000000784000000,0x0000000784004000,0x00000007892b0000)
 PSPermGen       total 21248K, used 12598K [0x000000077ee00000, 0x00000007802c0000, 0x0000000784000000)
  object space 21248K, 59% used [0x000000077ee00000,0x000000077fa4d9b0,0x00000007802c0000)
Event: 6.387 GC heap after
Heap after GC invocations=3 (full 0):
 PSYoungGen      total 68736K, used 4916K [0x00000007d6ab0000, 0x00000007db310000, 0x0000000800000000)
  eden space 63488K, 0% used [0x00000007d6ab0000,0x00000007d6ab0000,0x00000007da8b0000)
  from space 5248K, 93% used [0x00000007da8b0000,0x00000007dad7d220,0x00000007dadd0000)
  to   space 5248K, 0% used [0x00000007dadf0000,0x00000007dadf0000,0x00000007db310000)
 ParOldGen       total 84672K, used 24K [0x0000000784000000, 0x00000007892b0000, 0x00000007d6ab0000)
  object space 84672K, 0% used [0x0000000784000000,0x0000000784006000,0x00000007892b0000)
 PSPermGen       total 21248K, used 12598K [0x000000077ee00000, 0x00000007802c0000, 0x0000000784000000)
  object space 21248K, 59% used [0x000000077ee00000,0x000000077fa4d9b0,0x00000007802c0000)
}
Event: 7.737 GC heap before
{Heap before GC invocations=4 (full 0):
 PSYoungGen      total 68736K, used 68404K [0x00000007d6ab0000, 0x00000007db310000, 0x0000000800000000)
  eden space 63488K, 100% used [0x00000007d6ab0000,0x00000007da8b0000,0x00000007da8b0000)
  from space 5248K, 93% used [0x00000007da8b0000,0x00000007dad7d220,0x00000007dadd0000)
  to   space 5248K, 0% used [0x00000007dadf0000,0x00000007dadf0000,0x00000007db310000)
 ParOldGen       total 84672K, used 24K [0x0000000784000000, 0x00000007892b0000, 0x00000007d6ab0000)
  object space 84672K, 0% used [0x0000000784000000,0x0000000784006000,0x00000007892b0000)
 PSPermGen       total 21248K, used 16257K [0x000000077ee00000, 0x00000007802c0000, 0x0000000784000000)
  object space 21248K, 76% used [0x000000077ee00000,0x000000077fde0418,0x00000007802c0000)
Event: 7.745 GC heap after
Heap after GC invocations=4 (full 0):
 PSYoungGen      total 68864K, used 5234K [0x00000007d6ab0000, 0x00000007df0f0000, 0x0000000800000000)
  eden space 63616K, 0% used [0x00000007d6ab0000,0x00000007d6ab0000,0x00000007da8d0000)
  from space 5248K, 99% used [0x00000007dadf0000,0x00000007db30ca98,0x00000007db310000)
  to   space 5248K, 0% used [0x00000007da8d0000,0x00000007da8d0000,0x00000007dadf0000)
 ParOldGen       total 84672K, used 1578K [0x0000000784000000, 0x00000007892b0000, 0x00000007d6ab0000)
  object space 84672K, 1% used [0x0000000784000000,0x000000078418a968,0x00000007892b0000)
 PSPermGen       total 21248K, used 16257K [0x000000077ee00000, 0x00000007802c0000, 0x0000000784000000)
  object space 21248K, 76% used [0x000000077ee00000,0x000000077fde0418,0x00000007802c0000)
}
Event: 11.678 GC heap before
{Heap before GC invocations=5 (full 0):
 PSYoungGen      total 68864K, used 68850K [0x00000007d6ab0000, 0x00000007df0f0000, 0x0000000800000000)
  eden space 63616K, 100% used [0x00000007d6ab0000,0x00000007da8d0000,0x00000007da8d0000)
  from space 5248K, 99% used [0x00000007dadf0000,0x00000007db30ca98,0x00000007db310000)
  to   space 5248K, 0% used [0x00000007da8d0000,0x00000007da8d0000,0x00000007dadf0000)
 ParOldGen       total 84672K, used 1578K [0x0000000784000000, 0x00000007892b0000, 0x00000007d6ab0000)
  object space 84672K, 1% used [0x0000000784000000,0x000000078418a968,0x00000007892b0000)
 PSPermGen       total 21248K, used 19043K [0x000000077ee00000, 0x00000007802c0000, 0x0000000784000000)
  object space 21248K, 89% used [0x000000077ee00000,0x0000000780098df8,0x00000007802c0000)
Event: 11.686 GC heap after
Heap after GC invocations=5 (full 0):
 PSYoungGen      total 68864K, used 5223K [0x00000007d6ab0000, 0x00000007df710000, 0x0000000800000000)
  eden space 63616K, 0% used [0x00000007d6ab0000,0x00000007d6ab0000,0x00000007da8d0000)
  from space 5248K, 99% used [0x00000007da8d0000,0x00000007dade9d98,0x00000007dadf0000)
  to   space 8256K, 0% used [0x00000007def00000,0x00000007def00000,0x00000007df710000)
 ParOldGen       total 84672K, used 3528K [0x0000000784000000, 0x00000007892b0000, 0x00000007d6ab0000)
  object space 84672K, 4% used [0x0000000784000000,0x00000007843721b0,0x00000007892b0000)
 PSPermGen       total 21248K, used 19043K [0x000000077ee00000, 0x00000007802c0000, 0x0000000784000000)
  object space 21248K, 89% used [0x000000077ee00000,0x0000000780098df8,0x00000007802c0000)
}

Deoptimization events (10 events):
Event: 10.887 Thread 0x00007f4338012800 Uncommon trap -83 fr.pc 0x00007f43350b1a1c
Event: 11.758 Thread 0x00007f4338012800 Uncommon trap -34 fr.pc 0x00007f43350fa2ec
Event: 11.758 Thread 0x00007f4338012800 Uncommon trap -34 fr.pc 0x00007f43350fa2ec
Event: 11.758 Thread 0x00007f4338012800 Uncommon trap -34 fr.pc 0x00007f43350fa2ec
Event: 11.758 Thread 0x00007f4338012800 Uncommon trap -34 fr.pc 0x00007f43350fa2ec
Event: 11.762 Thread 0x00007f4338012800 Uncommon trap -58 fr.pc 0x00007f43350f7e98
Event: 11.780 Thread 0x00007f4338012800 Uncommon trap -58 fr.pc 0x00007f43350f7e98
Event: 11.781 Thread 0x00007f4338012800 Uncommon trap -83 fr.pc 0x00007f43350756cc
Event: 11.797 Thread 0x00007f4338012800 Uncommon trap -58 fr.pc 0x00007f43350f7e98
Event: 11.798 Thread 0x00007f4338012800 Uncommon trap -58 fr.pc 0x00007f43350f7e98

Internal exceptions (10 events):
Event: 11.781 Thread 0x00007f4338012800 Threw 0x00000007d7ad2cd0 at /HUDSON/workspace/jdk7u9-2-build-linux-amd64-product/jdk7u9/hotspot/src/share/vm/prims/jvm.cpp:1166
Event: 11.808 Thread 0x00007f4338012800 Threw 0x00000007d7c2a588 at /HUDSON/workspace/jdk7u9-2-build-linux-amd64-product/jdk7u9/hotspot/src/share/vm/prims/jvm.cpp:1166
Event: 11.809 Thread 0x00007f4338012800 Threw 0x00000007d7c447f0 at /HUDSON/workspace/jdk7u9-2-build-linux-amd64-product/jdk7u9/hotspot/src/share/vm/prims/jvm.cpp:1166
Event: 11.809 Thread 0x00007f4338012800 Threw 0x00000007d7c61078 at /HUDSON/workspace/jdk7u9-2-build-linux-amd64-product/jdk7u9/hotspot/src/share/vm/prims/jvm.cpp:1166
Event: 11.809 Thread 0x00007f4338012800 Threw 0x00000007d7c7b490 at /HUDSON/workspace/jdk7u9-2-build-linux-amd64-product/jdk7u9/hotspot/src/share/vm/prims/jvm.cpp:1166
Event: 11.810 Thread 0x00007f4338012800 Threw 0x00000007d7ca3138 at /HUDSON/workspace/jdk7u9-2-build-linux-amd64-product/jdk7u9/hotspot/src/share/vm/prims/jvm.cpp:1166
Event: 11.810 Thread 0x00007f4338012800 Threw 0x00000007d7caa940 at /HUDSON/workspace/jdk7u9-2-build-linux-amd64-product/jdk7u9/hotspot/src/share/vm/prims/jvm.cpp:1166
Event: 11.814 Thread 0x00007f4338012800 Threw 0x00000007d7d40620 at /HUDSON/workspace/jdk7u9-2-build-linux-amd64-product/jdk7u9/hotspot/src/share/vm/prims/jvm.cpp:1166
Event: 11.814 Thread 0x00007f4338012800 Threw 0x00000007d7d58f90 at /HUDSON/workspace/jdk7u9-2-build-linux-amd64-product/jdk7u9/hotspot/src/share/vm/prims/jvm.cpp:1166
Event: 11.815 Thread 0x00007f4338012800 Threw 0x00000007d7d76910 at /HUDSON/workspace/jdk7u9-2-build-linux-amd64-product/jdk7u9/hotspot/src/share/vm/prims/jvm.cpp:1166

Events (10 events):
Event: 11.810 loading class 0x00007f43381e7ef0
Event: 11.810 loading class 0x00007f43381e7ef0 done
Event: 11.810 loading class 0x00007f4338af3190
Event: 11.810 loading class 0x00007f4338af3190 done
Event: 11.814 loading class 0x00007f4338af3480
Event: 11.814 loading class 0x00007f4338af3480 done
Event: 11.814 loading class 0x00007f4338669660
Event: 11.814 loading class 0x00007f4338669660 done
Event: 11.815 loading class 0x00007f4338ac7d30
Event: 11.815 loading class 0x00007f4338ac7d30 done


Dynamic libraries:
00400000-00401000 r-xp 00000000 08:05 18105054                           /usr/lib/jvm/java-7-oracle/bin/java
00600000-00601000 rw-p 00000000 08:05 18105054                           /usr/lib/jvm/java-7-oracle/bin/java
0101f000-01040000 rw-p 00000000 00:00 0                                  [heap]
77ee00000-7802c0000 rw-p 00000000 00:00 0 
7802c0000-784000000 rw-p 00000000 00:00 0 
784000000-7892b0000 rw-p 00000000 00:00 0 
7892b0000-7d6ab0000 rw-p 00000000 00:00 0 
7d6ab0000-7df710000 rw-p 00000000 00:00 0 
7df710000-800000000 rw-p 00000000 00:00 0 
7f4294000000-7f42940d6000 rw-p 00000000 00:00 0 
7f42940d6000-7f4298000000 ---p 00000000 00:00 0 
7f429c000000-7f429c021000 rw-p 00000000 00:00 0 
7f429c021000-7f42a0000000 ---p 00000000 00:00 0 
7f42a0000000-7f42a0021000 rw-p 00000000 00:00 0 
7f42a0021000-7f42a4000000 ---p 00000000 00:00 0 
7f42a4000000-7f42a4021000 rw-p 00000000 00:00 0 
7f42a4021000-7f42a8000000 ---p 00000000 00:00 0 
7f42a8000000-7f42a8021000 rw-p 00000000 00:00 0 
7f42a8021000-7f42ac000000 ---p 00000000 00:00 0 
7f42ac000000-7f42ac021000 rw-p 00000000 00:00 0 
7f42ac021000-7f42b0000000 ---p 00000000 00:00 0 
7f42b0000000-7f42b0026000 rw-p 00000000 00:00 0 
7f42b0026000-7f42b4000000 ---p 00000000 00:00 0 
7f42b4000000-7f42b4021000 rw-p 00000000 00:00 0 
7f42b4021000-7f42b8000000 ---p 00000000 00:00 0 
7f42b8000000-7f42b8021000 rw-p 00000000 00:00 0 
7f42b8021000-7f42bc000000 ---p 00000000 00:00 0 
7f42bc000000-7f42bc021000 rw-p 00000000 00:00 0 
7f42bc021000-7f42c0000000 ---p 00000000 00:00 0 
7f42c0000000-7f42c0021000 rw-p 00000000 00:00 0 
7f42c0021000-7f42c4000000 ---p 00000000 00:00 0 
7f42c4000000-7f42c4021000 rw-p 00000000 00:00 0 
7f42c4021000-7f42c8000000 ---p 00000000 00:00 0 
7f42c8000000-7f42c8021000 rw-p 00000000 00:00 0 
7f42c8021000-7f42cc000000 ---p 00000000 00:00 0 
7f42cc000000-7f42cc021000 rw-p 00000000 00:00 0 
7f42cc021000-7f42d0000000 ---p 00000000 00:00 0 
7f42d0000000-7f42d0021000 rw-p 00000000 00:00 0 
7f42d0021000-7f42d4000000 ---p 00000000 00:00 0 
7f42d4000000-7f42d4989000 rw-p 00000000 00:00 0 
7f42d4989000-7f42d8000000 ---p 00000000 00:00 0 
7f42d8000000-7f42d8021000 rw-p 00000000 00:00 0 
7f42d8021000-7f42dc000000 ---p 00000000 00:00 0 
7f42dc000000-7f42dc021000 rw-p 00000000 00:00 0 
7f42dc021000-7f42e0000000 ---p 00000000 00:00 0 
7f42e0000000-7f42e0cb3000 rw-p 00000000 00:00 0 
7f42e0cb3000-7f42e4000000 ---p 00000000 00:00 0 
7f42e4000000-7f42e4021000 rw-p 00000000 00:00 0 
7f42e4021000-7f42e8000000 ---p 00000000 00:00 0 
7f42e8000000-7f42e8021000 rw-p 00000000 00:00 0 
7f42e8021000-7f42ec000000 ---p 00000000 00:00 0 
7f42ec000000-7f42ec021000 rw-p 00000000 00:00 0 
7f42ec021000-7f42f0000000 ---p 00000000 00:00 0 
7f42f3f70000-7f42f8000000 rw-p 00000000 00:00 0 
7f42f8000000-7f42f8021000 rw-p 00000000 00:00 0 
7f42f8021000-7f42fc000000 ---p 00000000 00:00 0 
7f4300000000-7f4300021000 rw-p 00000000 00:00 0 
7f4300021000-7f4304000000 ---p 00000000 00:00 0 
7f4308000000-7f4308021000 rw-p 00000000 00:00 0 
7f4308021000-7f430c000000 ---p 00000000 00:00 0 
7f4310000000-7f4310021000 rw-p 00000000 00:00 0 
7f4310021000-7f4314000000 ---p 00000000 00:00 0 
7f4318000000-7f4318021000 rw-p 00000000 00:00 0 
7f4318021000-7f431c000000 ---p 00000000 00:00 0 
7f4320000000-7f4320021000 rw-p 00000000 00:00 0 
7f4320021000-7f4324000000 ---p 00000000 00:00 0 
7f4328000000-7f4328021000 rw-p 00000000 00:00 0 
7f4328021000-7f432c000000 ---p 00000000 00:00 0 
7f432c0d4000-7f432c0e9000 r-xp 00000000 08:05 1491957                    /lib/x86_64-linux-gnu/libgcc_s.so.1
7f432c0e9000-7f432c2e8000 ---p 00015000 08:05 1491957                    /lib/x86_64-linux-gnu/libgcc_s.so.1
7f432c2e8000-7f432c2e9000 r--p 00014000 08:05 1491957                    /lib/x86_64-linux-gnu/libgcc_s.so.1
7f432c2e9000-7f432c2ea000 rw-p 00015000 08:05 1491957                    /lib/x86_64-linux-gnu/libgcc_s.so.1
7f432c307000-7f432c339000 r-xp 00000000 08:05 18096197                   /usr/lib/jvm/java-7-oracle/jre/lib/amd64/libsunec.so
7f432c339000-7f432c538000 ---p 00032000 08:05 18096197                   /usr/lib/jvm/java-7-oracle/jre/lib/amd64/libsunec.so
7f432c538000-7f432c53e000 rw-p 00031000 08:05 18096197                   /usr/lib/jvm/java-7-oracle/jre/lib/amd64/libsunec.so
7f432c53e000-7f432c54e000 rw-p 00000000 00:00 0 
7f432c54e000-7f432c551000 ---p 00000000 00:00 0 
7f432c551000-7f432c64f000 rw-p 00000000 00:00 0 
7f432c64f000-7f432c652000 ---p 00000000 00:00 0 
7f432c652000-7f432c750000 rw-p 00000000 00:00 0 
7f432c750000-7f432c753000 ---p 00000000 00:00 0 
7f432c753000-7f432c851000 rw-p 00000000 00:00 0 
7f432c851000-7f432c854000 ---p 00000000 00:00 0 
7f432c854000-7f432c952000 rw-p 00000000 00:00 0 
7f432c952000-7f432c955000 ---p 00000000 00:00 0 
7f432c955000-7f432ca53000 rw-p 00000000 00:00 0 
7f432ca53000-7f432ca56000 ---p 00000000 00:00 0 
7f432ca56000-7f432cb54000 rw-p 00000000 00:00 0 
7f432cb54000-7f432cb57000 ---p 00000000 00:00 0 
7f432cb57000-7f432cc55000 rw-p 00000000 00:00 0 
7f432cc55000-7f432cc58000 ---p 00000000 00:00 0 
7f432cc58000-7f432cc7d000 rw-p 00000000 00:00 0 
7f432cc7d000-7f432cc80000 ---p 00000000 00:00 0 
7f432cc80000-7f432cd7e000 rw-p 00000000 00:00 0 
7f432cd7e000-7f432cd81000 ---p 00000000 00:00 0 
7f432cd81000-7f432ce7f000 rw-p 00000000 00:00 0 
7f432ce7f000-7f432ce82000 ---p 00000000 00:00 0 
7f432ce82000-7f432cf80000 rw-p 00000000 00:00 0 
7f432cf80000-7f432cf83000 ---p 00000000 00:00 0 
7f432cf83000-7f432d081000 rw-p 00000000 00:00 0 
7f432d081000-7f432d084000 ---p 00000000 00:00 0 
7f432d084000-7f432d182000 rw-p 00000000 00:00 0 
7f432d182000-7f432d192000 r-xp 00000000 08:05 18096178                   /usr/lib/jvm/java-7-oracle/jre/lib/amd64/libnio.so
7f432d192000-7f432d392000 ---p 00010000 08:05 18096178                   /usr/lib/jvm/java-7-oracle/jre/lib/amd64/libnio.so
7f432d392000-7f432d393000 rw-p 00010000 08:05 18096178                   /usr/lib/jvm/java-7-oracle/jre/lib/amd64/libnio.so
7f432d393000-7f432d395000 r-xp 00000000 08:05 1490996                    /lib/libnss_mdns4.so.2
7f432d395000-7f432d594000 ---p 00002000 08:05 1490996                    /lib/libnss_mdns4.so.2
7f432d594000-7f432d595000 r--p 00001000 08:05 1490996                    /lib/libnss_mdns4.so.2
7f432d595000-7f432d596000 rw-p 00002000 08:05 1490996                    /lib/libnss_mdns4.so.2
7f432d596000-7f432d5ae000 r-xp 00000000 08:05 1491863                    /lib/x86_64-linux-gnu/libresolv-2.15.so
7f432d5ae000-7f432d7ae000 ---p 00018000 08:05 1491863                    /lib/x86_64-linux-gnu/libresolv-2.15.so
7f432d7ae000-7f432d7af000 r--p 00018000 08:05 1491863                    /lib/x86_64-linux-gnu/libresolv-2.15.so
7f432d7af000-7f432d7b0000 rw-p 00019000 08:05 1491863                    /lib/x86_64-linux-gnu/libresolv-2.15.so
7f432d7b0000-7f432d7b2000 rw-p 00000000 00:00 0 
7f432d7b2000-7f432d7b9000 r-xp 00000000 08:05 1492190                    /lib/x86_64-linux-gnu/libnss_dns-2.15.so
7f432d7b9000-7f432d9b8000 ---p 00007000 08:05 1492190                    /lib/x86_64-linux-gnu/libnss_dns-2.15.so
7f432d9b8000-7f432d9b9000 r--p 00006000 08:05 1492190                    /lib/x86_64-linux-gnu/libnss_dns-2.15.so
7f432d9b9000-7f432d9ba000 rw-p 00007000 08:05 1492190                    /lib/x86_64-linux-gnu/libnss_dns-2.15.so
7f432d9ba000-7f432d9bc000 r-xp 00000000 08:05 1491046                    /lib/libnss_mdns4_minimal.so.2
7f432d9bc000-7f432dbbb000 ---p 00002000 08:05 1491046                    /lib/libnss_mdns4_minimal.so.2
7f432dbbb000-7f432dbbc000 r--p 00001000 08:05 1491046                    /lib/libnss_mdns4_minimal.so.2
7f432dbbc000-7f432dbbd000 rw-p 00002000 08:05 1491046                    /lib/libnss_mdns4_minimal.so.2
7f432dbc8000-7f432dbc9000 rw-p 00000000 00:00 0 
7f432dbc9000-7f432dbcd000 r--s 0002d000 08:05 18104438                   /usr/lib/jvm/java-7-oracle/jre/lib/ext/sunjce_provider.jar
7f432dbcd000-7f432dbce000 r--s 00003000 08:05 18104441                   /usr/lib/jvm/java-7-oracle/jre/lib/ext/sunec.jar
7f432dbce000-7f432dbd2000 r--s 00037000 08:05 18104437                   /usr/lib/jvm/java-7-oracle/jre/lib/ext/sunpkcs11.jar
7f432dbd2000-7f432dbd5000 r--s 00018000 08:05 18088243                   /usr/lib/jvm/java-7-oracle/jre/lib/jce.jar
7f432dbd5000-7f432dbd6000 r--p 00000000 00:00 0 
7f432dbd6000-7f432dbda000 r--s 00089000 08:05 18088241                   /usr/lib/jvm/java-7-oracle/jre/lib/jsse.jar
7f432dbda000-7f432dbdd000 ---p 00000000 00:00 0 
7f432dbdd000-7f432dd0c000 rw-p 00000000 00:00 0 
7f432dd0c000-7f432dd21000 r-xp 00000000 08:05 18096213                   /usr/lib/jvm/java-7-oracle/jre/lib/amd64/libnet.so
7f432dd21000-7f432df21000 ---p 00015000 08:05 18096213                   /usr/lib/jvm/java-7-oracle/jre/lib/amd64/libnet.so
7f432df21000-7f432df22000 rw-p 00015000 08:05 18096213                   /usr/lib/jvm/java-7-oracle/jre/lib/amd64/libnet.so
7f432df22000-7f432df23000 r--s 00000000 08:05 16508517                   /home/fife/.m2/repository/org/jboss/as/jboss-as-build-config/7.1.1.Final/jboss-as-build-config-7.1.1.Final.jar
7f432df23000-7f432df25000 r--s 00001000 08:05 16507374                   /home/fife/.m2/repository/org/jboss/arquillian/core/arquillian-core-api/1.0.0.Final/arquillian-core-api-1.0.0.Final.jar
7f432df25000-7f432df2b000 r--s 00032000 08:05 16508607                   /home/fife/.m2/repository/org/jboss/marshalling/jboss-marshalling/1.3.11.GA/jboss-marshalling-1.3.11.GA.jar
7f432df2b000-7f432df2e000 r--s 00012000 08:05 16508448                   /home/fife/.m2/repository/org/jboss/marshalling/jboss-marshalling-river/1.3.11.GA/jboss-marshalling-river-1.3.11.GA.jar
7f432df2e000-7f432df30000 r--s 00003000 08:05 16508506                   /home/fife/.m2/repository/org/jboss/arquillian/protocol/arquillian-protocol-jmx/1.0.0.Final/arquillian-protocol-jmx-1.0.0.Final.jar
7f432df30000-7f432df3a000 r--s 0004d000 08:05 16508590                   /home/fife/.m2/repository/org/osgi/org.osgi.enterprise/4.2.0/org.osgi.enterprise-4.2.0.jar
7f432df3a000-7f432df3c000 r--s 0000b000 08:05 16508504                   /home/fife/.m2/repository/org/apache/felix/org.apache.felix.resolver/0.1.0.Beta1/org.apache.felix.resolver-0.1.0.Beta1.jar
7f432df3c000-7f432df3e000 r--s 0000a000 08:05 16508500                   /home/fife/.m2/repository/org/jboss/osgi/resolver/jbosgi-resolver-api-v2/2.0.0.Beta2/jbosgi-resolver-api-v2-2.0.0.Beta2.jar
7f432df3e000-7f432df41000 r--s 0000e000 08:05 16508498                   /home/fife/.m2/repository/org/jboss/osgi/repository/jbosgi-repository-api/1.0.5/jbosgi-repository-api-1.0.5.jar
7f432df41000-7f432df42000 r--s 00002000 08:05 16508499                   /home/fife/.m2/repository/org/jboss/osgi/repository/jbosgi-repository-core/1.0.5/jbosgi-repository-core-1.0.5.jar
7f432df42000-7f432df50000 r--s 00088000 08:05 16508589                   /home/fife/.m2/repository/org/osgi/org.osgi.compendium/4.2.0/org.osgi.compendium-4.2.0.jar
7f432df50000-7f432df51000 r--s 00003000 08:05 16508494                   /home/fife/.m2/repository/org/jboss/osgi/vfs/jbosgi-vfs30/1.0.7.Final/jbosgi-vfs30-1.0.7.Final.jar
7f432df51000-7f432df53000 r--s 00007000 08:05 16508495                   /home/fife/.m2/repository/org/jboss/osgi/resolver/jbosgi-resolver-spi/1.0.13.Final/jbosgi-resolver-spi-1.0.13.Final.jar
7f432df53000-7f432df55000 r--s 0000a000 08:05 16508493                   /home/fife/.m2/repository/org/jboss/osgi/metadata/jbosgi-metadata/2.0.3.Final/jbosgi-metadata-2.0.3.Final.jar
7f432df55000-7f432df57000 r--s 00002000 08:05 16508489                   /home/fife/.m2/repository/org/jboss/osgi/resolver/jbosgi-resolver-api/1.0.13.Final/jbosgi-resolver-api-1.0.13.Final.jar
7f432df57000-7f432df5a000 r--s 0001b000 08:05 16508487                   /home/fife/.m2/repository/org/jboss/osgi/resolver/jbosgi-resolver-felix/1.0.13.Final/jbosgi-resolver-felix-1.0.13.Final.jar
7f432df5a000-7f432df5c000 r--s 00004000 08:05 16508484                   /home/fife/.m2/repository/org/jboss/osgi/deployment/jbosgi-deployment/1.0.12.Final/jbosgi-deployment-1.0.12.Final.jar
7f432df5c000-7f432df62000 r--s 0004d000 08:05 16508482                   /home/fife/.m2/repository/org/jboss/osgi/framework/jbosgi-framework-core/1.1.8.Final/jbosgi-framework-core-1.1.8.Final.jar
7f432df62000-7f432df67000 r--s 0003d000 08:05 16508480                   /home/fife/.m2/repository/org/jboss/modules/jboss-modules/1.1.1.GA/jboss-modules-1.1.1.GA.jar
7f432df67000-7f432df6d000 r--s 00034000 08:05 16508479                   /home/fife/.m2/repository/org/jboss/jboss-ejb-client/1.0.0.Final/jboss-ejb-client-1.0.0.Final.jar
7f432df6d000-7f432df71000 r--s 0001f000 08:05 16508478                   /home/fife/.m2/repository/org/jboss/jboss-remote-naming/1.0.2.Final/jboss-remote-naming-1.0.2.Final.jar
7f432df71000-7f432df76000 r--s 00029000 08:05 16508474                   /home/fife/.m2/repository/org/jboss/as/jboss-as-naming/7.1.1.Final/jboss-as-naming-7.1.1.Final.jar
7f432df76000-7f432df77000 r--s 00002000 08:05 16426075                   /home/fife/.m2/repository/org/jboss/spec/javax/transaction/jboss-transaction-api_1.1_spec/1.0.0.Final/jboss-transaction-api_1.1_spec-1.0.0.Final.jar
7f432df77000-7f432df7a000 r--s 0000e000 08:05 16508472                   /home/fife/.m2/repository/org/jboss/metadata/jboss-metadata-ear/7.0.1.Final/jboss-metadata-ear-7.0.1.Final.jar
7f432df7a000-7f432df83000 r--s 00057000 08:05 16508470                   /home/fife/.m2/repository/org/jboss/metadata/jboss-metadata-common/7.0.1.Final/jboss-metadata-common-7.0.1.Final.jar
7f432df83000-7f432df84000 r--s 00001000 08:05 16508468                   /home/fife/.m2/repository/org/jboss/interceptor/jboss-interceptor-spi/2.0.0.Final/jboss-interceptor-spi-2.0.0.Final.jar
7f432df84000-7f432df8d000 r--s 00051000 08:05 16508467                   /home/fife/.m2/repository/org/hibernate/hibernate-validator/4.2.0.Final/hibernate-validator-4.2.0.Final.jar
7f432df8d000-7f432df90000 r--s 00009000 08:05 16426092                   /home/fife/.m2/repository/javax/validation/validation-api/1.0.0.GA/validation-api-1.0.0.GA.jar
7f432df90000-7f432df98000 r--s 00056000 08:05 16508466                   /home/fife/.m2/repository/org/jboss/as/jboss-as-ee/7.1.1.Final/jboss-as-ee-7.1.1.Final.jar
7f432df98000-7f432df9c000 r--s 00026000 08:05 16508465                   /home/fife/.m2/repository/org/jboss/as/jboss-as-osgi-service/7.1.1.Final/jboss-as-osgi-service-7.1.1.Final.jar
7f432df9c000-7f432df9f000 r--s 00009000 08:05 16508464                   /home/fife/.m2/repository/org/jboss/as/jboss-as-arquillian-protocol-jmx/7.1.1.Final/jboss-as-arquillian-protocol-jmx-7.1.1.Final.jar
7f432df9f000-7f432dfa4000 r--s 00038000 08:05 16508584                   /home/fife/.m2/repository/org/osgi/org.osgi.core/4.2.0/org.osgi.core-4.2.0.jar
7f432dfa4000-7f432dfa6000 r--s 00014000 08:05 16508518                   /home/fife/.m2/repository/org/jboss/sasl/jboss-sasl/1.0.0.Final/jboss-sasl-1.0.0.Final.jar
7f432dfa6000-7f432dfab000 r--s 00036000 08:05 16508608                   /home/fife/.m2/repository/org/jboss/xnio/xnio-api/3.0.3.GA/xnio-api-3.0.3.GA.jar
7f432dfab000-7f432dfb1000 r--s 00033000 08:05 16508623                   /home/fife/.m2/repository/org/jboss/remoting3/jboss-remoting/3.2.2.GA/jboss-remoting-3.2.2.GA.jar
7f432dfb1000-7f432dfb6000 r--s 00029000 08:05 16426126                   /home/fife/.m2/repository/org/jboss/logmanager/jboss-logmanager/1.2.2.GA/jboss-logmanager-1.2.2.GA.jar
7f432dfb6000-7f432dfbb000 r--s 00021000 08:05 16508512                   /home/fife/.m2/repository/org/jboss/remotingjmx/remoting-jmx/1.0.2.Final/remoting-jmx-1.0.2.Final.jar
7f432dfbb000-7f432dfbd000 r--s 00005000 08:05 16508581                   /home/fife/.m2/repository/org/apache/maven/wagon/wagon-http-shared/1.0-beta-7/wagon-http-shared-1.0-beta-7.jar
7f432dfbd000-7f432dfbe000 r--s 00003000 08:05 16508583                   /home/fife/.m2/repository/org/apache/maven/wagon/wagon-http-lightweight/1.0-beta-7/wagon-http-lightweight-1.0-beta-7.jar
7f432dfbe000-7f432dfbf000 r--s 00002000 08:05 16508580                   /home/fife/.m2/repository/org/apache/maven/wagon/wagon-file/1.0-beta-7/wagon-file-1.0-beta-7.jar
7f432dfbf000-7f432dfc1000 r--s 0000b000 08:05 16426203                   /home/fife/.m2/repository/org/apache/maven/wagon/wagon-provider-api/1.0-beta-7/wagon-provider-api-1.0-beta-7.jar
7f432dfc1000-7f432dfc3000 r--s 00002000 08:05 16426172                   /home/fife/.m2/repository/org/sonatype/plexus/plexus-cipher/1.4/plexus-cipher-1.4.jar
7f432dfc3000-7f432dfc4000 r--s 00006000 08:05 16426171                   /home/fife/.m2/repository/org/sonatype/plexus/plexus-sec-dispatcher/1.3/plexus-sec-dispatcher-1.3.jar
7f432dfc4000-7f432dfc6000 r--s 0000a000 08:05 16508577                   /home/fife/.m2/repository/org/apache/maven/maven-settings/3.0.1/maven-settings-3.0.1.jar
7f432dfc6000-7f432dfc8000 r--s 0000d000 08:05 16426162                   /home/fife/.m2/repository/org/codehaus/plexus/plexus-interpolation/1.14/plexus-interpolation-1.14.jar
7f432dfc8000-7f432dfcb000 r--s 00008000 08:05 16508576                   /home/fife/.m2/repository/org/apache/maven/maven-settings-builder/3.0.1/maven-settings-builder-3.0.1.jar
7f432dfcb000-7f432dfcf000 r--s 00033000 08:05 16508575                   /home/fife/.m2/repository/org/codehaus/plexus/plexus-utils/2.0.4/plexus-utils-2.0.4.jar
7f432dfcf000-7f432dfd1000 r--s 00000000 08:05 16426168                   /home/fife/.m2/repository/org/codehaus/plexus/plexus-component-annotations/1.5.5/plexus-component-annotations-1.5.5.jar
7f432dfd1000-7f432dfd4000 r--s 00018000 08:05 16508572                   /home/fife/.m2/repository/org/sonatype/aether/aether-impl/1.8/aether-impl-1.8.jar
7f432dfd4000-7f432dfd6000 r--s 00006000 08:05 16508569                   /home/fife/.m2/repository/org/apache/maven/maven-repository-metadata/3.0.1/maven-repository-metadata-3.0.1.jar
7f432dfd6000-7f432dfdb000 r--s 00020000 08:05 16508567                   /home/fife/.m2/repository/org/apache/maven/maven-model-builder/3.0.1/maven-model-builder-3.0.1.jar
7f432dfdb000-7f432dfde000 r--s 00026000 08:05 16508565                   /home/fife/.m2/repository/org/apache/maven/maven-model/3.0.1/maven-model-3.0.1.jar
7f432dfde000-7f432dfe0000 r--s 0000b000 08:05 16508563                   /home/fife/.m2/repository/org/apache/maven/maven-aether-provider/3.0.1/maven-aether-provider-3.0.1.jar
7f432dfe0000-7f432dfee000 r--s 0008f000 08:05 16508561                   /home/fife/.m2/repository/com/google/collections/google-collections/1.0/google-collections-1.0.jar
7f432dfee000-7f432dff5000 r--s 00051000 08:05 16508560                   /home/fife/.m2/repository/log4j/log4j/1.2.12/log4j-1.2.12.jar
7f432dff5000-7f432dff9000 r--s 0001d000 08:05 16508558                   /home/fife/.m2/repository/org/apache/xbean/xbean-reflect/3.4/xbean-reflect-3.4.jar
7f432dff9000-7f432dffb000 r--s 0000a000 08:05 16508556                   /home/fife/.m2/repository/org/codehaus/plexus/plexus-classworlds/2.2.2/plexus-classworlds-2.2.2.jar
7f432dffb000-7f432e002000 r--s 0002e000 08:05 16508551                   /home/fife/.m2/repository/org/codehaus/plexus/plexus-container-default/1.5.5/plexus-container-default-1.5.5.jar
7f432e002000-7f432e004000 r--s 00002000 08:05 16508550                   /home/fife/.m2/repository/org/sonatype/aether/aether-spi/1.8/aether-spi-1.8.jar
7f432e004000-7f432e005000 r--s 00006000 08:05 16508552                   /home/fife/.m2/repository/org/sonatype/aether/aether-connector-wagon/1.8/aether-connector-wagon-1.8.jar
7f432e005000-7f432e008000 r--s 00019000 08:05 16508548                   /home/fife/.m2/repository/org/sonatype/aether/aether-util/1.8/aether-util-1.8.jar
7f432e008000-7f432e00b000 r--s 00010000 08:05 16508549                   /home/fife/.m2/repository/org/sonatype/aether/aether-api/1.8/aether-api-1.8.jar
7f432e00b000-7f432e00d000 r--s 00002000 08:05 16508459                   /home/fife/.m2/repository/org/jboss/shrinkwrap/resolver/shrinkwrap-resolver-api-maven/1.0.0-beta-6/shrinkwrap-resolver-api-maven-1.0.0-beta-6.jar
7f432e00d000-7f432e00e000 r--s 00002000 08:05 16508458                   /home/fife/.m2/repository/org/jboss/shrinkwrap/resolver/shrinkwrap-resolver-api/1.0.0-beta-6/shrinkwrap-resolver-api-1.0.0-beta-6.jar
7f432e00e000-7f432e010000 r--s 00009000 08:05 16508457                   /home/fife/.m2/repository/org/jboss/shrinkwrap/resolver/shrinkwrap-resolver-impl-maven/1.0.0-beta-6/shrinkwrap-resolver-impl-maven-1.0.0-beta-6.jar
7f432e010000-7f432e012000 r--s 00009000 08:05 16508449                   /home/fife/.m2/repository/org/jboss/osgi/spi/jbosgi-spi/3.0.1.Final/jbosgi-spi-3.0.1.Final.jar
7f432e012000-7f432e015000 r--s 00018000 08:05 16508446                   /home/fife/.m2/repository/org/jboss/jboss-vfs/3.1.0.Final/jboss-vfs-3.1.0.Final.jar
7f432e015000-7f432e017000 r--s 00003000 08:05 16508444                   /home/fife/.m2/repository/org/jboss/stdio/jboss-stdio/1.0.1.GA/jboss-stdio-1.0.1.GA.jar
7f432e017000-7f432e019000 r--s 00003000 08:05 16508454                   /home/fife/.m2/repository/org/jboss/logmanager/jboss-logmanager-log4j/1.0.0.GA/jboss-logmanager-log4j-1.0.0.GA.jar
7f432e019000-7f432e01c000 r--s 0000e000 08:05 16508440                   /home/fife/.m2/repository/org/jboss/invocation/jboss-invocation/1.1.1.Final/jboss-invocation-1.1.1.Final.jar
7f432e01c000-7f432e01e000 r--s 00010000 08:05 16508438                   /home/fife/.m2/repository/org/jboss/jandex/1.0.3.Final/jandex-1.0.3.Final.jar
7f432e01e000-7f432e021000 r--s 0001b000 08:05 16508436                   /home/fife/.m2/repository/org/jboss/as/jboss-as-threads/7.1.1.Final/jboss-as-threads-7.1.1.Final.jar
7f432e021000-7f432e023000 r--s 00008000 08:05 16508434                   /home/fife/.m2/repository/org/jboss/as/jboss-as-network/7.1.1.Final/jboss-as-network-7.1.1.Final.jar
7f432e023000-7f432e026000 r--s 00021000 08:05 16508432                   /home/fife/.m2/repository/org/jboss/as/jboss-as-remoting/7.1.1.Final/jboss-as-remoting-7.1.1.Final.jar
7f432e026000-7f432e090000 r--s 00e18000 08:05 16670832                   /home/fife/workspace/KeywordApp/target/jdk-tools-jdk.jar
7f432e090000-7f432e094000 r--s 0001f000 08:05 16508431                   /home/fife/.m2/repository/org/jboss/as/jboss-as-process-controller/7.1.1.Final/jboss-as-process-controller-7.1.1.Final.jar
7f432e094000-7f432e097000 r--s 0001b000 08:05 16508429                   /home/fife/.m2/repository/org/jboss/as/jboss-as-platform-mbean/7.1.1.Final/jboss-as-platform-mbean-7.1.1.Final.jar
7f432e097000-7f432e099000 r--s 00008000 08:05 16508426                   /home/fife/.m2/repository/org/jboss/as/jboss-as-embedded/7.1.1.Final/jboss-as-embedded-7.1.1.Final.jar
7f432e099000-7f432e09b000 r--s 00005000 08:05 16508425                   /home/fife/.m2/repository/org/jboss/as/jboss-as-deployment-repository/7.1.1.Final/jboss-as-deployment-repository-7.1.1.Final.jar
7f432e09b000-7f432e09e000 r--s 00017000 08:05 16508422                   /home/fife/.m2/repository/org/jboss/com/sun/httpserver/httpserver/1.0.0.Final/httpserver-1.0.0.Final.jar
7f432e09e000-7f432e0a2000 r--s 00021000 08:05 16508420                   /home/fife/.m2/repository/org/jboss/as/jboss-as-domain-management/7.1.1.Final/jboss-as-domain-management-7.1.1.Final.jar
7f432e0a2000-7f432e0b2000 r--s 000ae000 08:05 16508414                   /home/fife/.m2/repository/org/jboss/as/jboss-as-controller/7.1.1.Final/jboss-as-controller-7.1.1.Final.jar
7f432e0b2000-7f432e0bd000 r--s 00085000 08:05 16508412                   /home/fife/.m2/repository/org/jboss/as/jboss-as-server/7.1.1.Final/jboss-as-server-7.1.1.Final.jar
7f432e0bd000-7f432e0c9000 r--s 0007a000 08:05 16508411                   /home/fife/.m2/repository/org/jboss/jboss-common-core/2.2.17.GA/jboss-common-core-2.2.17.GA.jar
7f432e0c9000-7f432e0cf000 r--s 00039000 08:05 16655594                   /home/fife/.m2/repository/org/yaml/snakeyaml/1.8/snakeyaml-1.8.jar
7f432e0cf000-7f432e0d0000 r--s 00001000 08:05 16508451                   /home/fife/.m2/repository/org/jboss/osgi/vfs/jbosgi-vfs/1.0.7.Final/jbosgi-vfs-1.0.7.Final.jar
7f432e0d0000-7f432e0d3000 r--s 00018000 08:05 16508409                   /home/fife/.m2/repository/org/jboss/as/jboss-as-jmx/7.1.1.Final/jboss-as-jmx-7.1.1.Final.jar
7f432e0d3000-7f432e0d7000 r--s 0001a000 08:05 16508406                   /home/fife/.m2/repository/org/jboss/threads/jboss-threads/2.0.0.GA/jboss-threads-2.0.0.GA.jar
7f432e0d7000-7f432e0d9000 r--s 00014000 08:05 16508404                   /home/fife/.m2/repository/org/jboss/jboss-dmr/1.1.1.Final/jboss-dmr-1.1.1.Final.jar
7f432e0d9000-7f432e0db000 r--s 00012000 08:05 16508403                   /home/fife/.m2/repository/org/jboss/xnio/xnio-nio/3.0.3.GA/xnio-nio-3.0.3.GA.jar
7f432e0db000-7f432e0de000 r--s 00013000 08:05 16508401                   /home/fife/.m2/repository/org/jboss/as/jboss-as-protocol/7.1.1.Final/jboss-as-protocol-7.1.1.Final.jar
7f432e0de000-7f432e0e3000 r--s 00022000 08:05 16508399                   /home/fife/.m2/repository/org/jboss/as/jboss-as-controller-client/7.1.1.Final/jboss-as-controller-client-7.1.1.Final.jar
7f432e0e3000-7f432e0e7000 r--s 00030000 08:05 16508396                   /home/fife/.m2/repository/org/jboss/msc/jboss-msc/1.0.2.GA/jboss-msc-1.0.2.GA.jar
7f432e0e7000-7f432e0e9000 r--s 0000d000 08:05 16508507                   /home/fife/.m2/repository/org/jboss/logging/jboss-logging/3.1.0.GA/jboss-logging-3.1.0.GA.jar
7f432e0e9000-7f432e0eb000 r--s 00001000 08:05 16508397                   /home/fife/.m2/repository/org/jboss/as/jboss-as-arquillian-testenricher-msc/7.1.1.Final/jboss-as-arquillian-testenricher-msc-7.1.1.Final.jar
7f432e0eb000-7f432e0ec000 r--s 00003000 08:05 16508394                   /home/fife/.m2/repository/org/jboss/arquillian/testenricher/arquillian-testenricher-resource/1.0.0.Final/arquillian-testenricher-resource-1.0.0.Final.jar
7f432e0ec000-7f432e0ed000 r--s 00002000 08:05 16508390                   /home/fife/.m2/repository/org/jboss/arquillian/testenricher/arquillian-testenricher-osgi/1.0.2.Final/arquillian-testenricher-osgi-1.0.2.Final.jar
7f432e0ed000-7f432e0ee000 r--s 00001000 08:05 16508393                   /home/fife/.m2/repository/org/jboss/arquillian/testenricher/arquillian-testenricher-initialcontext/1.0.0.Final/arquillian-testenricher-initialcontext-1.0.0.Final.jar
7f432e0ee000-7f432e0f0000 r--s 00003000 08:05 16508385                   /home/fife/.m2/repository/org/jboss/arquillian/testenricher/arquillian-testenricher-ejb/1.0.0.Final/arquillian-testenricher-ejb-1.0.0.Final.jar
7f432e0f0000-7f432e0f2000 r--s 00004000 08:05 16508386                   /home/fife/.m2/repository/org/jboss/arquillian/testenricher/arquillian-testenricher-cdi/1.0.0.Final/arquillian-testenricher-cdi-1.0.0.Final.jar
7f432e0f2000-7f432e0f4000 r--s 00001000 08:05 16508384                   /home/fife/.m2/repository/org/jboss/arquillian/container/arquillian-container-osgi/1.0.2.Final/arquillian-container-osgi-1.0.2.Final.jar
7f432e0f4000-7f432e0f6000 r--s 00008000 08:05 16508383                   /home/fife/.m2/repository/org/jboss/as/jboss-as-arquillian-common/7.1.1.Final/jboss-as-arquillian-common-7.1.1.Final.jar
7f432e0f6000-7f432e0f7000 r--s 00001000 08:05 16671462                   /home/fife/.m2/repository/org/jboss/as/jboss-as-arquillian-container-remote/7.1.1.Final/jboss-as-arquillian-container-remote-7.1.1.Final.jar
7f432e0f7000-7f432e0f8000 r--s 00005000 08:05 16426187                   /home/fife/.m2/repository/org/slf4j/slf4j-api/1.5.10/slf4j-api-1.5.10.jar
7f432e0f8000-7f432e0f9000 r--s 00001000 08:05 16467640                   /home/fife/.m2/repository/org/slf4j/slf4j-simple/1.5.10/slf4j-simple-1.5.10.jar
7f432e0f9000-7f432e104000 r--s 0006f000 08:05 16467638                   /home/fife/.m2/repository/mx4j/mx4j-tools/3.0.1/mx4j-tools-3.0.1.jar
7f432e104000-7f432e105000 ---p 00000000 00:00 0 
7f432e105000-7f432e205000 rw-p 00000000 00:00 0 
7f432e205000-7f432e208000 ---p 00000000 00:00 0 
7f432e208000-7f432e306000 rw-p 00000000 00:00 0 
7f432e306000-7f432e309000 ---p 00000000 00:00 0 
7f432e309000-7f432e407000 rw-p 00000000 00:00 0 
7f432e407000-7f432e40a000 ---p 00000000 00:00 0 
7f432e40a000-7f432e508000 rw-p 00000000 00:00 0 
7f432e508000-7f432e50b000 ---p 00000000 00:00 0 
7f432e50b000-7f432e609000 rw-p 00000000 00:00 0 
7f432e609000-7f432e8d5000 r--p 00000000 08:05 23486466                   /usr/lib/locale/locale-archive
7f432e8d5000-7f432e8d8000 ---p 00000000 00:00 0 
7f432e8d8000-7f432e9d6000 rw-p 00000000 00:00 0 
7f432e9d6000-7f432e9d9000 ---p 00000000 00:00 0 
7f432e9d9000-7f432ead7000 rw-p 00000000 00:00 0 
7f432ead7000-7f432ead8000 ---p 00000000 00:00 0 
7f432ead8000-7f4330000000 rw-p 00000000 00:00 0 
7f4330000000-7f4330021000 rw-p 00000000 00:00 0 
7f4330021000-7f4334000000 ---p 00000000 00:00 0 
7f4334000000-7f4334003000 r--s 00011000 08:05 16508418                   /home/fife/.m2/repository/org/jboss/as/jboss-as-domain-http-interface/7.1.1.Final/jboss-as-domain-http-interface-7.1.1.Final.jar
7f4334003000-7f4334005000 r--s 00007000 08:05 16508416                   /home/fife/.m2/repository/org/jboss/staxmapper/1.1.0.Final/staxmapper-1.1.0.Final.jar
7f4334005000-7f4334020000 r--s 0011b000 08:05 16467637                   /home/fife/.m2/repository/bouncycastle/bcprov-jdk15/135/bcprov-jdk15-135.jar
7f4334020000-7f4334035000 r--s 001cf000 08:05 16467600                   /home/fife/.m2/repository/org/seleniumhq/selenium/selenium-server/2.13.0/selenium-server-2.13.0.jar
7f4334035000-7f4334038000 r--s 00014000 08:05 16467598                   /home/fife/.m2/repository/org/seleniumhq/selenium/selenium-support/2.13.0/selenium-support-2.13.0.jar
7f4334038000-7f4334039000 r--s 00002000 08:05 16467604                   /home/fife/.m2/repository/org/seleniumhq/selenium/selenium-iphone-driver/2.13.0/selenium-iphone-driver-2.13.0.jar
7f4334039000-7f433403d000 r--s 000d0000 08:05 16467636                   /home/fife/.m2/repository/net/java/dev/jna/jna/3.3.0/jna-3.3.0.jar
7f433403d000-7f433403f000 r--s 000f1000 08:05 16467602                   /home/fife/.m2/repository/org/seleniumhq/selenium/selenium-ie-driver/2.13.0/selenium-ie-driver-2.13.0.jar
7f433403f000-7f4334041000 r--s 0000b000 08:05 16467635                   /home/fife/.m2/repository/org/apache/commons/commons-exec/1.1/commons-exec-1.1.jar
7f4334041000-7f4334044000 r--s 00024000 08:05 16426213                   /home/fife/.m2/repository/commons-io/commons-io/2.0.1/commons-io-2.0.1.jar
7f4334044000-7f4334046000 r--s 0023d000 08:05 16467599                   /home/fife/.m2/repository/org/seleniumhq/selenium/selenium-firefox-driver/2.13.0/selenium-firefox-driver-2.13.0.jar
7f4334046000-7f433404b000 r--s 00028000 08:05 16426326                   /home/fife/.m2/repository/org/apache/httpcomponents/httpcore/4.1.2/httpcore-4.1.2.jar
7f433404b000-7f4334053000 r--s 0004e000 08:05 16655607                   /home/fife/.m2/repository/org/apache/httpcomponents/httpclient/4.1.2/httpclient-4.1.2.jar
7f4334053000-7f4334055000 r--s 0000d000 08:05 16474225                   /home/fife/.m2/repository/commons-logging/commons-logging/1.1.1/commons-logging-1.1.1.jar
7f4334055000-7f4334056000 r--s 00003000 08:05 16467634                   /home/fife/.m2/repository/org/w3c/css/sac/1.3/sac-1.3.jar
7f4334056000-7f4334059000 r--s 0003b000 08:05 16467631                   /home/fife/.m2/repository/net/sourceforge/cssparser/cssparser/0.9.5/cssparser-0.9.5.jar
7f4334059000-7f433405c000 r--s 00022000 08:05 16467595                   /home/fife/.m2/repository/net/sourceforge/nekohtml/nekohtml/1.9.15/nekohtml-1.9.15.jar
7f433405c000-7f4334064000 r--s 00028000 08:05 16621767                   /home/fife/.m2/repository/xml-apis/xml-apis/1.3.04/xml-apis-1.3.04.jar
7f4334064000-7f433407c000 r--s 00115000 08:05 16614202                   /home/fife/.m2/repository/xerces/xercesImpl/2.9.1/xercesImpl-2.9.1.jar
7f433407c000-7f433408a000 r--s 000e1000 08:05 16467596                   /home/fife/.m2/repository/net/sourceforge/htmlunit/htmlunit-core-js/2.9/htmlunit-core-js-2.9.jar
7f433408a000-7f433408c000 r--s 0000d000 08:05 16655604                   /home/fife/.m2/repository/commons-codec/commons-codec/1.4/commons-codec-1.4.jar
7f433408c000-7f433408e000 r--s 00005000 08:05 16467629                   /home/fife/.m2/repository/org/apache/httpcomponents/httpmime/4.1.2/httpmime-4.1.2.jar
7f433408e000-7f4334093000 r--s 00041000 08:05 16474224                   /home/fife/.m2/repository/commons-lang/commons-lang/2.6/commons-lang-2.6.jar
7f4334093000-7f43340a1000 r--s 0007f000 08:05 16474222                   /home/fife/.m2/repository/commons-collections/commons-collections/3.2.1/commons-collections-3.2.1.jar
7f43340a1000-7f43340a4000 r--s 00041000 08:05 16655603                   /home/fife/.m2/repository/xalan/serializer/2.7.1/serializer-2.7.1.jar
7f43340a4000-7f43340c9000 r--s 002e3000 08:05 16655602                   /home/fife/.m2/repository/xalan/xalan/2.7.1/xalan-2.7.1.jar
7f43340c9000-7f4335000000 rw-p 00000000 00:00 0 
7f4335000000-7f4335270000 rwxp 00000000 00:00 0 
7f4335270000-7f4338b37000 rw-p 00000000 00:00 0 
7f4338b37000-7f433c000000 ---p 00000000 00:00 0 
7f433c000000-7f433c011000 r--s 000e4000 08:05 16467592                   /home/fife/.m2/repository/net/sourceforge/htmlunit/htmlunit/2.9/htmlunit-2.9.jar
7f433c011000-7f433c014000 r--s 00006000 08:05 16655601                   /home/fife/.m2/repository/com/google/code/findbugs/jsr305/1.3.9/jsr305-1.3.9.jar
7f433c014000-7f433c032000 r--s 00151000 08:05 16467585                   /home/fife/.m2/repository/com/google/guava/guava/10.0.1/guava-10.0.1.jar
7f433c032000-7f433c037000 r--s 00017000 08:05 16467588                   /home/fife/.m2/repository/org/seleniumhq/selenium/selenium-api/2.13.0/selenium-api-2.13.0.jar
7f433c037000-7f433c039000 r--s 0000b000 08:05 16467587                   /home/fife/.m2/repository/org/seleniumhq/selenium/selenium-htmlunit-driver/2.13.0/selenium-htmlunit-driver-2.13.0.jar
7f433c039000-7f433c03a000 r--s 00002000 08:05 16467586                   /home/fife/.m2/repository/org/seleniumhq/selenium/selenium-chrome-driver/2.13.0/selenium-chrome-driver-2.13.0.jar
7f433c03a000-7f433c03c000 r--s 00008000 08:05 16467628                   /home/fife/.m2/repository/org/json/json/20080701/json-20080701.jar
7f433c03c000-7f433c043000 r--s 00049000 08:05 16467627                   /home/fife/.m2/repository/cglib/cglib-nodep/2.1_3/cglib-nodep-2.1_3.jar
7f433c043000-7f433c048000 r--s 0002e000 08:05 16467582                   /home/fife/.m2/repository/org/seleniumhq/selenium/selenium-remote-driver/2.13.0/selenium-remote-driver-2.13.0.jar
7f433c048000-7f433c04b000 r--s 00009000 08:05 16416947                   /home/fife/.m2/repository/org/jboss/spec/javax/ejb/jboss-ejb-api_3.1_spec/1.0.1.Final/jboss-ejb-api_3.1_spec-1.0.1.Final.jar
7f433c04b000-7f433c04d000 r--s 00000000 08:05 16467581                   /home/fife/.m2/repository/org/seleniumhq/selenium/selenium-android-driver/2.13.0/selenium-android-driver-2.13.0.jar
7f433c04d000-7f433c053000 r--s 0004f000 08:05 16467580                   /home/fife/.m2/repository/org/seleniumhq/selenium/selenium-java/2.13.0/selenium-java-2.13.0.jar
7f433c053000-7f433c055000 r--s 00006000 08:05 16467579                   /home/fife/.m2/repository/org/jboss/arquillian/extension/arquillian-drone-selenium-server/1.0.0.CR3/arquillian-drone-selenium-server-1.0.0.CR3.jar
7f433c055000-7f433c057000 r--s 00001000 08:05 16467578                   /home/fife/.m2/repository/org/jboss/arquillian/extension/arquillian-drone-selenium/1.0.0.CR3/arquillian-drone-selenium-1.0.0.CR3.jar
7f433c057000-7f433c059000 r--s 00002000 08:05 16507385                   /home/fife/.m2/repository/org/jboss/shrinkwrap/descriptors/shrinkwrap-descriptors-api-base/2.0.0-alpha-2/shrinkwrap-descriptors-api-base-2.0.0-alpha-2.jar
7f433c059000-7f433c05a000 r--s 00001000 08:05 16507390                   /home/fife/.m2/repository/org/jboss/arquillian/config/arquillian-config-api/1.0.0.Final/arquillian-config-api-1.0.0.Final.jar
7f433c05a000-7f433c05c000 r--s 00004000 08:05 16507377                   /home/fife/.m2/repository/org/jboss/arquillian/core/arquillian-core-spi/1.0.0.Final/arquillian-core-spi-1.0.0.Final.jar
7f433c05c000-7f433c05e000 r--s 00000000 08:05 16467576                   /home/fife/.m2/repository/org/jboss/arquillian/extension/arquillian-drone-spi/1.0.0.CR3/arquillian-drone-spi-1.0.0.CR3.jar
7f433c05e000-7f433c060000 r--s 00000000 08:05 16467575                   /home/fife/.m2/repository/org/jboss/arquillian/extension/arquillian-drone-api/1.0.0.CR3/arquillian-drone-api-1.0.0.CR3.jar
7f433c060000-7f433c062000 r--s 00007000 08:05 16467574                   /home/fife/.m2/repository/org/jboss/arquillian/extension/arquillian-drone-impl/1.0.0.CR3/arquillian-drone-impl-1.0.0.CR3.jar
7f433c062000-7f433c066000 r--s 00028000 08:05 16482546                   /home/fife/.m2/repository/com/google/code/gson/gson/2.1/gson-2.1.jar
7f433c066000-7f433c069000 r--s 00009000 08:05 16416999                   /home/fife/.m2/repository/org/jboss/spec/javax/ws/rs/jboss-jaxrs-api_1.1_spec/1.0.0.Final/jboss-jaxrs-api_1.1_spec-1.0.0.Final.jar
7f433c069000-7f433c06c000 r--s 0000f000 08:05 16416991                   /home/fife/.m2/repository/org/jboss/spec/javax/servlet/jboss-servlet-api_3.0_spec/1.0.0.Final/jboss-servlet-api_3.0_spec-1.0.0.Final.jar
7f433c06c000-7f433c06e000 r--s 00001000 08:05 16416940                   /home/fife/.m2/repository/org/jboss/spec/javax/annotation/jboss-annotations-api_1.1_spec/1.0.0.Final/jboss-annotations-api_1.1_spec-1.0.0.Final.jar
7f433c06e000-7f433c06f000 r--s 00000000 08:05 16416933                   /home/fife/.m2/repository/javax/inject/javax.inject/1/javax.inject-1.jar
7f433c06f000-7f433c071000 r--s 00001000 08:05 16416929                   /home/fife/.m2/repository/org/jboss/spec/javax/interceptor/jboss-interceptors-api_1.1_spec/1.0.0.Final/jboss-interceptors-api_1.1_spec-1.0.0.Final.jar
7f433c071000-7f433c074000 r--s 0000a000 08:05 16416930                   /home/fife/.m2/repository/javax/enterprise/cdi-api/1.0-SP4/cdi-api-1.0-SP4.jar
7f433c074000-7f433c079000 r--s 00015000 08:05 16408639                   /home/fife/.m2/repository/org/hibernate/javax/persistence/hibernate-jpa-2.0-api/1.0.1.Final/hibernate-jpa-2.0-api-1.0.1.Final.jar
7f433c079000-7f433c07b000 r--s 00007000 08:05 17219675                   /home/fife/.m2/repository/org/jboss/forge/forge-parser-java-api/1.1.3.Final/forge-parser-java-api-1.1.3.Final.jar
7f433c07b000-7f433c07c000 r--s 00000000 08:05 17187623                   /home/fife/.m2/repository/org/jboss/forge/parser-java-api/2.0.0-SNAPSHOT/parser-java-api-2.0.0-SNAPSHOT.jar
7f433c07c000-7f433c0c4000 r--s 005bb000 08:05 17171481                   /home/fife/.m2/repository/org/jboss/forge/parser-java-impl/2.0.0-SNAPSHOT/parser-java-impl-2.0.0-SNAPSHOT.jar
7f433c0c4000-7f433ca3d000 rw-p 00000000 00:00 0 
7f433ca3d000-7f433cbf9000 r--s 039da000 08:05 18088210                   /usr/lib/jvm/java-7-oracle/jre/lib/rt.jar
7f433cbf9000-7f433cc21000 rw-p 00000000 00:00 0 
7f433cc21000-7f433cc22000 ---p 00000000 00:00 0 
7f433cc22000-7f433cd22000 rw-p 00000000 00:00 0 
7f433cd22000-7f433cd23000 ---p 00000000 00:00 0 
7f433cd23000-7f433ce23000 rw-p 00000000 00:00 0 
7f433ce23000-7f433ce24000 ---p 00000000 00:00 0 
7f433ce24000-7f433cf24000 rw-p 00000000 00:00 0 
7f433cf24000-7f433cf25000 ---p 00000000 00:00 0 
7f433cf25000-7f433d025000 rw-p 00000000 00:00 0 
7f433d025000-7f433d026000 ---p 00000000 00:00 0 
7f433d026000-7f433d126000 rw-p 00000000 00:00 0 
7f433d126000-7f433d127000 ---p 00000000 00:00 0 
7f433d127000-7f433d227000 rw-p 00000000 00:00 0 
7f433d227000-7f433d228000 ---p 00000000 00:00 0 
7f433d228000-7f433d328000 rw-p 00000000 00:00 0 
7f433d328000-7f433d329000 ---p 00000000 00:00 0 
7f433d329000-7f433d434000 rw-p 00000000 00:00 0 
7f433d434000-7f433d452000 rw-p 00000000 00:00 0 
7f433d452000-7f433d47c000 rw-p 00000000 00:00 0 
7f433d47c000-7f433d6e8000 rw-p 00000000 00:00 0 
7f433d6e8000-7f433d6f3000 rw-p 00000000 00:00 0 
7f433d6f3000-7f433d711000 rw-p 00000000 00:00 0 
7f433d711000-7f433d73b000 rw-p 00000000 00:00 0 
7f433d73b000-7f433d9a6000 rw-p 00000000 00:00 0 
7f433d9a6000-7f433d9ed000 rw-p 00000000 00:00 0 
7f433d9ed000-7f433daf1000 rw-p 00000000 00:00 0 
7f433daf1000-7f433daf2000 rw-p 00000000 00:00 0 
7f433daf2000-7f433db0c000 r-xp 00000000 08:05 18096189                   /usr/lib/jvm/java-7-oracle/jre/lib/amd64/libzip.so
7f433db0c000-7f433dd0c000 ---p 0001a000 08:05 18096189                   /usr/lib/jvm/java-7-oracle/jre/lib/amd64/libzip.so
7f433dd0c000-7f433dd0d000 rw-p 0001a000 08:05 18096189                   /usr/lib/jvm/java-7-oracle/jre/lib/amd64/libzip.so
7f433dd0d000-7f433dd19000 r-xp 00000000 08:05 1491993                    /lib/x86_64-linux-gnu/libnss_files-2.15.so
7f433dd19000-7f433df18000 ---p 0000c000 08:05 1491993                    /lib/x86_64-linux-gnu/libnss_files-2.15.so
7f433df18000-7f433df19000 r--p 0000b000 08:05 1491993                    /lib/x86_64-linux-gnu/libnss_files-2.15.so
7f433df19000-7f433df1a000 rw-p 0000c000 08:05 1491993                    /lib/x86_64-linux-gnu/libnss_files-2.15.so
7f433df1a000-7f433df24000 r-xp 00000000 08:05 1491963                    /lib/x86_64-linux-gnu/libnss_nis-2.15.so
7f433df24000-7f433e124000 ---p 0000a000 08:05 1491963                    /lib/x86_64-linux-gnu/libnss_nis-2.15.so
7f433e124000-7f433e125000 r--p 0000a000 08:05 1491963                    /lib/x86_64-linux-gnu/libnss_nis-2.15.so
7f433e125000-7f433e126000 rw-p 0000b000 08:05 1491963                    /lib/x86_64-linux-gnu/libnss_nis-2.15.so
7f433e126000-7f433e13d000 r-xp 00000000 08:05 1492192                    /lib/x86_64-linux-gnu/libnsl-2.15.so
7f433e13d000-7f433e33c000 ---p 00017000 08:05 1492192                    /lib/x86_64-linux-gnu/libnsl-2.15.so
7f433e33c000-7f433e33d000 r--p 00016000 08:05 1492192                    /lib/x86_64-linux-gnu/libnsl-2.15.so
7f433e33d000-7f433e33e000 rw-p 00017000 08:05 1492192                    /lib/x86_64-linux-gnu/libnsl-2.15.so
7f433e33e000-7f433e340000 rw-p 00000000 00:00 0 
7f433e340000-7f433e348000 r-xp 00000000 08:05 1491996                    /lib/x86_64-linux-gnu/libnss_compat-2.15.so
7f433e348000-7f433e547000 ---p 00008000 08:05 1491996                    /lib/x86_64-linux-gnu/libnss_compat-2.15.so
7f433e547000-7f433e548000 r--p 00007000 08:05 1491996                    /lib/x86_64-linux-gnu/libnss_compat-2.15.so
7f433e548000-7f433e549000 rw-p 00008000 08:05 1491996                    /lib/x86_64-linux-gnu/libnss_compat-2.15.so
7f433e549000-7f433e572000 r-xp 00000000 08:05 18096183                   /usr/lib/jvm/java-7-oracle/jre/lib/amd64/libjava.so
7f433e572000-7f433e772000 ---p 00029000 08:05 18096183                   /usr/lib/jvm/java-7-oracle/jre/lib/amd64/libjava.so
7f433e772000-7f433e774000 rw-p 00029000 08:05 18096183                   /usr/lib/jvm/java-7-oracle/jre/lib/amd64/libjava.so
7f433e774000-7f433e781000 r-xp 00000000 08:05 18096179                   /usr/lib/jvm/java-7-oracle/jre/lib/amd64/libverify.so
7f433e781000-7f433e980000 ---p 0000d000 08:05 18096179                   /usr/lib/jvm/java-7-oracle/jre/lib/amd64/libverify.so
7f433e980000-7f433e982000 rw-p 0000c000 08:05 18096179                   /usr/lib/jvm/java-7-oracle/jre/lib/amd64/libverify.so
7f433e982000-7f433e989000 r-xp 00000000 08:05 1491862                    /lib/x86_64-linux-gnu/librt-2.15.so
7f433e989000-7f433eb88000 ---p 00007000 08:05 1491862                    /lib/x86_64-linux-gnu/librt-2.15.so
7f433eb88000-7f433eb89000 r--p 00006000 08:05 1491862                    /lib/x86_64-linux-gnu/librt-2.15.so
7f433eb89000-7f433eb8a000 rw-p 00007000 08:05 1491862                    /lib/x86_64-linux-gnu/librt-2.15.so
7f433eb8a000-7f433ec85000 r-xp 00000000 08:05 1491984                    /lib/x86_64-linux-gnu/libm-2.15.so
7f433ec85000-7f433ee84000 ---p 000fb000 08:05 1491984                    /lib/x86_64-linux-gnu/libm-2.15.so
7f433ee84000-7f433ee85000 r--p 000fa000 08:05 1491984                    /lib/x86_64-linux-gnu/libm-2.15.so
7f433ee85000-7f433ee86000 rw-p 000fb000 08:05 1491984                    /lib/x86_64-linux-gnu/libm-2.15.so
7f433ee86000-7f433f8cd000 r-xp 00000000 08:05 18096176                   /usr/lib/jvm/java-7-oracle/jre/lib/amd64/server/libjvm.so
7f433f8cd000-7f433facc000 ---p 00a47000 08:05 18096176                   /usr/lib/jvm/java-7-oracle/jre/lib/amd64/server/libjvm.so
7f433facc000-7f433fb70000 rw-p 00a46000 08:05 18096176                   /usr/lib/jvm/java-7-oracle/jre/lib/amd64/server/libjvm.so
7f433fb70000-7f433fbab000 rw-p 00000000 00:00 0 
7f433fbab000-7f433fd60000 r-xp 00000000 08:05 1491849                    /lib/x86_64-linux-gnu/libc-2.15.so
7f433fd60000-7f433ff5f000 ---p 001b5000 08:05 1491849                    /lib/x86_64-linux-gnu/libc-2.15.so
7f433ff5f000-7f433ff63000 r--p 001b4000 08:05 1491849                    /lib/x86_64-linux-gnu/libc-2.15.so
7f433ff63000-7f433ff65000 rw-p 001b8000 08:05 1491849                    /lib/x86_64-linux-gnu/libc-2.15.so
7f433ff65000-7f433ff6a000 rw-p 00000000 00:00 0 
7f433ff6a000-7f433ff6c000 r-xp 00000000 08:05 1491848                    /lib/x86_64-linux-gnu/libdl-2.15.so
7f433ff6c000-7f434016c000 ---p 00002000 08:05 1491848                    /lib/x86_64-linux-gnu/libdl-2.15.so
7f434016c000-7f434016d000 r--p 00002000 08:05 1491848                    /lib/x86_64-linux-gnu/libdl-2.15.so
7f434016d000-7f434016e000 rw-p 00003000 08:05 1491848                    /lib/x86_64-linux-gnu/libdl-2.15.so
7f434016e000-7f4340184000 r-xp 00000000 08:05 18096158                   /usr/lib/jvm/java-7-oracle/jre/lib/amd64/jli/libjli.so
7f4340184000-7f4340383000 ---p 00016000 08:05 18096158                   /usr/lib/jvm/java-7-oracle/jre/lib/amd64/jli/libjli.so
7f4340383000-7f4340384000 rw-p 00015000 08:05 18096158                   /usr/lib/jvm/java-7-oracle/jre/lib/amd64/jli/libjli.so
7f4340384000-7f434039c000 r-xp 00000000 08:05 1491851                    /lib/x86_64-linux-gnu/libpthread-2.15.so
7f434039c000-7f434059b000 ---p 00018000 08:05 1491851                    /lib/x86_64-linux-gnu/libpthread-2.15.so
7f434059b000-7f434059c000 r--p 00017000 08:05 1491851                    /lib/x86_64-linux-gnu/libpthread-2.15.so
7f434059c000-7f434059d000 rw-p 00018000 08:05 1491851                    /lib/x86_64-linux-gnu/libpthread-2.15.so
7f434059d000-7f43405a1000 rw-p 00000000 00:00 0 
7f43405a1000-7f43405c3000 r-xp 00000000 08:05 1492187                    /lib/x86_64-linux-gnu/ld-2.15.so
7f43405c3000-7f43405c4000 r--s 00000000 08:05 16467639                   /home/fife/.m2/repository/net/jcip/jcip-annotations/1.0/jcip-annotations-1.0.jar
7f43405c4000-7f43405c5000 r--s 00002000 08:05 16467577                   /home/fife/.m2/repository/org/jboss/arquillian/extension/arquillian-drone-configuration/1.0.0.CR3/arquillian-drone-configuration-1.0.0.CR3.jar
7f43405c5000-7f43405c6000 r--s 00000000 08:05 16507398                   /home/fife/.m2/repository/org/jboss/shrinkwrap/shrinkwrap-spi/1.0.0/shrinkwrap-spi-1.0.0.jar
7f43405c6000-7f43405ca000 r--s 00020000 08:05 16507397                   /home/fife/.m2/repository/org/jboss/shrinkwrap/shrinkwrap-impl-base/1.0.0/shrinkwrap-impl-base-1.0.0.jar
7f43405ca000-7f43405ce000 r--s 00013000 08:05 16507394                   /home/fife/.m2/repository/org/jboss/arquillian/container/arquillian-container-test-impl-base/1.0.0.Final/arquillian-container-test-impl-base-1.0.0.Final.jar
7f43405ce000-7f43405d1000 r--s 00007000 08:05 16507393                   /home/fife/.m2/repository/org/jboss/shrinkwrap/descriptors/shrinkwrap-descriptors-spi/2.0.0-alpha-2/shrinkwrap-descriptors-spi-2.0.0-alpha-2.jar
7f43405d1000-7f43405d3000 r--s 00008000 08:05 16507391                   /home/fife/.m2/repository/org/jboss/arquillian/config/arquillian-config-impl-base/1.0.0.Final/arquillian-config-impl-base-1.0.0.Final.jar
7f43405d3000-7f43405d6000 r--s 0000a000 08:05 16507388                   /home/fife/.m2/repository/org/jboss/arquillian/container/arquillian-container-impl-base/1.0.0.Final/arquillian-container-impl-base-1.0.0.Final.jar
7f43405d6000-7f43405d7000 r--s 00004000 08:05 16507387                   /home/fife/.m2/repository/org/jboss/arquillian/test/arquillian-test-impl-base/1.0.0.Final/arquillian-test-impl-base-1.0.0.Final.jar
7f43405d7000-7f43405d9000 r--s 00009000 08:05 16507386                   /home/fife/.m2/repository/org/jboss/arquillian/core/arquillian-core-impl-base/1.0.0.Final/arquillian-core-impl-base-1.0.0.Final.jar
7f43405d9000-7f43405dc000 r--s 0000a000 08:05 16507382                   /home/fife/.m2/repository/org/jboss/arquillian/container/arquillian-container-spi/1.0.0.Final/arquillian-container-spi-1.0.0.Final.jar
7f43405dc000-7f43405de000 r--s 00004000 08:05 16507381                   /home/fife/.m2/repository/org/jboss/arquillian/container/arquillian-container-test-spi/1.0.0.Final/arquillian-container-test-spi-1.0.0.Final.jar
7f43405de000-7f43405df000 r--s 00001000 08:05 16507380                   /home/fife/.m2/repository/org/jboss/arquillian/container/arquillian-container-test-api/1.0.0.Final/arquillian-container-test-api-1.0.0.Final.jar
7f43405df000-7f43405e9000 rw-p 00000000 00:00 0 
7f43405e9000-7f434069f000 rw-p 00000000 00:00 0 
7f434069f000-7f43406a2000 ---p 00000000 00:00 0 
7f43406a2000-7f43407a4000 rw-p 00000000 00:00 0 
7f43407a4000-7f43407a7000 r--s 0000d000 08:05 16507378                   /home/fife/.m2/repository/org/jboss/shrinkwrap/shrinkwrap-api/1.0.0/shrinkwrap-api-1.0.0.jar
7f43407a7000-7f43407a9000 r--s 00007000 08:05 16507375                   /home/fife/.m2/repository/org/jboss/arquillian/test/arquillian-test-spi/1.0.0.Final/arquillian-test-spi-1.0.0.Final.jar
7f43407a9000-7f43407aa000 r--s 00000000 08:05 16507373                   /home/fife/.m2/repository/org/jboss/arquillian/test/arquillian-test-api/1.0.0.Final/arquillian-test-api-1.0.0.Final.jar
7f43407aa000-7f43407ab000 r--s 00004000 08:05 16507372                   /home/fife/.m2/repository/org/jboss/arquillian/junit/arquillian-junit-core/1.0.0.Final/arquillian-junit-core-1.0.0.Final.jar
7f43407ab000-7f43407ac000 r--s 00001000 08:05 16507371                   /home/fife/.m2/repository/org/jboss/arquillian/junit/arquillian-junit-container/1.0.0.Final/arquillian-junit-container-1.0.0.Final.jar
7f43407ac000-7f43407ae000 r--s 00011000 08:05 16507265                   /home/fife/.m2/repository/org/hamcrest/hamcrest-core/1.1/hamcrest-core-1.1.jar
7f43407ae000-7f43407b5000 r--s 00037000 08:05 16507263                   /home/fife/.m2/repository/junit/junit/4.10/junit-4.10.jar
7f43407b5000-7f43407b7000 r--s 00002000 08:05 16679682                   /home/fife/.m2/repository/org/ocpsoft/common/common-api/1.0.4.Final/common-api-1.0.4.Final.jar
7f43407b7000-7f43407bf000 rw-s 00000000 08:05 3538994                    /tmp/hsperfdata_fife/7758
7f43407bf000-7f43407c0000 rw-p 00000000 00:00 0 
7f43407c0000-7f43407c1000 r--p 00000000 00:00 0 
7f43407c1000-7f43407c3000 rw-p 00000000 00:00 0 
7f43407c3000-7f43407c4000 r--p 00022000 08:05 1492187                    /lib/x86_64-linux-gnu/ld-2.15.so
7f43407c4000-7f43407c6000 rw-p 00023000 08:05 1492187                    /lib/x86_64-linux-gnu/ld-2.15.so
7fff5e864000-7fff5e88a000 rw-p 00000000 00:00 0                          [stack]
7fff5e971000-7fff5e972000 r-xp 00000000 00:00 0                          [vdso]
ffffffffff600000-ffffffffff601000 r-xp 00000000 00:00 0                  [vsyscall]

VM Arguments:
jvm_args: -Dfile.encoding=UTF-8 
java_command: org.eclipse.jdt.internal.junit.runner.RemoteTestRunner -version 3 -port 33100 -testLoaderClass org.eclipse.jdt.internal.junit4.runner.JUnit4TestLoader -loaderpluginname org.eclipse.jdt.junit4.runtime -classNames org.ocpsoft.keywords.ParserExampleTest
Launcher Type: SUN_STANDARD

Environment Variables:
JAVA_HOME=/usr/lib/jvm/java-7-oracle
PATH=~/ProgramFiles/forge/bin:/usr/lib/jvm/java-7-oracle/bin:/usr/local/apache-maven-3.0.4/bin:~/Android/android-sdk-linux/platform-tools:/usr/lib/lightdm/lightdm:/usr/local/sbin:/usr/local/bin:/usr/sbin:/usr/bin:/sbin:/bin:/usr/games
SHELL=/bin/bash
DISPLAY=:0.0

Signal Handlers:
SIGSEGV: [libjvm.so+0x8a5c80], sa_mask[0]=0x7ffbfeff, sa_flags=0x10000004
SIGBUS: [libjvm.so+0x8a5c80], sa_mask[0]=0x7ffbfeff, sa_flags=0x10000004
SIGFPE: [libjvm.so+0x741d60], sa_mask[0]=0x7ffbfeff, sa_flags=0x10000004
SIGPIPE: [libjvm.so+0x741d60], sa_mask[0]=0x7ffbfeff, sa_flags=0x10000004
SIGXFSZ: [libjvm.so+0x741d60], sa_mask[0]=0x7ffbfeff, sa_flags=0x10000004
SIGILL: [libjvm.so+0x741d60], sa_mask[0]=0x7ffbfeff, sa_flags=0x10000004
SIGUSR1: SIG_DFL, sa_mask[0]=0x00000000, sa_flags=0x00000000
SIGUSR2: [libjvm.so+0x7416b0], sa_mask[0]=0x00000004, sa_flags=0x10000004
SIGHUP: [libjvm.so+0x743a40], sa_mask[0]=0x7ffbfeff, sa_flags=0x10000004
SIGINT: [libjvm.so+0x743a40], sa_mask[0]=0x7ffbfeff, sa_flags=0x10000004
SIGTERM: [libjvm.so+0x743a40], sa_mask[0]=0x7ffbfeff, sa_flags=0x10000004
SIGQUIT: [libjvm.so+0x743a40], sa_mask[0]=0x7ffbfeff, sa_flags=0x10000004


---------------  S Y S T E M  ---------------

OS:wheezy/sid

uname:Linux 3.2.0-32-generic #51-Ubuntu SMP Wed Sep 26 21:33:09 UTC 2012 x86_64
libc:glibc 2.15 NPTL 2.15 
rlimit: STACK 8192k, CORE 0k, NPROC 63337, NOFILE 4096, AS infinity
load average:0.12 0.17 0.22

/proc/meminfo:
MemTotal:        8124752 kB
MemFree:         1795820 kB
Buffers:          302564 kB
Cached:          2966448 kB
SwapCached:            0 kB
Active:          4192964 kB
Inactive:        1768052 kB
Active(anon):    2962832 kB
Inactive(anon):   314764 kB
Active(file):    1230132 kB
Inactive(file):  1453288 kB
Unevictable:           0 kB
Mlocked:               0 kB
SwapTotal:             0 kB
SwapFree:              0 kB
Dirty:               988 kB
Writeback:             0 kB
AnonPages:       2692468 kB
Mapped:           260328 kB
Shmem:            585564 kB
Slab:             197872 kB
SReclaimable:     156940 kB
SUnreclaim:        40932 kB
KernelStack:        4800 kB
PageTables:        38964 kB
NFS_Unstable:          0 kB
Bounce:                0 kB
WritebackTmp:          0 kB
CommitLimit:     4062376 kB
Committed_AS:    6419888 kB
VmallocTotal:   34359738367 kB
VmallocUsed:      573480 kB
VmallocChunk:   34359156516 kB
HardwareCorrupted:     0 kB
AnonHugePages:         0 kB
HugePages_Total:       0
HugePages_Free:        0
HugePages_Rsvd:        0
HugePages_Surp:        0
Hugepagesize:       2048 kB
DirectMap4k:       92160 kB
DirectMap2M:     8245248 kB


CPU:total 8 (4 cores per cpu, 2 threads per core) family 6 model 42 stepping 7, cmov, cx8, fxsr, mmx, sse, sse2, sse3, ssse3, sse4.1, sse4.2, popcnt, avx, ht, tsc, tscinvbit

/proc/cpuinfo:
processor	: 0
vendor_id	: GenuineIntel
cpu family	: 6
model		: 42
model name	: Intel(R) Core(TM) i7-2670QM CPU @ 2.20GHz
stepping	: 7
microcode	: 0x25
cpu MHz		: 2200.000
cache size	: 6144 KB
physical id	: 0
siblings	: 8
core id		: 0
cpu cores	: 4
apicid		: 0
initial apicid	: 0
fpu		: yes
fpu_exception	: yes
cpuid level	: 13
wp		: yes
flags		: fpu vme de pse tsc msr pae mce cx8 apic sep mtrr pge mca cmov pat pse36 clflush dts acpi mmx fxsr sse sse2 ss ht tm pbe syscall nx rdtscp lm constant_tsc arch_perfmon pebs bts rep_good nopl xtopology nonstop_tsc aperfmperf pni pclmulqdq dtes64 monitor ds_cpl vmx est tm2 ssse3 cx16 xtpr pdcm pcid sse4_1 sse4_2 x2apic popcnt tsc_deadline_timer aes xsave avx lahf_lm ida arat epb xsaveopt pln pts dtherm tpr_shadow vnmi flexpriority ept vpid
bogomips	: 4390.35
clflush size	: 64
cache_alignment	: 64
address sizes	: 36 bits physical, 48 bits virtual
power management:

processor	: 1
vendor_id	: GenuineIntel
cpu family	: 6
model		: 42
model name	: Intel(R) Core(TM) i7-2670QM CPU @ 2.20GHz
stepping	: 7
microcode	: 0x25
cpu MHz		: 800.000
cache size	: 6144 KB
physical id	: 0
siblings	: 8
core id		: 0
cpu cores	: 4
apicid		: 1
initial apicid	: 1
fpu		: yes
fpu_exception	: yes
cpuid level	: 13
wp		: yes
flags		: fpu vme de pse tsc msr pae mce cx8 apic sep mtrr pge mca cmov pat pse36 clflush dts acpi mmx fxsr sse sse2 ss ht tm pbe syscall nx rdtscp lm constant_tsc arch_perfmon pebs bts rep_good nopl xtopology nonstop_tsc aperfmperf pni pclmulqdq dtes64 monitor ds_cpl vmx est tm2 ssse3 cx16 xtpr pdcm pcid sse4_1 sse4_2 x2apic popcnt tsc_deadline_timer aes xsave avx lahf_lm ida arat epb xsaveopt pln pts dtherm tpr_shadow vnmi flexpriority ept vpid
bogomips	: 4389.81
clflush size	: 64
cache_alignment	: 64
address sizes	: 36 bits physical, 48 bits virtual
power management:

processor	: 2
vendor_id	: GenuineIntel
cpu family	: 6
model		: 42
model name	: Intel(R) Core(TM) i7-2670QM CPU @ 2.20GHz
stepping	: 7
microcode	: 0x25
cpu MHz		: 2201.000
cache size	: 6144 KB
physical id	: 0
siblings	: 8
core id		: 1
cpu cores	: 4
apicid		: 2
initial apicid	: 2
fpu		: yes
fpu_exception	: yes
cpuid level	: 13
wp		: yes
flags		: fpu vme de pse tsc msr pae mce cx8 apic sep mtrr pge mca cmov pat pse36 clflush dts acpi mmx fxsr sse sse2 ss ht tm pbe syscall nx rdtscp lm constant_tsc arch_perfmon pebs bts rep_good nopl xtopology nonstop_tsc aperfmperf pni pclmulqdq dtes64 monitor ds_cpl vmx est tm2 ssse3 cx16 xtpr pdcm pcid sse4_1 sse4_2 x2apic popcnt tsc_deadline_timer aes xsave avx lahf_lm ida arat epb xsaveopt pln pts dtherm tpr_shadow vnmi flexpriority ept vpid
bogomips	: 4389.83
clflush size	: 64
cache_alignment	: 64
address sizes	: 36 bits physical, 48 bits virtual
power management:

processor	: 3
vendor_id	: GenuineIntel
cpu family	: 6
model		: 42
model name	: Intel(R) Core(TM) i7-2670QM CPU @ 2.20GHz
stepping	: 7
microcode	: 0x25
cpu MHz		: 800.000
cache size	: 6144 KB
physical id	: 0
siblings	: 8
core id		: 1
cpu cores	: 4
apicid		: 3
initial apicid	: 3
fpu		: yes
fpu_exception	: yes
cpuid level	: 13
wp		: yes
flags		: fpu vme de pse tsc msr pae mce cx8 apic sep mtrr pge mca cmov pat pse36 clflush dts acpi mmx fxsr sse sse2 ss ht tm pbe syscall nx rdtscp lm constant_tsc arch_perfmon pebs bts rep_good nopl xtopology nonstop_tsc aperfmperf pni pclmulqdq dtes64 monitor ds_cpl vmx est tm2 ssse3 cx16 xtpr pdcm pcid sse4_1 sse4_2 x2apic popcnt tsc_deadline_timer aes xsave avx lahf_lm ida arat epb xsaveopt pln pts dtherm tpr_shadow vnmi flexpriority ept vpid
bogomips	: 4389.83
clflush size	: 64
cache_alignment	: 64
address sizes	: 36 bits physical, 48 bits virtual
power management:

processor	: 4
vendor_id	: GenuineIntel
cpu family	: 6
model		: 42
model name	: Intel(R) Core(TM) i7-2670QM CPU @ 2.20GHz
stepping	: 7
microcode	: 0x25
cpu MHz		: 2000.000
cache size	: 6144 KB
physical id	: 0
siblings	: 8
core id		: 2
cpu cores	: 4
apicid		: 4
initial apicid	: 4
fpu		: yes
fpu_exception	: yes
cpuid level	: 13
wp		: yes
flags		: fpu vme de pse tsc msr pae mce cx8 apic sep mtrr pge mca cmov pat pse36 clflush dts acpi mmx fxsr sse sse2 ss ht tm pbe syscall nx rdtscp lm constant_tsc arch_perfmon pebs bts rep_good nopl xtopology nonstop_tsc aperfmperf pni pclmulqdq dtes64 monitor ds_cpl vmx est tm2 ssse3 cx16 xtpr pdcm pcid sse4_1 sse4_2 x2apic popcnt tsc_deadline_timer aes xsave avx lahf_lm ida arat epb xsaveopt pln pts dtherm tpr_shadow vnmi flexpriority ept vpid
bogomips	: 4389.83
clflush size	: 64
cache_alignment	: 64
address sizes	: 36 bits physical, 48 bits virtual
power management:

processor	: 5
vendor_id	: GenuineIntel
cpu family	: 6
model		: 42
model name	: Intel(R) Core(TM) i7-2670QM CPU @ 2.20GHz
stepping	: 7
microcode	: 0x25
cpu MHz		: 800.000
cache size	: 6144 KB
physical id	: 0
siblings	: 8
core id		: 2
cpu cores	: 4
apicid		: 5
initial apicid	: 5
fpu		: yes
fpu_exception	: yes
cpuid level	: 13
wp		: yes
flags		: fpu vme de pse tsc msr pae mce cx8 apic sep mtrr pge mca cmov pat pse36 clflush dts acpi mmx fxsr sse sse2 ss ht tm pbe syscall nx rdtscp lm constant_tsc arch_perfmon pebs bts rep_good nopl xtopology nonstop_tsc aperfmperf pni pclmulqdq dtes64 monitor ds_cpl vmx est tm2 ssse3 cx16 xtpr pdcm pcid sse4_1 sse4_2 x2apic popcnt tsc_deadline_timer aes xsave avx lahf_lm ida arat epb xsaveopt pln pts dtherm tpr_shadow vnmi flexpriority ept vpid
bogomips	: 4389.83
clflush size	: 64
cache_alignment	: 64
address sizes	: 36 bits physical, 48 bits virtual
power management:

processor	: 6
vendor_id	: GenuineIntel
cpu family	: 6
model		: 42
model name	: Intel(R) Core(TM) i7-2670QM CPU @ 2.20GHz
stepping	: 7
microcode	: 0x25
cpu MHz		: 2201.000
cache size	: 6144 KB
physical id	: 0
siblings	: 8
core id		: 3
cpu cores	: 4
apicid		: 6
initial apicid	: 6
fpu		: yes
fpu_exception	: yes
cpuid level	: 13
wp		: yes
flags		: fpu vme de pse tsc msr pae mce cx8 apic sep mtrr pge mca cmov pat pse36 clflush dts acpi mmx fxsr sse sse2 ss ht tm pbe syscall nx rdtscp lm constant_tsc arch_perfmon pebs bts rep_good nopl xtopology nonstop_tsc aperfmperf pni pclmulqdq dtes64 monitor ds_cpl vmx est tm2 ssse3 cx16 xtpr pdcm pcid sse4_1 sse4_2 x2apic popcnt tsc_deadline_timer aes xsave avx lahf_lm ida arat epb xsaveopt pln pts dtherm tpr_shadow vnmi flexpriority ept vpid
bogomips	: 4389.83
clflush size	: 64
cache_alignment	: 64
address sizes	: 36 bits physical, 48 bits virtual
power management:

processor	: 7
vendor_id	: GenuineIntel
cpu family	: 6
model		: 42
model name	: Intel(R) Core(TM) i7-2670QM CPU @ 2.20GHz
stepping	: 7
microcode	: 0x25
cpu MHz		: 800.000
cache size	: 6144 KB
physical id	: 0
siblings	: 8
core id		: 3
cpu cores	: 4
apicid		: 7
initial apicid	: 7
fpu		: yes
fpu_exception	: yes
cpuid level	: 13
wp		: yes
flags		: fpu vme de pse tsc msr pae mce cx8 apic sep mtrr pge mca cmov pat pse36 clflush dts acpi mmx fxsr sse sse2 ss ht tm pbe syscall nx rdtscp lm constant_tsc arch_perfmon pebs bts rep_good nopl xtopology nonstop_tsc aperfmperf pni pclmulqdq dtes64 monitor ds_cpl vmx est tm2 ssse3 cx16 xtpr pdcm pcid sse4_1 sse4_2 x2apic popcnt tsc_deadline_timer aes xsave avx lahf_lm ida arat epb xsaveopt pln pts dtherm tpr_shadow vnmi flexpriority ept vpid
bogomips	: 4389.83
clflush size	: 64
cache_alignment	: 64
address sizes	: 36 bits physical, 48 bits virtual
power management:



Memory: 4k page, physical 8124752k(1795820k free), swap 0k(0k free)

vm_info: Java HotSpot(TM) 64-Bit Server VM (23.5-b02) for linux-amd64 JRE (1.7.0_09-b05), built on Sep 24 2012 20:07:15 by "java_re" with gcc 4.3.0 20080428 (Red Hat 4.3.0-8)

time: Thu Jan 17 19:50:08 2013
elapsed time: 11 seconds

