#
# A fatal error has been detected by the Java Runtime Environment:
#
#  SIGSEGV (0xb) at pc=0x00007ff21f5f6d77, pid=8842, tid=140677896328960
#
# JRE version: 7.0_09-b05
# Java VM: Java HotSpot(TM) 64-Bit Server VM (23.5-b02 mixed mode linux-amd64 compressed oops)
# Problematic frame:
# C  [libc.so.6+0x14dd77]  __nss_hosts_lookup+0x1c437
#
# Failed to write core dump. Core dumps have been disabled. To enable core dumping, try "ulimit -c unlimited" before starting Java again
#
# If you would like to submit a bug report, please visit:
#   http://bugreport.sun.com/bugreport/crash.jsp
# The crash happened outside the Java Virtual Machine in native code.
# See problematic frame for where to report the bug.
#

---------------  T H R E A D  ---------------

Current thread (0x00007ff218015800):  JavaThread "main" [_thread_in_native, id=8849, stack(0x00007ff21ff9d000,0x00007ff22009e000)]

siginfo:si_signo=SIGSEGV: si_errno=0, si_code=1 (SEGV_MAPERR), si_addr=0x00007ff2200c4000

Registers:
RAX=0x00007ff218967f02, RBX=0x00007ff2200c1ab7, RCX=0x0000000000008000, RDX=0x00000000000020aa
RSP=0x00007ff220098ce8, RBP=0x00007ff220098d40, RSI=0x00007ff2200c3fc5, RDI=0x00007ff21896a410
R8 =0x00007ff218967f02, R9 =0x00007ff21f5f6d60, R10=0x00007ff215017d85, R11=0x00007ff21f62d350
R12=0x00007ff2200b3166, R13=0x00007ff218babb70, R14=0x00000000000046b8, R15=0x00007ff21815f590
RIP=0x00007ff21f5f6d77, EFLAGS=0x0000000000010206, CSGSFS=0x0000000000000033, ERR=0x0000000000000004
  TRAPNO=0x000000000000000e

Top of Stack: (sp=0x00007ff220098ce8)
0x00007ff220098ce8:   00007ff21ccebc58 00007ff220098d20
0x00007ff220098cf8:   3c8fb8f200000001 000000000000e923
0x00007ff220098d08:   000000008d0b58ee 00007ff218babb70
0x00007ff220098d18:   0000000000000000 00007ff21815f590
0x00007ff220098d28:   000000077f03a7b0 00007ff220098e00
0x00007ff220098d38:   00007ff218015800 00007ff220098d60
0x00007ff220098d48:   00007ff21ccec0d7 000000077f03a7b0
0x00007ff220098d58:   0000000000000000 00007ff220098dd0
0x00007ff220098d68:   00007ff215017db1 000000000000037f
0x00007ff220098d78:   0000000000000000 0000000000000000
0x00007ff220098d88:   0000ffff00001fa0 00007ff220098d90
0x00007ff220098d98:   0000000000000000 00007ff220098e00
0x00007ff220098da8:   000000077f03d058 0000000000000000
0x00007ff220098db8:   000000077f03a7b0 0000000000000000
0x00007ff220098dc8:   00007ff220098df0 00007ff220098e48
0x00007ff220098dd8:   00007ff2150062f5 00000007840005b8
0x00007ff220098de8:   00007ff215013037 0000000000000000
0x00007ff220098df8:   00007ff21815f590 0000000000000000
0x00007ff220098e08:   00007ff220098e08 000000077f03be52
0x00007ff220098e18:   00007ff220098e68 000000077f03d058
0x00007ff220098e28:   000000077fada228 000000077f03be60
0x00007ff220098e38:   00007ff220098df0 00007ff220098e58
0x00007ff220098e48:   00007ff220098ec0 00007ff2150062f5
0x00007ff220098e58:   0000000000000000 00007ff21815f590
0x00007ff220098e68:   00000007844bd348 0000000000000031
0x00007ff220098e78:   00000007844bd348 00007ff220098e70
0x00007ff220098e88:   000000077f17ce86 00007ff220098ef8
0x00007ff220098e98:   000000077f17d370 000000077fad9e50
0x00007ff220098ea8:   000000077f17cf40 00007ff220098e58
0x00007ff220098eb8:   00007ff220098ef8 00007ff220098f40
0x00007ff220098ec8:   00007ff2150063b3 0000000000000000
0x00007ff220098ed8:   0000000000000000 0000000000000000 

Instructions: (pc=0x00007ff21f5f6d77)
0x00007ff21f5f6d57:   2e 0f 1f 84 00 00 00 00 00 48 81 ea 80 00 00 00
0x00007ff21f5f6d67:   0f 28 4e fb 0f 28 56 0b 0f 28 5e 1b 0f 28 66 2b
0x00007ff21f5f6d77:   0f 28 6e 3b 0f 28 76 4b 0f 28 7e 5b 44 0f 28 46
0x00007ff21f5f6d87:   6b 44 0f 28 4e 7b 48 8d b6 80 00 00 00 66 45 0f 

Register to memory mapping:

RAX=0x00007ff218967f02 is an unknown value
RBX=0x00007ff2200c1ab7 is an unknown value
RCX=0x0000000000008000 is an unknown value
RDX=0x00000000000020aa is an unknown value
RSP=0x00007ff220098ce8 is pointing into the stack for thread: 0x00007ff218015800
RBP=0x00007ff220098d40 is pointing into the stack for thread: 0x00007ff218015800
RSI=0x00007ff2200c3fc5 is an unknown value
RDI=0x00007ff21896a410 is an unknown value
R8 =0x00007ff218967f02 is an unknown value
R9 =0x00007ff21f5f6d60: <offset 0x14dd60> in /lib/x86_64-linux-gnu/libc.so.6 at 0x00007ff21f4a9000
R10=0x00007ff215017d85 is an Interpreter codelet
method entry point (kind = native)  [0x00007ff2150178e0, 0x00007ff2150186c0]  3552 bytes
R11=0x00007ff21f62d350: <offset 0x184350> in /lib/x86_64-linux-gnu/libc.so.6 at 0x00007ff21f4a9000
R12=0x00007ff2200b3166 is an unknown value
R13=0x00007ff218babb70 is an unknown value
R14=0x00000000000046b8 is an unknown value
R15=0x00007ff21815f590 is an unknown value


Stack: [0x00007ff21ff9d000,0x00007ff22009e000],  sp=0x00007ff220098ce8,  free space=1007k
Native frames: (J=compiled Java code, j=interpreted, Vv=VM code, C=native code)
C  [libc.so.6+0x14dd77]  __nss_hosts_lookup+0x1c437
C  [libzip.so+0x50d7]  ZIP_GetNextEntry+0x57
j  java.util.zip.ZipFile.getNextEntry(JI)J+0
j  java.util.zip.ZipFile.access$500(JI)J+2
j  java.util.zip.ZipFile$1.nextElement()Ljava/util/zip/ZipEntry;+54
j  java.util.zip.ZipFile$1.nextElement()Ljava/lang/Object;+1
j  java.util.jar.JarFile$1.nextElement()Ljava/util/jar/JarFile$JarFileEntry;+4
j  java.util.jar.JarFile$1.nextElement()Ljava/lang/Object;+1

Java frames: (J=compiled Java code, j=interpreted, Vv=VM code)
j  java.util.zip.ZipFile.getNextEntry(JI)J+0
j  java.util.zip.ZipFile.access$500(JI)J+2
j  java.util.zip.ZipFile$1.nextElement()Ljava/util/zip/ZipEntry;+54
j  java.util.zip.ZipFile$1.nextElement()Ljava/lang/Object;+1
j  java.util.jar.JarFile$1.nextElement()Ljava/util/jar/JarFile$JarFileEntry;+4
j  java.util.jar.JarFile$1.nextElement()Ljava/lang/Object;+1
J  sun.misc.URLClassPath$JarLoader.getResource(Ljava/lang/String;ZLjava/util/Set;)Lsun/misc/Resource;
J  sun.misc.URLClassPath$JarLoader.getResource(Ljava/lang/String;Z)Lsun/misc/Resource;
j  sun.misc.URLClassPath$JarLoader.findResource(Ljava/lang/String;Z)Ljava/net/URL;+3
j  sun.misc.URLClassPath.findResource(Ljava/lang/String;Z)Ljava/net/URL;+17
j  java.net.URLClassLoader$2.run()Ljava/net/URL;+12
j  java.net.URLClassLoader$2.run()Ljava/lang/Object;+1
v  ~StubRoutines::call_stub
j  java.security.AccessController.doPrivileged(Ljava/security/PrivilegedAction;Ljava/security/AccessControlContext;)Ljava/lang/Object;+0
j  java.net.URLClassLoader.findResource(Ljava/lang/String;)Ljava/net/URL;+13
j  java.lang.ClassLoader.getResource(Ljava/lang/String;)Ljava/net/URL;+30
j  java.net.URLClassLoader.getResourceAsStream(Ljava/lang/String;)Ljava/io/InputStream;+2
j  org.jboss.shrinkwrap.impl.base.ServiceExtensionLoader.findExtensionImpl(Ljava/lang/Class;)Ljava/io/InputStream;+52
j  org.jboss.shrinkwrap.impl.base.ServiceExtensionLoader.loadExtensionMapping(Ljava/lang/Class;)Lorg/jboss/shrinkwrap/impl/base/ExtensionWrapper;+2
j  org.jboss.shrinkwrap.impl.base.ServiceExtensionLoader.createFromLoadExtension(Ljava/lang/Class;Lorg/jboss/shrinkwrap/api/Archive;)Lorg/jboss/shrinkwrap/api/Assignable;+2
j  org.jboss.shrinkwrap.impl.base.ServiceExtensionLoader.load(Ljava/lang/Class;Lorg/jboss/shrinkwrap/api/Archive;)Lorg/jboss/shrinkwrap/api/Assignable;+18
j  org.jboss.shrinkwrap.impl.base.ArchiveBase.as(Ljava/lang/Class;)Lorg/jboss/shrinkwrap/api/Assignable;+15
j  org.jboss.shrinkwrap.api.ArchiveFactory.create(Ljava/lang/Class;Ljava/lang/String;)Lorg/jboss/shrinkwrap/api/Assignable;+104
j  org.jboss.shrinkwrap.api.ShrinkWrap.create(Ljava/lang/Class;Ljava/lang/String;)Lorg/jboss/shrinkwrap/api/Assignable;+43
j  org.jboss.arquillian.testenricher.osgi.OSGiAuxiliaryArchiveAppender.createAuxiliaryArchive()Lorg/jboss/shrinkwrap/api/Archive;+5
j  org.jboss.arquillian.container.test.impl.client.deployment.DeploymentGenerator.loadAuxiliaryArchives(Lorg/jboss/arquillian/container/spi/client/deployment/DeploymentDescription;)Ljava/util/List;+62
j  org.jboss.arquillian.container.test.impl.client.deployment.DeploymentGenerator.buildTestableDeployments(Lorg/jboss/arquillian/container/spi/client/deployment/DeploymentScenario;Lorg/jboss/arquillian/test/spi/TestClass;Lorg/jboss/arquillian/container/test/impl/domain/ProtocolRegistry;)V+62
j  org.jboss.arquillian.container.test.impl.client.deployment.DeploymentGenerator.createTestableDeployments(Lorg/jboss/arquillian/container/spi/client/deployment/DeploymentScenario;Lorg/jboss/arquillian/test/spi/TestClass;)V+17
j  org.jboss.arquillian.container.test.impl.client.deployment.DeploymentGenerator.generateDeployment(Lorg/jboss/arquillian/container/test/impl/client/deployment/event/GenerateDeployment;)V+95
v  ~StubRoutines::call_stub
j  sun.reflect.NativeMethodAccessorImpl.invoke0(Ljava/lang/reflect/Method;Ljava/lang/Object;[Ljava/lang/Object;)Ljava/lang/Object;+0
j  sun.reflect.NativeMethodAccessorImpl.invoke(Ljava/lang/Object;[Ljava/lang/Object;)Ljava/lang/Object;+87
j  sun.reflect.DelegatingMethodAccessorImpl.invoke(Ljava/lang/Object;[Ljava/lang/Object;)Ljava/lang/Object;+6
j  java.lang.reflect.Method.invoke(Ljava/lang/Object;[Ljava/lang/Object;)Ljava/lang/Object;+57
j  org.jboss.arquillian.core.impl.ObserverImpl.invoke(Lorg/jboss/arquillian/core/spi/Manager;Ljava/lang/Object;)Z+26
j  org.jboss.arquillian.core.impl.EventContextImpl.invokeObservers()V+47
j  org.jboss.arquillian.core.impl.EventContextImpl.proceed()V+17
j  org.jboss.arquillian.core.impl.ManagerImpl.fire(Ljava/lang/Object;Lorg/jboss/arquillian/core/spi/NonManagedObserver;)V+59
j  org.jboss.arquillian.core.impl.ManagerImpl.fire(Ljava/lang/Object;)V+3
j  org.jboss.arquillian.core.impl.EventImpl.fire(Ljava/lang/Object;)V+5
j  org.jboss.arquillian.container.test.impl.client.ContainerEventController.execute(Lorg/jboss/arquillian/test/spi/event/suite/BeforeClass;)V+31
v  ~StubRoutines::call_stub
j  sun.reflect.NativeMethodAccessorImpl.invoke0(Ljava/lang/reflect/Method;Ljava/lang/Object;[Ljava/lang/Object;)Ljava/lang/Object;+0
j  sun.reflect.NativeMethodAccessorImpl.invoke(Ljava/lang/Object;[Ljava/lang/Object;)Ljava/lang/Object;+87
j  sun.reflect.DelegatingMethodAccessorImpl.invoke(Ljava/lang/Object;[Ljava/lang/Object;)Ljava/lang/Object;+6
j  java.lang.reflect.Method.invoke(Ljava/lang/Object;[Ljava/lang/Object;)Ljava/lang/Object;+57
j  org.jboss.arquillian.core.impl.ObserverImpl.invoke(Lorg/jboss/arquillian/core/spi/Manager;Ljava/lang/Object;)Z+26
j  org.jboss.arquillian.core.impl.EventContextImpl.invokeObservers()V+47
j  org.jboss.arquillian.core.impl.EventContextImpl.proceed()V+17
j  org.jboss.arquillian.test.impl.TestContextHandler.createClassContext(Lorg/jboss/arquillian/core/spi/EventContext;)V+56
v  ~StubRoutines::call_stub
j  sun.reflect.NativeMethodAccessorImpl.invoke0(Ljava/lang/reflect/Method;Ljava/lang/Object;[Ljava/lang/Object;)Ljava/lang/Object;+0
j  sun.reflect.NativeMethodAccessorImpl.invoke(Ljava/lang/Object;[Ljava/lang/Object;)Ljava/lang/Object;+87
j  sun.reflect.DelegatingMethodAccessorImpl.invoke(Ljava/lang/Object;[Ljava/lang/Object;)Ljava/lang/Object;+6
j  java.lang.reflect.Method.invoke(Ljava/lang/Object;[Ljava/lang/Object;)Ljava/lang/Object;+57
j  org.jboss.arquillian.core.impl.ObserverImpl.invoke(Lorg/jboss/arquillian/core/spi/Manager;Ljava/lang/Object;)Z+26
j  org.jboss.arquillian.core.impl.EventContextImpl.proceed()V+66
j  org.jboss.arquillian.test.impl.TestContextHandler.createSuiteContext(Lorg/jboss/arquillian/core/spi/EventContext;)V+20
v  ~StubRoutines::call_stub
j  sun.reflect.NativeMethodAccessorImpl.invoke0(Ljava/lang/reflect/Method;Ljava/lang/Object;[Ljava/lang/Object;)Ljava/lang/Object;+0
j  sun.reflect.NativeMethodAccessorImpl.invoke(Ljava/lang/Object;[Ljava/lang/Object;)Ljava/lang/Object;+87
j  sun.reflect.DelegatingMethodAccessorImpl.invoke(Ljava/lang/Object;[Ljava/lang/Object;)Ljava/lang/Object;+6
j  java.lang.reflect.Method.invoke(Ljava/lang/Object;[Ljava/lang/Object;)Ljava/lang/Object;+57
j  org.jboss.arquillian.core.impl.ObserverImpl.invoke(Lorg/jboss/arquillian/core/spi/Manager;Ljava/lang/Object;)Z+26
j  org.jboss.arquillian.core.impl.EventContextImpl.proceed()V+66
j  org.jboss.arquillian.core.impl.ManagerImpl.fire(Ljava/lang/Object;Lorg/jboss/arquillian/core/spi/NonManagedObserver;)V+59
j  org.jboss.arquillian.core.impl.ManagerImpl.fire(Ljava/lang/Object;)V+3
j  org.jboss.arquillian.test.impl.EventTestRunnerAdaptor.beforeClass(Ljava/lang/Class;Lorg/jboss/arquillian/test/spi/LifecycleMethodExecutor;)V+19
j  org.jboss.arquillian.junit.Arquillian$2.evaluate()V+24
j  org.jboss.arquillian.junit.Arquillian.multiExecute([Lorg/junit/runners/model/Statement;)V+32
j  org.jboss.arquillian.junit.Arquillian.access$100(Lorg/jboss/arquillian/junit/Arquillian;[Lorg/junit/runners/model/Statement;)V+2
j  org.jboss.arquillian.junit.Arquillian$3.evaluate()V+26
j  org.junit.runners.ParentRunner.run(Lorg/junit/runner/notification/RunNotifier;)V+20
j  org.jboss.arquillian.junit.Arquillian.run(Lorg/junit/runner/notification/RunNotifier;)V+100
j  org.eclipse.jdt.internal.junit4.runner.JUnit4TestReference.run(Lorg/eclipse/jdt/internal/junit/runner/TestExecution;)V+72
j  org.eclipse.jdt.internal.junit.runner.TestExecution.run([Lorg/eclipse/jdt/internal/junit/runner/ITestReference;)V+17
j  org.eclipse.jdt.internal.junit.runner.RemoteTestRunner.runTests([Ljava/lang/String;Ljava/lang/String;Lorg/eclipse/jdt/internal/junit/runner/TestExecution;)V+61
j  org.eclipse.jdt.internal.junit.runner.RemoteTestRunner.runTests(Lorg/eclipse/jdt/internal/junit/runner/TestExecution;)V+10
j  org.eclipse.jdt.internal.junit.runner.RemoteTestRunner.run()V+70
j  org.eclipse.jdt.internal.junit.runner.RemoteTestRunner.main([Ljava/lang/String;)V+14
v  ~StubRoutines::call_stub

---------------  P R O C E S S  ---------------

Java Threads: ( => current thread )
  0x00007ff154008000 JavaThread "Keep-Alive-Timer" daemon [_thread_blocked, id=9007, stack(0x00007ff206ccb000,0x00007ff206dcc000)]
  0x00007ff218b6c000 JavaThread "process reaper" daemon [_thread_blocked, id=9002, stack(0x00007ff20c0c7000,0x00007ff20c0ef000)]
  0x00007ff218127800 JavaThread "SocketListener0-1" [_thread_blocked, id=9000, stack(0x00007ff206fce000,0x00007ff2070cf000)]
  0x00007ff21844e000 JavaThread "SocketListener0-0" [_thread_blocked, id=8999, stack(0x00007ff2070cf000,0x00007ff2071d0000)]
  0x00007ff218632000 JavaThread "Acceptor ServerSocket[addr=0.0.0.0/0.0.0.0,port=0,localport=14444]" [_thread_in_native, id=8998, stack(0x00007ff2071d0000,0x00007ff2072d1000)]
  0x00007ff21895b000 JavaThread "SessionScavenger" daemon [_thread_blocked, id=8997, stack(0x00007ff2072d1000,0x00007ff2073d2000)]
  0x00007ff218121800 JavaThread "Timer-0" daemon [_thread_blocked, id=8996, stack(0x00007ff2073d2000,0x00007ff2074d3000)]
  0x00007ff1981e1800 JavaThread "Remoting "management-client" task-4" [_thread_blocked, id=8995, stack(0x00007ff207cfd000,0x00007ff207dfe000)]
  0x00007ff1981de000 JavaThread "Remoting "management-client" task-3" [_thread_blocked, id=8991, stack(0x00007ff207dfe000,0x00007ff207eff000)]
  0x00007ff1981dc000 JavaThread "Remoting "management-client" task-2" [_thread_blocked, id=8989, stack(0x00007ff207eff000,0x00007ff208000000)]
  0x00007ff1981b8800 JavaThread "Remoting "management-client" task-1" [_thread_blocked, id=8987, stack(0x00007ff20c0ef000,0x00007ff20c1f0000)]
  0x00007ff2186c7000 JavaThread "Remoting "management-client" write-1" [_thread_in_native, id=8901, stack(0x00007ff20c676000,0x00007ff20c777000)]
  0x00007ff2186d5000 JavaThread "Remoting "management-client" read-1" [_thread_in_native, id=8900, stack(0x00007ff20c777000,0x00007ff20c878000)]
  0x00007ff218a92800 JavaThread "Thread-1" [_thread_in_native, id=8881, stack(0x00007ff20c878000,0x00007ff20c979000)]
  0x00007ff218a90800 JavaThread "process reaper" daemon [_thread_in_native, id=8880, stack(0x00007ff20c979000,0x00007ff20c9a1000)]
  0x00007ff218479800 JavaThread "ReaderThread" [_thread_in_native, id=8874, stack(0x00007ff20cbb5000,0x00007ff20ccb6000)]
  0x00007ff218119800 JavaThread "Service Thread" daemon [_thread_blocked, id=8872, stack(0x00007ff20d2d7000,0x00007ff20d3d8000)]
  0x00007ff218117800 JavaThread "C2 CompilerThread1" daemon [_thread_in_native, id=8871, stack(0x00007ff20d3d8000,0x00007ff20d4d9000)]
  0x00007ff218114800 JavaThread "C2 CompilerThread0" daemon [_thread_blocked, id=8870, stack(0x00007ff20d4d9000,0x00007ff20d5da000)]
  0x00007ff1c0001000 JavaThread "JDWP Command Reader" daemon [_thread_in_native, id=8868, stack(0x00007ff20d5da000,0x00007ff20d6db000)]
  0x00007ff218112000 JavaThread "JDWP Event Helper Thread" daemon [_thread_blocked, id=8867, stack(0x00007ff20d6db000,0x00007ff20d7dc000)]
  0x00007ff21810e800 JavaThread "JDWP Transport Listener: dt_socket" daemon [_thread_blocked, id=8864, stack(0x00007ff20d7dc000,0x00007ff20d8dd000)]
  0x00007ff2180fc800 JavaThread "Signal Dispatcher" daemon [_thread_blocked, id=8862, stack(0x00007ff20dae1000,0x00007ff20dbe2000)]
  0x00007ff2180b0800 JavaThread "Finalizer" daemon [_thread_blocked, id=8861, stack(0x00007ff20dbe2000,0x00007ff20dce3000)]
  0x00007ff2180ae000 JavaThread "Reference Handler" daemon [_thread_blocked, id=8860, stack(0x00007ff20dce3000,0x00007ff20dde4000)]
=>0x00007ff218015800 JavaThread "main" [_thread_in_native, id=8849, stack(0x00007ff21ff9d000,0x00007ff22009e000)]

Other Threads:
  0x00007ff2180a6800 VMThread [stack: 0x00007ff20dde4000,0x00007ff20dee5000] [id=8859]
  0x00007ff21812c800 WatcherThread [stack: 0x00007ff20d1d6000,0x00007ff20d2d7000] [id=8873]

VM state:not at safepoint (normal execution)

VM Mutex/Monitor currently owned by a thread: None

Heap
 PSYoungGen      total 56704K, used 6718K [0x00000007d6ab0000, 0x00000007dc670000, 0x0000000800000000)
  eden space 47360K, 11% used [0x00000007d6ab0000,0x00000007d7037908,0x00000007d98f0000)
  from space 9344K, 11% used [0x00000007d98f0000,0x00000007d99f8000,0x00000007da210000)
  to   space 9088K, 0% used [0x00000007dbd90000,0x00000007dbd90000,0x00000007dc670000)
 ParOldGen       total 84672K, used 11916K [0x0000000784000000, 0x00000007892b0000, 0x00000007d6ab0000)
  object space 84672K, 14% used [0x0000000784000000,0x0000000784ba3118,0x00000007892b0000)
 PSPermGen       total 21824K, used 21686K [0x000000077ee00000, 0x0000000780350000, 0x0000000784000000)
  object space 21824K, 99% used [0x000000077ee00000,0x000000078032db80,0x0000000780350000)

Card table byte_map: [0x00007ff21c8dd000,0x00007ff21cce7000] byte_map_base: 0x00007ff218ce6000

Polling page: 0x00007ff2200be000

Code Cache  [0x00007ff215000000, 0x00007ff215270000, 0x00007ff218000000)
 total_blobs=922 nmethods=601 adapters=281 free_code_cache=47053Kb largest_free_block=48133120

Compilation events (10 events):
Event: 18.327 Thread 0x00007ff218114800 nmethod 628 0x00007ff2151e5d90 code [0x00007ff2151e5ec0, 0x00007ff2151e5f18]
Event: 18.331 Thread 0x00007ff218117800  629             sun.misc.Hashing::randomHashSeed (103 bytes)
Event: 18.336 Thread 0x00007ff218117800 nmethod 629 0x00007ff21514f810 code [0x00007ff21514f9a0, 0x00007ff21514fd40]
Event: 18.361 Thread 0x00007ff218114800  630             java.util.TreeMap::put (247 bytes)
Event: 18.368 Thread 0x00007ff218117800  631             org.sonatype.aether.impl.internal.GraphNode::getOutgoingEdges (5 bytes)
Event: 18.369 Thread 0x00007ff218117800 nmethod 631 0x00007ff2151e5b90 code [0x00007ff2151e5cc0, 0x00007ff2151e5d38]
Event: 18.369 Thread 0x00007ff218117800  632             java.util.AbstractSet::hashCode (39 bytes)
Event: 18.371 Thread 0x00007ff218117800 nmethod 632 0x00007ff21514f390 code [0x00007ff21514f4e0, 0x00007ff21514f658]
Event: 18.376 Thread 0x00007ff218114800 nmethod 630 0x00007ff21514d390 code [0x00007ff21514d560, 0x00007ff21514dec8]
Event: 18.389 Thread 0x00007ff218117800  633             java.io.File::getName (42 bytes)

GC Heap History (10 events):
Event: 17.284 GC heap before
{Heap before GC invocations=11 (full 0):
 PSYoungGen      total 60864K, used 52448K [0x00000007d6ab0000, 0x00000007dc860000, 0x0000000800000000)
  eden space 51840K, 100% used [0x00000007d6ab0000,0x00000007d9d50000,0x00000007d9d50000)
  from space 9024K, 6% used [0x00000007da670000,0x00000007da708000,0x00000007daf40000)
  to   space 9344K, 0% used [0x00000007d9d50000,0x00000007d9d50000,0x00000007da670000)
 ParOldGen       total 84672K, used 10452K [0x0000000784000000, 0x00000007892b0000, 0x00000007d6ab0000)
  object space 84672K, 12% used [0x0000000784000000,0x0000000784a35118,0x00000007892b0000)
 PSPermGen       total 21632K, used 21570K [0x000000077ee00000, 0x0000000780320000, 0x0000000784000000)
  object space 21632K, 99% used [0x000000077ee00000,0x0000000780310900,0x0000000780320000)
Event: 17.286 GC heap after
Heap after GC invocations=11 (full 0):
 PSYoungGen      total 51392K, used 1104K [0x00000007d6ab0000, 0x00000007dae20000, 0x0000000800000000)
  eden space 50240K, 0% used [0x00000007d6ab0000,0x00000007d6ab0000,0x00000007d9bc0000)
  from space 1152K, 95% used [0x00000007d9d50000,0x00000007d9e64010,0x00000007d9e70000)
  to   space 9408K, 0% used [0x00000007da4f0000,0x00000007da4f0000,0x00000007dae20000)
 ParOldGen       total 84672K, used 10532K [0x0000000784000000, 0x00000007892b0000, 0x00000007d6ab0000)
  object space 84672K, 12% used [0x0000000784000000,0x0000000784a49118,0x00000007892b0000)
 PSPermGen       total 21632K, used 21570K [0x000000077ee00000, 0x0000000780320000, 0x0000000784000000)
  object space 21632K, 99% used [0x000000077ee00000,0x0000000780310900,0x0000000780320000)
}
Event: 17.673 GC heap before
{Heap before GC invocations=12 (full 0):
 PSYoungGen      total 51392K, used 51344K [0x00000007d6ab0000, 0x00000007dae20000, 0x0000000800000000)
  eden space 50240K, 100% used [0x00000007d6ab0000,0x00000007d9bc0000,0x00000007d9bc0000)
  from space 1152K, 95% used [0x00000007d9d50000,0x00000007d9e64010,0x00000007d9e70000)
  to   space 9408K, 0% used [0x00000007da4f0000,0x00000007da4f0000,0x00000007dae20000)
 ParOldGen       total 84672K, used 10532K [0x0000000784000000, 0x00000007892b0000, 0x00000007d6ab0000)
  object space 84672K, 12% used [0x0000000784000000,0x0000000784a49118,0x00000007892b0000)
 PSPermGen       total 21632K, used 21591K [0x000000077ee00000, 0x0000000780320000, 0x0000000784000000)
  object space 21632K, 99% used [0x000000077ee00000,0x0000000780315ed8,0x0000000780320000)
Event: 17.675 GC heap after
Heap after GC invocations=12 (full 0):
 PSYoungGen      total 56832K, used 512K [0x00000007d6ab0000, 0x00000007dace0000, 0x0000000800000000)
  eden space 48704K, 0% used [0x00000007d6ab0000,0x00000007d6ab0000,0x00000007d9a40000)
  from space 8128K, 6% used [0x00000007da4f0000,0x00000007da570000,0x00000007dace0000)
  to   space 9536K, 0% used [0x00000007d9a40000,0x00000007d9a40000,0x00000007da390000)
 ParOldGen       total 84672K, used 10564K [0x0000000784000000, 0x00000007892b0000, 0x00000007d6ab0000)
  object space 84672K, 12% used [0x0000000784000000,0x0000000784a51118,0x00000007892b0000)
 PSPermGen       total 21632K, used 21591K [0x000000077ee00000, 0x0000000780320000, 0x0000000784000000)
  object space 21632K, 99% used [0x000000077ee00000,0x0000000780315ed8,0x0000000780320000)
}
Event: 17.907 GC heap before
{Heap before GC invocations=13 (full 0):
 PSYoungGen      total 56832K, used 49216K [0x00000007d6ab0000, 0x00000007dace0000, 0x0000000800000000)
  eden space 48704K, 100% used [0x00000007d6ab0000,0x00000007d9a40000,0x00000007d9a40000)
  from space 8128K, 6% used [0x00000007da4f0000,0x00000007da570000,0x00000007dace0000)
  to   space 9536K, 0% used [0x00000007d9a40000,0x00000007d9a40000,0x00000007da390000)
 ParOldGen       total 84672K, used 10564K [0x0000000784000000, 0x00000007892b0000, 0x00000007d6ab0000)
  object space 84672K, 12% used [0x0000000784000000,0x0000000784a51118,0x00000007892b0000)
 PSPermGen       total 21824K, used 21636K [0x000000077ee00000, 0x0000000780350000, 0x0000000784000000)
  object space 21824K, 99% used [0x000000077ee00000,0x00000007803212d8,0x0000000780350000)
Event: 17.910 GC heap after
Heap after GC invocations=13 (full 0):
 PSYoungGen      total 47936K, used 704K [0x00000007d6ab0000, 0x00000007dab50000, 0x0000000800000000)
  eden space 47232K, 0% used [0x00000007d6ab0000,0x00000007d6ab0000,0x00000007d98d0000)
  from space 704K, 100% used [0x00000007d9a40000,0x00000007d9af0000,0x00000007d9af0000)
  to   space 9472K, 0% used [0x00000007da210000,0x00000007da210000,0x00000007dab50000)
 ParOldGen       total 84672K, used 10828K [0x0000000784000000, 0x00000007892b0000, 0x00000007d6ab0000)
  object space 84672K, 12% used [0x0000000784000000,0x0000000784a93118,0x00000007892b0000)
 PSPermGen       total 21824K, used 21636K [0x000000077ee00000, 0x0000000780350000, 0x0000000784000000)
  object space 21824K, 99% used [0x000000077ee00000,0x00000007803212d8,0x0000000780350000)
}
Event: 18.133 GC heap before
{Heap before GC invocations=14 (full 0):
 PSYoungGen      total 47936K, used 47936K [0x00000007d6ab0000, 0x00000007dab50000, 0x0000000800000000)
  eden space 47232K, 100% used [0x00000007d6ab0000,0x00000007d98d0000,0x00000007d98d0000)
  from space 704K, 100% used [0x00000007d9a40000,0x00000007d9af0000,0x00000007d9af0000)
  to   space 9472K, 0% used [0x00000007da210000,0x00000007da210000,0x00000007dab50000)
 ParOldGen       total 84672K, used 10828K [0x0000000784000000, 0x00000007892b0000, 0x00000007d6ab0000)
  object space 84672K, 12% used [0x0000000784000000,0x0000000784a93118,0x00000007892b0000)
 PSPermGen       total 21824K, used 21654K [0x000000077ee00000, 0x0000000780350000, 0x0000000784000000)
  object space 21824K, 99% used [0x000000077ee00000,0x0000000780325b78,0x0000000780350000)
Event: 18.136 GC heap after
Heap after GC invocations=14 (full 0):
 PSYoungGen      total 56832K, used 848K [0x00000007d6ab0000, 0x00000007dc6c0000, 0x0000000800000000)
  eden space 47360K, 0% used [0x00000007d6ab0000,0x00000007d6ab0000,0x00000007d98f0000)
  from space 9472K, 8% used [0x00000007da210000,0x00000007da2e4010,0x00000007dab50000)
  to   space 9344K, 0% used [0x00000007d98f0000,0x00000007d98f0000,0x00000007da210000)
 ParOldGen       total 84672K, used 11348K [0x0000000784000000, 0x00000007892b0000, 0x00000007d6ab0000)
  object space 84672K, 13% used [0x0000000784000000,0x0000000784b15118,0x00000007892b0000)
 PSPermGen       total 21824K, used 21654K [0x000000077ee00000, 0x0000000780350000, 0x0000000784000000)
  object space 21824K, 99% used [0x000000077ee00000,0x0000000780325b78,0x0000000780350000)
}
Event: 18.349 GC heap before
{Heap before GC invocations=15 (full 0):
 PSYoungGen      total 56832K, used 48208K [0x00000007d6ab0000, 0x00000007dc6c0000, 0x0000000800000000)
  eden space 47360K, 100% used [0x00000007d6ab0000,0x00000007d98f0000,0x00000007d98f0000)
  from space 9472K, 8% used [0x00000007da210000,0x00000007da2e4010,0x00000007dab50000)
  to   space 9344K, 0% used [0x00000007d98f0000,0x00000007d98f0000,0x00000007da210000)
 ParOldGen       total 84672K, used 11348K [0x0000000784000000, 0x00000007892b0000, 0x00000007d6ab0000)
  object space 84672K, 13% used [0x0000000784000000,0x0000000784b15118,0x00000007892b0000)
 PSPermGen       total 21824K, used 21666K [0x000000077ee00000, 0x0000000780350000, 0x0000000784000000)
  object space 21824K, 99% used [0x000000077ee00000,0x0000000780328818,0x0000000780350000)
Event: 18.352 GC heap after
Heap after GC invocations=15 (full 0):
 PSYoungGen      total 56704K, used 1056K [0x00000007d6ab0000, 0x00000007dc670000, 0x0000000800000000)
  eden space 47360K, 0% used [0x00000007d6ab0000,0x00000007d6ab0000,0x00000007d98f0000)
  from space 9344K, 11% used [0x00000007d98f0000,0x00000007d99f8000,0x00000007da210000)
  to   space 9088K, 0% used [0x00000007dbd90000,0x00000007dbd90000,0x00000007dc670000)
 ParOldGen       total 84672K, used 11916K [0x0000000784000000, 0x00000007892b0000, 0x00000007d6ab0000)
  object space 84672K, 14% used [0x0000000784000000,0x0000000784ba3118,0x00000007892b0000)
 PSPermGen       total 21824K, used 21666K [0x000000077ee00000, 0x0000000780350000, 0x0000000784000000)
  object space 21824K, 99% used [0x000000077ee00000,0x0000000780328818,0x0000000780350000)
}

Deoptimization events (10 events):
Event: 12.247 Thread 0x00007ff154009000 Uncommon trap -58 fr.pc 0x00007ff215154c6c
Event: 13.402 Thread 0x00007ff15c023000 Uncommon trap -34 fr.pc 0x00007ff2150b7cb4
Event: 13.882 Thread 0x00007ff154009000 Uncommon trap -34 fr.pc 0x00007ff2150b7cb4
Event: 15.223 Thread 0x00007ff218015800 Uncommon trap -83 fr.pc 0x00007ff2150761a0
Event: 15.224 Thread 0x00007ff218015800 Uncommon trap -83 fr.pc 0x00007ff2150a7e50
Event: 16.496 Thread 0x00007ff218015800 Uncommon trap -122 fr.pc 0x00007ff215103df0
Event: 16.549 Thread 0x00007ff218015800 Uncommon trap -34 fr.pc 0x00007ff21514eb94
Event: 16.550 Thread 0x00007ff218015800 Uncommon trap -34 fr.pc 0x00007ff21514eb94
Event: 16.550 Thread 0x00007ff218015800 Uncommon trap -34 fr.pc 0x00007ff21514eb94
Event: 16.550 Thread 0x00007ff218015800 Uncommon trap -34 fr.pc 0x00007ff21514eb94

Internal exceptions (10 events):
Event: 18.381 Thread 0x00007ff218015800 Threw 0x00000007d6eeed18 at /HUDSON/workspace/jdk7u9-2-build-linux-amd64-product/jdk7u9/hotspot/src/share/vm/prims/jni.cpp:716
Event: 18.382 Thread 0x00007ff218015800 Threw 0x00000007d6f33288 at /HUDSON/workspace/jdk7u9-2-build-linux-amd64-product/jdk7u9/hotspot/src/share/vm/prims/jni.cpp:716
Event: 18.383 Thread 0x00007ff218015800 Threw 0x00000007d6f35e30 at /HUDSON/workspace/jdk7u9-2-build-linux-amd64-product/jdk7u9/hotspot/src/share/vm/prims/jni.cpp:716
Event: 18.384 Thread 0x00007ff218015800 Threw 0x00000007d6f60638 at /HUDSON/workspace/jdk7u9-2-build-linux-amd64-product/jdk7u9/hotspot/src/share/vm/prims/jni.cpp:716
Event: 18.384 Thread 0x00007ff218015800 Threw 0x00000007d6f72548 at /HUDSON/workspace/jdk7u9-2-build-linux-amd64-product/jdk7u9/hotspot/src/share/vm/prims/jni.cpp:716
Event: 18.387 Thread 0x00007ff218015800 Threw 0x00000007d6fd6258 at /HUDSON/workspace/jdk7u9-2-build-linux-amd64-product/jdk7u9/hotspot/src/share/vm/prims/jni.cpp:716
Event: 18.387 Thread 0x00007ff218015800 Threw 0x00000007d6fde648 at /HUDSON/workspace/jdk7u9-2-build-linux-amd64-product/jdk7u9/hotspot/src/share/vm/prims/jni.cpp:716
Event: 18.389 Thread 0x00007ff218015800 Threw 0x00000007d700b450 at /HUDSON/workspace/jdk7u9-2-build-linux-amd64-product/jdk7u9/hotspot/src/share/vm/prims/jvm.cpp:1166
Event: 18.390 Thread 0x00007ff218015800 Threw 0x00000007d7012d58 at /HUDSON/workspace/jdk7u9-2-build-linux-amd64-product/jdk7u9/hotspot/src/share/vm/prims/jvm.cpp:1166
Event: 18.393 Thread 0x00007ff218015800 Threw 0x00000007d7028588 at /HUDSON/workspace/jdk7u9-2-build-linux-amd64-product/jdk7u9/hotspot/src/share/vm/prims/jvm.cpp:1166

Events (10 events):
Event: 18.133 Executing VM operation: ParallelGCFailedAllocation
Event: 18.136 Executing VM operation: ParallelGCFailedAllocation done
Event: 18.349 Executing VM operation: ParallelGCFailedAllocation
Event: 18.352 Executing VM operation: ParallelGCFailedAllocation done
Event: 18.389 loading class 0x00007ff21847e610
Event: 18.389 loading class 0x00007ff21847e610 done
Event: 18.390 loading class 0x00007ff218223d70
Event: 18.390 loading class 0x00007ff218223d70 done
Event: 18.393 loading class 0x00007ff2186d9820
Event: 18.393 loading class 0x00007ff2186d9820 done


Dynamic libraries:
00400000-00401000 r-xp 00000000 08:05 18105054                           /usr/lib/jvm/java-7-oracle/bin/java
00600000-00601000 rw-p 00000000 08:05 18105054                           /usr/lib/jvm/java-7-oracle/bin/java
01f4b000-01f6c000 rw-p 00000000 00:00 0                                  [heap]
77ee00000-780350000 rw-p 00000000 00:00 0 
780350000-784000000 rw-p 00000000 00:00 0 
784000000-7892b0000 rw-p 00000000 00:00 0 
7892b0000-7d6ab0000 rw-p 00000000 00:00 0 
7d6ab0000-7dc670000 rw-p 00000000 00:00 0 
7dc670000-7dc860000 ---p 00000000 00:00 0 
7dc860000-800000000 rw-p 00000000 00:00 0 
7ff144000000-7ff144021000 rw-p 00000000 00:00 0 
7ff144021000-7ff148000000 ---p 00000000 00:00 0 
7ff14c000000-7ff14c033000 rw-p 00000000 00:00 0 
7ff14c033000-7ff150000000 ---p 00000000 00:00 0 
7ff150000000-7ff150021000 rw-p 00000000 00:00 0 
7ff150021000-7ff154000000 ---p 00000000 00:00 0 
7ff154000000-7ff154021000 rw-p 00000000 00:00 0 
7ff154021000-7ff158000000 ---p 00000000 00:00 0 
7ff158000000-7ff158021000 rw-p 00000000 00:00 0 
7ff158021000-7ff15c000000 ---p 00000000 00:00 0 
7ff15c000000-7ff15c024000 rw-p 00000000 00:00 0 
7ff15c024000-7ff160000000 ---p 00000000 00:00 0 
7ff160000000-7ff160021000 rw-p 00000000 00:00 0 
7ff160021000-7ff164000000 ---p 00000000 00:00 0 
7ff164000000-7ff164021000 rw-p 00000000 00:00 0 
7ff164021000-7ff168000000 ---p 00000000 00:00 0 
7ff168000000-7ff168021000 rw-p 00000000 00:00 0 
7ff168021000-7ff16c000000 ---p 00000000 00:00 0 
7ff16c000000-7ff16c021000 rw-p 00000000 00:00 0 
7ff16c021000-7ff170000000 ---p 00000000 00:00 0 
7ff170000000-7ff170021000 rw-p 00000000 00:00 0 
7ff170021000-7ff174000000 ---p 00000000 00:00 0 
7ff174000000-7ff174021000 rw-p 00000000 00:00 0 
7ff174021000-7ff178000000 ---p 00000000 00:00 0 
7ff178000000-7ff178021000 rw-p 00000000 00:00 0 
7ff178021000-7ff17c000000 ---p 00000000 00:00 0 
7ff17c000000-7ff17c021000 rw-p 00000000 00:00 0 
7ff17c021000-7ff180000000 ---p 00000000 00:00 0 
7ff180000000-7ff180021000 rw-p 00000000 00:00 0 
7ff180021000-7ff184000000 ---p 00000000 00:00 0 
7ff184000000-7ff184021000 rw-p 00000000 00:00 0 
7ff184021000-7ff188000000 ---p 00000000 00:00 0 
7ff188000000-7ff188021000 rw-p 00000000 00:00 0 
7ff188021000-7ff18c000000 ---p 00000000 00:00 0 
7ff18c000000-7ff18c021000 rw-p 00000000 00:00 0 
7ff18c021000-7ff190000000 ---p 00000000 00:00 0 
7ff190000000-7ff190021000 rw-p 00000000 00:00 0 
7ff190021000-7ff194000000 ---p 00000000 00:00 0 
7ff194000000-7ff194021000 rw-p 00000000 00:00 0 
7ff194021000-7ff198000000 ---p 00000000 00:00 0 
7ff198000000-7ff1981e3000 rw-p 00000000 00:00 0 
7ff1981e3000-7ff19c000000 ---p 00000000 00:00 0 
7ff19c000000-7ff19c021000 rw-p 00000000 00:00 0 
7ff19c021000-7ff1a0000000 ---p 00000000 00:00 0 
7ff1a0000000-7ff1a0021000 rw-p 00000000 00:00 0 
7ff1a0021000-7ff1a4000000 ---p 00000000 00:00 0 
7ff1a4000000-7ff1a4021000 rw-p 00000000 00:00 0 
7ff1a4021000-7ff1a8000000 ---p 00000000 00:00 0 
7ff1a8000000-7ff1a8021000 rw-p 00000000 00:00 0 
7ff1a8021000-7ff1ac000000 ---p 00000000 00:00 0 
7ff1ac000000-7ff1adcc6000 rw-p 00000000 00:00 0 
7ff1adcc6000-7ff1b0000000 ---p 00000000 00:00 0 
7ff1b0000000-7ff1b0d00000 rw-p 00000000 00:00 0 
7ff1b0d00000-7ff1b4000000 ---p 00000000 00:00 0 
7ff1b4000000-7ff1b4021000 rw-p 00000000 00:00 0 
7ff1b4021000-7ff1b8000000 ---p 00000000 00:00 0 
7ff1b8000000-7ff1b8021000 rw-p 00000000 00:00 0 
7ff1b8021000-7ff1bc000000 ---p 00000000 00:00 0 
7ff1bc000000-7ff1bc021000 rw-p 00000000 00:00 0 
7ff1bc021000-7ff1c0000000 ---p 00000000 00:00 0 
7ff1c0000000-7ff1c0021000 rw-p 00000000 00:00 0 
7ff1c0021000-7ff1c4000000 ---p 00000000 00:00 0 
7ff1c4000000-7ff1c4021000 rw-p 00000000 00:00 0 
7ff1c4021000-7ff1c8000000 ---p 00000000 00:00 0 
7ff1c8000000-7ff1c8023000 rw-p 00000000 00:00 0 
7ff1c8023000-7ff1cc000000 ---p 00000000 00:00 0 
7ff1cc000000-7ff1cc021000 rw-p 00000000 00:00 0 
7ff1cc021000-7ff1d0000000 ---p 00000000 00:00 0 
7ff1d3f70000-7ff1d8000000 rw-p 00000000 00:00 0 
7ff1d8000000-7ff1d8021000 rw-p 00000000 00:00 0 
7ff1d8021000-7ff1dc000000 ---p 00000000 00:00 0 
7ff1e0000000-7ff1e0021000 rw-p 00000000 00:00 0 
7ff1e0021000-7ff1e4000000 ---p 00000000 00:00 0 
7ff1e8000000-7ff1e8021000 rw-p 00000000 00:00 0 
7ff1e8021000-7ff1ec000000 ---p 00000000 00:00 0 
7ff1f0000000-7ff1f0021000 rw-p 00000000 00:00 0 
7ff1f0021000-7ff1f4000000 ---p 00000000 00:00 0 
7ff1f8000000-7ff1f8021000 rw-p 00000000 00:00 0 
7ff1f8021000-7ff1fc000000 ---p 00000000 00:00 0 
7ff200000000-7ff200021000 rw-p 00000000 00:00 0 
7ff200021000-7ff204000000 ---p 00000000 00:00 0 
7ff2067c6000-7ff2067c9000 ---p 00000000 00:00 0 
7ff2067c9000-7ff2068c7000 rw-p 00000000 00:00 0 
7ff2068c7000-7ff2068ca000 ---p 00000000 00:00 0 
7ff2068ca000-7ff2069c8000 rw-p 00000000 00:00 0 
7ff2069c8000-7ff2069cb000 ---p 00000000 00:00 0 
7ff2069cb000-7ff206ac9000 rw-p 00000000 00:00 0 
7ff206ac9000-7ff206acc000 ---p 00000000 00:00 0 
7ff206acc000-7ff206bca000 rw-p 00000000 00:00 0 
7ff206bca000-7ff206bcd000 ---p 00000000 00:00 0 
7ff206bcd000-7ff206ccb000 rw-p 00000000 00:00 0 
7ff206ccb000-7ff206cce000 ---p 00000000 00:00 0 
7ff206cce000-7ff206dcc000 rw-p 00000000 00:00 0 
7ff206dcc000-7ff206dcf000 ---p 00000000 00:00 0 
7ff206dcf000-7ff206ecd000 rw-p 00000000 00:00 0 
7ff206ecd000-7ff206ed0000 ---p 00000000 00:00 0 
7ff206ed0000-7ff206fce000 rw-p 00000000 00:00 0 
7ff206fce000-7ff206fd1000 ---p 00000000 00:00 0 
7ff206fd1000-7ff2070cf000 rw-p 00000000 00:00 0 
7ff2070cf000-7ff2070d2000 ---p 00000000 00:00 0 
7ff2070d2000-7ff2071d0000 rw-p 00000000 00:00 0 
7ff2071d0000-7ff2071d3000 ---p 00000000 00:00 0 
7ff2071d3000-7ff2072d1000 rw-p 00000000 00:00 0 
7ff2072d1000-7ff2072d4000 ---p 00000000 00:00 0 
7ff2072d4000-7ff2073d2000 rw-p 00000000 00:00 0 
7ff2073d2000-7ff2073d5000 ---p 00000000 00:00 0 
7ff2073d5000-7ff2074d3000 rw-p 00000000 00:00 0 
7ff2074d3000-7ff2074d5000 r-xp 00000000 08:05 1490996                    /lib/libnss_mdns4.so.2
7ff2074d5000-7ff2076d4000 ---p 00002000 08:05 1490996                    /lib/libnss_mdns4.so.2
7ff2076d4000-7ff2076d5000 r--p 00001000 08:05 1490996                    /lib/libnss_mdns4.so.2
7ff2076d5000-7ff2076d6000 rw-p 00002000 08:05 1490996                    /lib/libnss_mdns4.so.2
7ff2076d6000-7ff2076ee000 r-xp 00000000 08:05 1491863                    /lib/x86_64-linux-gnu/libresolv-2.15.so
7ff2076ee000-7ff2078ee000 ---p 00018000 08:05 1491863                    /lib/x86_64-linux-gnu/libresolv-2.15.so
7ff2078ee000-7ff2078ef000 r--p 00018000 08:05 1491863                    /lib/x86_64-linux-gnu/libresolv-2.15.so
7ff2078ef000-7ff2078f0000 rw-p 00019000 08:05 1491863                    /lib/x86_64-linux-gnu/libresolv-2.15.so
7ff2078f0000-7ff2078f2000 rw-p 00000000 00:00 0 
7ff2078f2000-7ff2078f9000 r-xp 00000000 08:05 1492190                    /lib/x86_64-linux-gnu/libnss_dns-2.15.so
7ff2078f9000-7ff207af8000 ---p 00007000 08:05 1492190                    /lib/x86_64-linux-gnu/libnss_dns-2.15.so
7ff207af8000-7ff207af9000 r--p 00006000 08:05 1492190                    /lib/x86_64-linux-gnu/libnss_dns-2.15.so
7ff207af9000-7ff207afa000 rw-p 00007000 08:05 1492190                    /lib/x86_64-linux-gnu/libnss_dns-2.15.so
7ff207afa000-7ff207afc000 r-xp 00000000 08:05 1491046                    /lib/libnss_mdns4_minimal.so.2
7ff207afc000-7ff207cfb000 ---p 00002000 08:05 1491046                    /lib/libnss_mdns4_minimal.so.2
7ff207cfb000-7ff207cfc000 r--p 00001000 08:05 1491046                    /lib/libnss_mdns4_minimal.so.2
7ff207cfc000-7ff207cfd000 rw-p 00002000 08:05 1491046                    /lib/libnss_mdns4_minimal.so.2
7ff207cfd000-7ff207d00000 ---p 00000000 00:00 0 
7ff207d00000-7ff207dfe000 rw-p 00000000 00:00 0 
7ff207dfe000-7ff207e01000 ---p 00000000 00:00 0 
7ff207e01000-7ff207eff000 rw-p 00000000 00:00 0 
7ff207eff000-7ff207f02000 ---p 00000000 00:00 0 
7ff207f02000-7ff208000000 rw-p 00000000 00:00 0 
7ff208000000-7ff208021000 rw-p 00000000 00:00 0 
7ff208021000-7ff20c000000 ---p 00000000 00:00 0 
7ff20c0c7000-7ff20c0ca000 ---p 00000000 00:00 0 
7ff20c0ca000-7ff20c0ef000 rw-p 00000000 00:00 0 
7ff20c0ef000-7ff20c0f2000 ---p 00000000 00:00 0 
7ff20c0f2000-7ff20c1f0000 rw-p 00000000 00:00 0 
7ff20c1f0000-7ff20c205000 r-xp 00000000 08:05 1491957                    /lib/x86_64-linux-gnu/libgcc_s.so.1
7ff20c205000-7ff20c404000 ---p 00015000 08:05 1491957                    /lib/x86_64-linux-gnu/libgcc_s.so.1
7ff20c404000-7ff20c405000 r--p 00014000 08:05 1491957                    /lib/x86_64-linux-gnu/libgcc_s.so.1
7ff20c405000-7ff20c406000 rw-p 00015000 08:05 1491957                    /lib/x86_64-linux-gnu/libgcc_s.so.1
7ff20c41d000-7ff20c41e000 rw-p 00000000 00:00 0 
7ff20c41e000-7ff20c41f000 r--p 00000000 00:00 0 
7ff20c41f000-7ff20c423000 r--s 0002d000 08:05 18104438                   /usr/lib/jvm/java-7-oracle/jre/lib/ext/sunjce_provider.jar
7ff20c423000-7ff20c455000 r-xp 00000000 08:05 18096197                   /usr/lib/jvm/java-7-oracle/jre/lib/amd64/libsunec.so
7ff20c455000-7ff20c654000 ---p 00032000 08:05 18096197                   /usr/lib/jvm/java-7-oracle/jre/lib/amd64/libsunec.so
7ff20c654000-7ff20c65a000 rw-p 00031000 08:05 18096197                   /usr/lib/jvm/java-7-oracle/jre/lib/amd64/libsunec.so
7ff20c65a000-7ff20c66a000 rw-p 00000000 00:00 0 
7ff20c66a000-7ff20c66b000 r--s 00003000 08:05 18104441                   /usr/lib/jvm/java-7-oracle/jre/lib/ext/sunec.jar
7ff20c66b000-7ff20c66f000 r--s 00037000 08:05 18104437                   /usr/lib/jvm/java-7-oracle/jre/lib/ext/sunpkcs11.jar
7ff20c66f000-7ff20c672000 r--s 00018000 08:05 18088243                   /usr/lib/jvm/java-7-oracle/jre/lib/jce.jar
7ff20c672000-7ff20c676000 r--s 00089000 08:05 18088241                   /usr/lib/jvm/java-7-oracle/jre/lib/jsse.jar
7ff20c676000-7ff20c679000 ---p 00000000 00:00 0 
7ff20c679000-7ff20c777000 rw-p 00000000 00:00 0 
7ff20c777000-7ff20c77a000 ---p 00000000 00:00 0 
7ff20c77a000-7ff20c878000 rw-p 00000000 00:00 0 
7ff20c878000-7ff20c87b000 ---p 00000000 00:00 0 
7ff20c87b000-7ff20c979000 rw-p 00000000 00:00 0 
7ff20c979000-7ff20c97c000 ---p 00000000 00:00 0 
7ff20c97c000-7ff20c9a1000 rw-p 00000000 00:00 0 
7ff20c9a1000-7ff20c9b1000 r-xp 00000000 08:05 18096178                   /usr/lib/jvm/java-7-oracle/jre/lib/amd64/libnio.so
7ff20c9b1000-7ff20cbb1000 ---p 00010000 08:05 18096178                   /usr/lib/jvm/java-7-oracle/jre/lib/amd64/libnio.so
7ff20cbb1000-7ff20cbb2000 rw-p 00010000 08:05 18096178                   /usr/lib/jvm/java-7-oracle/jre/lib/amd64/libnio.so
7ff20cbb2000-7ff20cbb5000 r--s 000f7000 08:05 18104439                   /usr/lib/jvm/java-7-oracle/jre/lib/ext/localedata.jar
7ff20cbb5000-7ff20cbb8000 ---p 00000000 00:00 0 
7ff20cbb8000-7ff20ccb6000 rw-p 00000000 00:00 0 
7ff20ccb6000-7ff20cccb000 r-xp 00000000 08:05 18096213                   /usr/lib/jvm/java-7-oracle/jre/lib/amd64/libnet.so
7ff20cccb000-7ff20cecb000 ---p 00015000 08:05 18096213                   /usr/lib/jvm/java-7-oracle/jre/lib/amd64/libnet.so
7ff20cecb000-7ff20cecc000 rw-p 00015000 08:05 18096213                   /usr/lib/jvm/java-7-oracle/jre/lib/amd64/libnet.so
7ff20cecc000-7ff20cecd000 r--s 00000000 08:05 16508517                   /home/fife/.m2/repository/org/jboss/as/jboss-as-build-config/7.1.1.Final/jboss-as-build-config-7.1.1.Final.jar
7ff20cecd000-7ff20cecf000 r--s 00001000 08:05 16507374                   /home/fife/.m2/repository/org/jboss/arquillian/core/arquillian-core-api/1.0.0.Final/arquillian-core-api-1.0.0.Final.jar
7ff20cecf000-7ff20ced1000 r--s 00014000 08:05 16508518                   /home/fife/.m2/repository/org/jboss/sasl/jboss-sasl/1.0.0.Final/jboss-sasl-1.0.0.Final.jar
7ff20ced1000-7ff20ced7000 r--s 00032000 08:05 16508514                   /home/fife/.m2/repository/org/jboss/marshalling/jboss-marshalling/1.3.9.GA/jboss-marshalling-1.3.9.GA.jar
7ff20ced7000-7ff20cedc000 r--s 00029000 08:05 16426126                   /home/fife/.m2/repository/org/jboss/logmanager/jboss-logmanager/1.2.2.GA/jboss-logmanager-1.2.2.GA.jar
7ff20cedc000-7ff20cee1000 r--s 00021000 08:05 16508512                   /home/fife/.m2/repository/org/jboss/remotingjmx/remoting-jmx/1.0.2.Final/remoting-jmx-1.0.2.Final.jar
7ff20cee1000-7ff20cee6000 r--s 00036000 08:05 16508511                   /home/fife/.m2/repository/org/jboss/xnio/xnio-api/3.0.0.GA/xnio-api-3.0.0.GA.jar
7ff20cee6000-7ff20ceec000 r--s 00033000 08:05 16508508                   /home/fife/.m2/repository/org/jboss/remoting3/jboss-remoting/3.2.3.GA/jboss-remoting-3.2.3.GA.jar
7ff20ceec000-7ff20ceee000 r--s 0000d000 08:05 16508507                   /home/fife/.m2/repository/org/jboss/logging/jboss-logging/3.1.0.GA/jboss-logging-3.1.0.GA.jar
7ff20ceee000-7ff20cef0000 r--s 00003000 08:05 16508506                   /home/fife/.m2/repository/org/jboss/arquillian/protocol/arquillian-protocol-jmx/1.0.0.Final/arquillian-protocol-jmx-1.0.0.Final.jar
7ff20cef0000-7ff20cefa000 r--s 0004d000 08:05 16508590                   /home/fife/.m2/repository/org/osgi/org.osgi.enterprise/4.2.0/org.osgi.enterprise-4.2.0.jar
7ff20cefa000-7ff20cefc000 r--s 0000b000 08:05 16508504                   /home/fife/.m2/repository/org/apache/felix/org.apache.felix.resolver/0.1.0.Beta1/org.apache.felix.resolver-0.1.0.Beta1.jar
7ff20cefc000-7ff20cefe000 r--s 0000a000 08:05 16508500                   /home/fife/.m2/repository/org/jboss/osgi/resolver/jbosgi-resolver-api-v2/2.0.0.Beta2/jbosgi-resolver-api-v2-2.0.0.Beta2.jar
7ff20cefe000-7ff20cf01000 r--s 0000e000 08:05 16508498                   /home/fife/.m2/repository/org/jboss/osgi/repository/jbosgi-repository-api/1.0.5/jbosgi-repository-api-1.0.5.jar
7ff20cf01000-7ff20cf02000 r--s 00002000 08:05 16508499                   /home/fife/.m2/repository/org/jboss/osgi/repository/jbosgi-repository-core/1.0.5/jbosgi-repository-core-1.0.5.jar
7ff20cf02000-7ff20cf10000 r--s 00088000 08:05 16508589                   /home/fife/.m2/repository/org/osgi/org.osgi.compendium/4.2.0/org.osgi.compendium-4.2.0.jar
7ff20cf10000-7ff20cf11000 r--s 00003000 08:05 16508494                   /home/fife/.m2/repository/org/jboss/osgi/vfs/jbosgi-vfs30/1.0.7.Final/jbosgi-vfs30-1.0.7.Final.jar
7ff20cf11000-7ff20cf13000 r--s 00007000 08:05 16508495                   /home/fife/.m2/repository/org/jboss/osgi/resolver/jbosgi-resolver-spi/1.0.13.Final/jbosgi-resolver-spi-1.0.13.Final.jar
7ff20cf13000-7ff20cf15000 r--s 0000a000 08:05 16508493                   /home/fife/.m2/repository/org/jboss/osgi/metadata/jbosgi-metadata/2.0.3.Final/jbosgi-metadata-2.0.3.Final.jar
7ff20cf15000-7ff20cf17000 r--s 00002000 08:05 16508489                   /home/fife/.m2/repository/org/jboss/osgi/resolver/jbosgi-resolver-api/1.0.13.Final/jbosgi-resolver-api-1.0.13.Final.jar
7ff20cf17000-7ff20cf1a000 r--s 0001b000 08:05 16508487                   /home/fife/.m2/repository/org/jboss/osgi/resolver/jbosgi-resolver-felix/1.0.13.Final/jbosgi-resolver-felix-1.0.13.Final.jar
7ff20cf1a000-7ff20cf1c000 r--s 00004000 08:05 16508484                   /home/fife/.m2/repository/org/jboss/osgi/deployment/jbosgi-deployment/1.0.12.Final/jbosgi-deployment-1.0.12.Final.jar
7ff20cf1c000-7ff20cf22000 r--s 0004d000 08:05 16508482                   /home/fife/.m2/repository/org/jboss/osgi/framework/jbosgi-framework-core/1.1.8.Final/jbosgi-framework-core-1.1.8.Final.jar
7ff20cf22000-7ff20cf27000 r--s 0003d000 08:05 16508480                   /home/fife/.m2/repository/org/jboss/modules/jboss-modules/1.1.1.GA/jboss-modules-1.1.1.GA.jar
7ff20cf27000-7ff20cf2d000 r--s 00034000 08:05 16508479                   /home/fife/.m2/repository/org/jboss/jboss-ejb-client/1.0.0.Final/jboss-ejb-client-1.0.0.Final.jar
7ff20cf2d000-7ff20cf31000 r--s 0001f000 08:05 16508478                   /home/fife/.m2/repository/org/jboss/jboss-remote-naming/1.0.2.Final/jboss-remote-naming-1.0.2.Final.jar
7ff20cf31000-7ff20cf36000 r--s 00029000 08:05 16508474                   /home/fife/.m2/repository/org/jboss/as/jboss-as-naming/7.1.1.Final/jboss-as-naming-7.1.1.Final.jar
7ff20cf36000-7ff20cf37000 r--s 00002000 08:05 16426075                   /home/fife/.m2/repository/org/jboss/spec/javax/transaction/jboss-transaction-api_1.1_spec/1.0.0.Final/jboss-transaction-api_1.1_spec-1.0.0.Final.jar
7ff20cf37000-7ff20cf3a000 r--s 0000e000 08:05 16508472                   /home/fife/.m2/repository/org/jboss/metadata/jboss-metadata-ear/7.0.1.Final/jboss-metadata-ear-7.0.1.Final.jar
7ff20cf3a000-7ff20cf43000 r--s 00057000 08:05 16508470                   /home/fife/.m2/repository/org/jboss/metadata/jboss-metadata-common/7.0.1.Final/jboss-metadata-common-7.0.1.Final.jar
7ff20cf43000-7ff20cf4c000 r--s 00051000 08:05 16508467                   /home/fife/.m2/repository/org/hibernate/hibernate-validator/4.2.0.Final/hibernate-validator-4.2.0.Final.jar
7ff20cf4c000-7ff20cf54000 r--s 00056000 08:05 16508466                   /home/fife/.m2/repository/org/jboss/as/jboss-as-ee/7.1.1.Final/jboss-as-ee-7.1.1.Final.jar
7ff20cf54000-7ff20cf62000 r--s 0008f000 08:05 16508561                   /home/fife/.m2/repository/com/google/collections/google-collections/1.0/google-collections-1.0.jar
7ff20cf62000-7ff20cf69000 r--s 00051000 08:05 16508560                   /home/fife/.m2/repository/log4j/log4j/1.2.12/log4j-1.2.12.jar
7ff20cf69000-7ff20cf6d000 r--s 0001d000 08:05 16508558                   /home/fife/.m2/repository/org/apache/xbean/xbean-reflect/3.4/xbean-reflect-3.4.jar
7ff20cf6d000-7ff20cf6f000 r--s 0000a000 08:05 16508556                   /home/fife/.m2/repository/org/codehaus/plexus/plexus-classworlds/2.2.2/plexus-classworlds-2.2.2.jar
7ff20cf6f000-7ff20cf76000 r--s 0002e000 08:05 16508551                   /home/fife/.m2/repository/org/codehaus/plexus/plexus-container-default/1.5.5/plexus-container-default-1.5.5.jar
7ff20cf76000-7ff20cf78000 r--s 00002000 08:05 16508550                   /home/fife/.m2/repository/org/sonatype/aether/aether-spi/1.8/aether-spi-1.8.jar
7ff20cf78000-7ff20cf79000 r--s 00006000 08:05 16508552                   /home/fife/.m2/repository/org/sonatype/aether/aether-connector-wagon/1.8/aether-connector-wagon-1.8.jar
7ff20cf79000-7ff20cf7c000 r--s 00019000 08:05 16508548                   /home/fife/.m2/repository/org/sonatype/aether/aether-util/1.8/aether-util-1.8.jar
7ff20cf7c000-7ff20cf7f000 r--s 00010000 08:05 16508549                   /home/fife/.m2/repository/org/sonatype/aether/aether-api/1.8/aether-api-1.8.jar
7ff20cf7f000-7ff20cf81000 r--s 00002000 08:05 16508459                   /home/fife/.m2/repository/org/jboss/shrinkwrap/resolver/shrinkwrap-resolver-api-maven/1.0.0-beta-6/shrinkwrap-resolver-api-maven-1.0.0-beta-6.jar
7ff20cf81000-7ff20cf82000 r--s 00002000 08:05 16508458                   /home/fife/.m2/repository/org/jboss/shrinkwrap/resolver/shrinkwrap-resolver-api/1.0.0-beta-6/shrinkwrap-resolver-api-1.0.0-beta-6.jar
7ff20cf82000-7ff20cf84000 r--s 00009000 08:05 16508457                   /home/fife/.m2/repository/org/jboss/shrinkwrap/resolver/shrinkwrap-resolver-impl-maven/1.0.0-beta-6/shrinkwrap-resolver-impl-maven-1.0.0-beta-6.jar
7ff20cf84000-7ff20cf85000 r--s 00001000 08:05 16508451                   /home/fife/.m2/repository/org/jboss/osgi/vfs/jbosgi-vfs/1.0.7.Final/jbosgi-vfs-1.0.7.Final.jar
7ff20cf85000-7ff20cf87000 r--s 00009000 08:05 16508449                   /home/fife/.m2/repository/org/jboss/osgi/spi/jbosgi-spi/3.0.1.Final/jbosgi-spi-3.0.1.Final.jar
7ff20cf87000-7ff20cf88000 r--s 00001000 08:05 16508468                   /home/fife/.m2/repository/org/jboss/interceptor/jboss-interceptor-spi/2.0.0.Final/jboss-interceptor-spi-2.0.0.Final.jar
7ff20cf88000-7ff20cf8b000 r--s 00009000 08:05 16426092                   /home/fife/.m2/repository/javax/validation/validation-api/1.0.0.GA/validation-api-1.0.0.GA.jar
7ff20cf8b000-7ff20cf8f000 r--s 00026000 08:05 16508465                   /home/fife/.m2/repository/org/jboss/as/jboss-as-osgi-service/7.1.1.Final/jboss-as-osgi-service-7.1.1.Final.jar
7ff20cf8f000-7ff20cf92000 r--s 00009000 08:05 16508464                   /home/fife/.m2/repository/org/jboss/as/jboss-as-arquillian-protocol-jmx/7.1.1.Final/jboss-as-arquillian-protocol-jmx-7.1.1.Final.jar
7ff20cf92000-7ff20cf97000 r--s 00038000 08:05 16508584                   /home/fife/.m2/repository/org/osgi/org.osgi.core/4.2.0/org.osgi.core-4.2.0.jar
7ff20cf97000-7ff20cf99000 r--s 00005000 08:05 16508581                   /home/fife/.m2/repository/org/apache/maven/wagon/wagon-http-shared/1.0-beta-7/wagon-http-shared-1.0-beta-7.jar
7ff20cf99000-7ff20cf9a000 r--s 00003000 08:05 16508583                   /home/fife/.m2/repository/org/apache/maven/wagon/wagon-http-lightweight/1.0-beta-7/wagon-http-lightweight-1.0-beta-7.jar
7ff20cf9a000-7ff20cf9b000 r--s 00002000 08:05 16508580                   /home/fife/.m2/repository/org/apache/maven/wagon/wagon-file/1.0-beta-7/wagon-file-1.0-beta-7.jar
7ff20cf9b000-7ff20cf9d000 r--s 0000b000 08:05 16426203                   /home/fife/.m2/repository/org/apache/maven/wagon/wagon-provider-api/1.0-beta-7/wagon-provider-api-1.0-beta-7.jar
7ff20cf9d000-7ff20cf9f000 r--s 00002000 08:05 16426172                   /home/fife/.m2/repository/org/sonatype/plexus/plexus-cipher/1.4/plexus-cipher-1.4.jar
7ff20cf9f000-7ff20cfa0000 r--s 00006000 08:05 16426171                   /home/fife/.m2/repository/org/sonatype/plexus/plexus-sec-dispatcher/1.3/plexus-sec-dispatcher-1.3.jar
7ff20cfa0000-7ff20cfa2000 r--s 0000a000 08:05 16508577                   /home/fife/.m2/repository/org/apache/maven/maven-settings/3.0.1/maven-settings-3.0.1.jar
7ff20cfa2000-7ff20cfa4000 r--s 0000d000 08:05 16426162                   /home/fife/.m2/repository/org/codehaus/plexus/plexus-interpolation/1.14/plexus-interpolation-1.14.jar
7ff20cfa4000-7ff20cfa7000 r--s 00008000 08:05 16508576                   /home/fife/.m2/repository/org/apache/maven/maven-settings-builder/3.0.1/maven-settings-builder-3.0.1.jar
7ff20cfa7000-7ff20cfab000 r--s 00033000 08:05 16508575                   /home/fife/.m2/repository/org/codehaus/plexus/plexus-utils/2.0.4/plexus-utils-2.0.4.jar
7ff20cfab000-7ff20cfad000 r--s 00000000 08:05 16426168                   /home/fife/.m2/repository/org/codehaus/plexus/plexus-component-annotations/1.5.5/plexus-component-annotations-1.5.5.jar
7ff20cfad000-7ff20cfb0000 r--s 00018000 08:05 16508572                   /home/fife/.m2/repository/org/sonatype/aether/aether-impl/1.8/aether-impl-1.8.jar
7ff20cfb0000-7ff20cfb2000 r--s 00006000 08:05 16508569                   /home/fife/.m2/repository/org/apache/maven/maven-repository-metadata/3.0.1/maven-repository-metadata-3.0.1.jar
7ff20cfb2000-7ff20cfb7000 r--s 00020000 08:05 16508567                   /home/fife/.m2/repository/org/apache/maven/maven-model-builder/3.0.1/maven-model-builder-3.0.1.jar
7ff20cfb7000-7ff20cfba000 r--s 00026000 08:05 16508565                   /home/fife/.m2/repository/org/apache/maven/maven-model/3.0.1/maven-model-3.0.1.jar
7ff20cfba000-7ff20cfbc000 r--s 0000b000 08:05 16508563                   /home/fife/.m2/repository/org/apache/maven/maven-aether-provider/3.0.1/maven-aether-provider-3.0.1.jar
7ff20cfbc000-7ff20cfbf000 r--s 00012000 08:05 16508448                   /home/fife/.m2/repository/org/jboss/marshalling/jboss-marshalling-river/1.3.11.GA/jboss-marshalling-river-1.3.11.GA.jar
7ff20cfbf000-7ff20cfc2000 r--s 00018000 08:05 16508446                   /home/fife/.m2/repository/org/jboss/jboss-vfs/3.1.0.Final/jboss-vfs-3.1.0.Final.jar
7ff20cfc2000-7ff20cfc4000 r--s 00003000 08:05 16508444                   /home/fife/.m2/repository/org/jboss/stdio/jboss-stdio/1.0.1.GA/jboss-stdio-1.0.1.GA.jar
7ff20cfc4000-7ff20cfc6000 r--s 00003000 08:05 16508454                   /home/fife/.m2/repository/org/jboss/logmanager/jboss-logmanager-log4j/1.0.0.GA/jboss-logmanager-log4j-1.0.0.GA.jar
7ff20cfc6000-7ff20cfc9000 r--s 0000e000 08:05 16508440                   /home/fife/.m2/repository/org/jboss/invocation/jboss-invocation/1.1.1.Final/jboss-invocation-1.1.1.Final.jar
7ff20cfc9000-7ff20cfcb000 r--s 00010000 08:05 16508438                   /home/fife/.m2/repository/org/jboss/jandex/1.0.3.Final/jandex-1.0.3.Final.jar
7ff20cfcb000-7ff20cfce000 r--s 0001b000 08:05 16508436                   /home/fife/.m2/repository/org/jboss/as/jboss-as-threads/7.1.1.Final/jboss-as-threads-7.1.1.Final.jar
7ff20cfce000-7ff20cfd0000 r--s 00008000 08:05 16508434                   /home/fife/.m2/repository/org/jboss/as/jboss-as-network/7.1.1.Final/jboss-as-network-7.1.1.Final.jar
7ff20cfd0000-7ff20cfd3000 r--s 00021000 08:05 16508432                   /home/fife/.m2/repository/org/jboss/as/jboss-as-remoting/7.1.1.Final/jboss-as-remoting-7.1.1.Final.jar
7ff20cfd3000-7ff20d03d000 r--s 00e18000 08:05 16670832                   /home/fife/workspace/KeywordApp/target/jdk-tools-jdk.jar
7ff20d03d000-7ff20d041000 r--s 0001f000 08:05 16508431                   /home/fife/.m2/repository/org/jboss/as/jboss-as-process-controller/7.1.1.Final/jboss-as-process-controller-7.1.1.Final.jar
7ff20d041000-7ff20d044000 r--s 0001b000 08:05 16508429                   /home/fife/.m2/repository/org/jboss/as/jboss-as-platform-mbean/7.1.1.Final/jboss-as-platform-mbean-7.1.1.Final.jar
7ff20d044000-7ff20d046000 r--s 00008000 08:05 16508426                   /home/fife/.m2/repository/org/jboss/as/jboss-as-embedded/7.1.1.Final/jboss-as-embedded-7.1.1.Final.jar
7ff20d046000-7ff20d048000 r--s 00005000 08:05 16508425                   /home/fife/.m2/repository/org/jboss/as/jboss-as-deployment-repository/7.1.1.Final/jboss-as-deployment-repository-7.1.1.Final.jar
7ff20d048000-7ff20d04b000 r--s 00017000 08:05 16508422                   /home/fife/.m2/repository/org/jboss/com/sun/httpserver/httpserver/1.0.0.Final/httpserver-1.0.0.Final.jar
7ff20d04b000-7ff20d04f000 r--s 00021000 08:05 16508420                   /home/fife/.m2/repository/org/jboss/as/jboss-as-domain-management/7.1.1.Final/jboss-as-domain-management-7.1.1.Final.jar
7ff20d04f000-7ff20d052000 r--s 00011000 08:05 16508418                   /home/fife/.m2/repository/org/jboss/as/jboss-as-domain-http-interface/7.1.1.Final/jboss-as-domain-http-interface-7.1.1.Final.jar
7ff20d052000-7ff20d054000 r--s 00007000 08:05 16508416                   /home/fife/.m2/repository/org/jboss/staxmapper/1.1.0.Final/staxmapper-1.1.0.Final.jar
7ff20d054000-7ff20d064000 r--s 000ae000 08:05 16508414                   /home/fife/.m2/repository/org/jboss/as/jboss-as-controller/7.1.1.Final/jboss-as-controller-7.1.1.Final.jar
7ff20d064000-7ff20d06f000 r--s 00085000 08:05 16508412                   /home/fife/.m2/repository/org/jboss/as/jboss-as-server/7.1.1.Final/jboss-as-server-7.1.1.Final.jar
7ff20d06f000-7ff20d07b000 r--s 0007a000 08:05 16508411                   /home/fife/.m2/repository/org/jboss/jboss-common-core/2.2.17.GA/jboss-common-core-2.2.17.GA.jar
7ff20d07b000-7ff20d07e000 r--s 00018000 08:05 16508409                   /home/fife/.m2/repository/org/jboss/as/jboss-as-jmx/7.1.1.Final/jboss-as-jmx-7.1.1.Final.jar
7ff20d07e000-7ff20d082000 r--s 0001a000 08:05 16508406                   /home/fife/.m2/repository/org/jboss/threads/jboss-threads/2.0.0.GA/jboss-threads-2.0.0.GA.jar
7ff20d082000-7ff20d084000 r--s 00014000 08:05 16508404                   /home/fife/.m2/repository/org/jboss/jboss-dmr/1.1.1.Final/jboss-dmr-1.1.1.Final.jar
7ff20d084000-7ff20d086000 r--s 00012000 08:05 16508403                   /home/fife/.m2/repository/org/jboss/xnio/xnio-nio/3.0.3.GA/xnio-nio-3.0.3.GA.jar
7ff20d086000-7ff20d089000 r--s 00013000 08:05 16508401                   /home/fife/.m2/repository/org/jboss/as/jboss-as-protocol/7.1.1.Final/jboss-as-protocol-7.1.1.Final.jar
7ff20d089000-7ff20d08e000 r--s 00022000 08:05 16508399                   /home/fife/.m2/repository/org/jboss/as/jboss-as-controller-client/7.1.1.Final/jboss-as-controller-client-7.1.1.Final.jar
7ff20d08e000-7ff20d092000 r--s 00030000 08:05 16508396                   /home/fife/.m2/repository/org/jboss/msc/jboss-msc/1.0.2.GA/jboss-msc-1.0.2.GA.jar
7ff20d092000-7ff20d094000 r--s 00001000 08:05 16508397                   /home/fife/.m2/repository/org/jboss/as/jboss-as-arquillian-testenricher-msc/7.1.1.Final/jboss-as-arquillian-testenricher-msc-7.1.1.Final.jar
7ff20d094000-7ff20d095000 r--s 00003000 08:05 16508394                   /home/fife/.m2/repository/org/jboss/arquillian/testenricher/arquillian-testenricher-resource/1.0.0.Final/arquillian-testenricher-resource-1.0.0.Final.jar
7ff20d095000-7ff20d096000 r--s 00002000 08:05 16508390                   /home/fife/.m2/repository/org/jboss/arquillian/testenricher/arquillian-testenricher-osgi/1.0.2.Final/arquillian-testenricher-osgi-1.0.2.Final.jar
7ff20d096000-7ff20d097000 r--s 00001000 08:05 16508393                   /home/fife/.m2/repository/org/jboss/arquillian/testenricher/arquillian-testenricher-initialcontext/1.0.0.Final/arquillian-testenricher-initialcontext-1.0.0.Final.jar
7ff20d097000-7ff20d099000 r--s 00003000 08:05 16508385                   /home/fife/.m2/repository/org/jboss/arquillian/testenricher/arquillian-testenricher-ejb/1.0.0.Final/arquillian-testenricher-ejb-1.0.0.Final.jar
7ff20d099000-7ff20d09b000 r--s 00004000 08:05 16508386                   /home/fife/.m2/repository/org/jboss/arquillian/testenricher/arquillian-testenricher-cdi/1.0.0.Final/arquillian-testenricher-cdi-1.0.0.Final.jar
7ff20d09b000-7ff20d09d000 r--s 00001000 08:05 16508384                   /home/fife/.m2/repository/org/jboss/arquillian/container/arquillian-container-osgi/1.0.2.Final/arquillian-container-osgi-1.0.2.Final.jar
7ff20d09d000-7ff20d09f000 r--s 00008000 08:05 16508383                   /home/fife/.m2/repository/org/jboss/as/jboss-as-arquillian-common/7.1.1.Final/jboss-as-arquillian-common-7.1.1.Final.jar
7ff20d09f000-7ff20d0a1000 r--s 00002000 08:05 16508382                   /home/fife/.m2/repository/org/jboss/as/jboss-as-arquillian-container-managed/7.1.1.Final/jboss-as-arquillian-container-managed-7.1.1.Final.jar
7ff20d0a1000-7ff20d0a2000 r--s 00005000 08:05 16426187                   /home/fife/.m2/repository/org/slf4j/slf4j-api/1.5.10/slf4j-api-1.5.10.jar
7ff20d0a2000-7ff20d0a3000 r--s 00001000 08:05 16467640                   /home/fife/.m2/repository/org/slf4j/slf4j-simple/1.5.10/slf4j-simple-1.5.10.jar
7ff20d0a3000-7ff20d0a9000 r--s 00039000 08:05 16655594                   /home/fife/.m2/repository/org/yaml/snakeyaml/1.8/snakeyaml-1.8.jar
7ff20d0a9000-7ff20d0aa000 r--s 00000000 08:05 16467639                   /home/fife/.m2/repository/net/jcip/jcip-annotations/1.0/jcip-annotations-1.0.jar
7ff20d0aa000-7ff20d0b5000 r--s 0006f000 08:05 16467638                   /home/fife/.m2/repository/mx4j/mx4j-tools/3.0.1/mx4j-tools-3.0.1.jar
7ff20d0b5000-7ff20d0d0000 r--s 0011b000 08:05 16467637                   /home/fife/.m2/repository/bouncycastle/bcprov-jdk15/135/bcprov-jdk15-135.jar
7ff20d0d0000-7ff20d0e5000 r--s 001cf000 08:05 16467600                   /home/fife/.m2/repository/org/seleniumhq/selenium/selenium-server/2.13.0/selenium-server-2.13.0.jar
7ff20d0e5000-7ff20d0e8000 r--s 00014000 08:05 16467598                   /home/fife/.m2/repository/org/seleniumhq/selenium/selenium-support/2.13.0/selenium-support-2.13.0.jar
7ff20d0e8000-7ff20d0e9000 r--s 00002000 08:05 16467604                   /home/fife/.m2/repository/org/seleniumhq/selenium/selenium-iphone-driver/2.13.0/selenium-iphone-driver-2.13.0.jar
7ff20d0e9000-7ff20d0ed000 r--s 000d0000 08:05 16467636                   /home/fife/.m2/repository/net/java/dev/jna/jna/3.3.0/jna-3.3.0.jar
7ff20d0ed000-7ff20d0ef000 r--s 000f1000 08:05 16467602                   /home/fife/.m2/repository/org/seleniumhq/selenium/selenium-ie-driver/2.13.0/selenium-ie-driver-2.13.0.jar
7ff20d0ef000-7ff20d0f1000 r--s 0000b000 08:05 16467635                   /home/fife/.m2/repository/org/apache/commons/commons-exec/1.1/commons-exec-1.1.jar
7ff20d0f1000-7ff20d0f4000 r--s 00024000 08:05 16426213                   /home/fife/.m2/repository/commons-io/commons-io/2.0.1/commons-io-2.0.1.jar
7ff20d0f4000-7ff20d0f6000 r--s 0023d000 08:05 16467599                   /home/fife/.m2/repository/org/seleniumhq/selenium/selenium-firefox-driver/2.13.0/selenium-firefox-driver-2.13.0.jar
7ff20d0f6000-7ff20d0fb000 r--s 00028000 08:05 16426326                   /home/fife/.m2/repository/org/apache/httpcomponents/httpcore/4.1.2/httpcore-4.1.2.jar
7ff20d0fb000-7ff20d103000 r--s 0004e000 08:05 16655607                   /home/fife/.m2/repository/org/apache/httpcomponents/httpclient/4.1.2/httpclient-4.1.2.jar
7ff20d103000-7ff20d105000 r--s 0000d000 08:05 16474225                   /home/fife/.m2/repository/commons-logging/commons-logging/1.1.1/commons-logging-1.1.1.jar
7ff20d105000-7ff20d106000 r--s 00003000 08:05 16467634                   /home/fife/.m2/repository/org/w3c/css/sac/1.3/sac-1.3.jar
7ff20d106000-7ff20d109000 r--s 0003b000 08:05 16467631                   /home/fife/.m2/repository/net/sourceforge/cssparser/cssparser/0.9.5/cssparser-0.9.5.jar
7ff20d109000-7ff20d10c000 r--s 00022000 08:05 16467595                   /home/fife/.m2/repository/net/sourceforge/nekohtml/nekohtml/1.9.15/nekohtml-1.9.15.jar
7ff20d10c000-7ff20d114000 r--s 00028000 08:05 16621767                   /home/fife/.m2/repository/xml-apis/xml-apis/1.3.04/xml-apis-1.3.04.jar
7ff20d114000-7ff20d12c000 r--s 00115000 08:05 16614202                   /home/fife/.m2/repository/xerces/xercesImpl/2.9.1/xercesImpl-2.9.1.jar
7ff20d12c000-7ff20d13a000 r--s 000e1000 08:05 16467596                   /home/fife/.m2/repository/net/sourceforge/htmlunit/htmlunit-core-js/2.9/htmlunit-core-js-2.9.jar
7ff20d13a000-7ff20d13c000 r--s 0000d000 08:05 16655604                   /home/fife/.m2/repository/commons-codec/commons-codec/1.4/commons-codec-1.4.jar
7ff20d13c000-7ff20d13e000 r--s 00005000 08:05 16467629                   /home/fife/.m2/repository/org/apache/httpcomponents/httpmime/4.1.2/httpmime-4.1.2.jar
7ff20d13e000-7ff20d143000 r--s 00041000 08:05 16474224                   /home/fife/.m2/repository/commons-lang/commons-lang/2.6/commons-lang-2.6.jar
7ff20d143000-7ff20d151000 r--s 0007f000 08:05 16474222                   /home/fife/.m2/repository/commons-collections/commons-collections/3.2.1/commons-collections-3.2.1.jar
7ff20d151000-7ff20d154000 r--s 00041000 08:05 16655603                   /home/fife/.m2/repository/xalan/serializer/2.7.1/serializer-2.7.1.jar
7ff20d154000-7ff20d179000 r--s 002e3000 08:05 16655602                   /home/fife/.m2/repository/xalan/xalan/2.7.1/xalan-2.7.1.jar
7ff20d179000-7ff20d18a000 r--s 000e4000 08:05 16467592                   /home/fife/.m2/repository/net/sourceforge/htmlunit/htmlunit/2.9/htmlunit-2.9.jar
7ff20d18a000-7ff20d18d000 r--s 00006000 08:05 16655601                   /home/fife/.m2/repository/com/google/code/findbugs/jsr305/1.3.9/jsr305-1.3.9.jar
7ff20d18d000-7ff20d1ab000 r--s 00151000 08:05 16467585                   /home/fife/.m2/repository/com/google/guava/guava/10.0.1/guava-10.0.1.jar
7ff20d1ab000-7ff20d1b0000 r--s 00017000 08:05 16467588                   /home/fife/.m2/repository/org/seleniumhq/selenium/selenium-api/2.13.0/selenium-api-2.13.0.jar
7ff20d1b0000-7ff20d1b2000 r--s 0000b000 08:05 16467587                   /home/fife/.m2/repository/org/seleniumhq/selenium/selenium-htmlunit-driver/2.13.0/selenium-htmlunit-driver-2.13.0.jar
7ff20d1b2000-7ff20d1b3000 r--s 00002000 08:05 16467586                   /home/fife/.m2/repository/org/seleniumhq/selenium/selenium-chrome-driver/2.13.0/selenium-chrome-driver-2.13.0.jar
7ff20d1b3000-7ff20d1b5000 r--s 00008000 08:05 16467628                   /home/fife/.m2/repository/org/json/json/20080701/json-20080701.jar
7ff20d1b5000-7ff20d1bc000 r--s 00049000 08:05 16467627                   /home/fife/.m2/repository/cglib/cglib-nodep/2.1_3/cglib-nodep-2.1_3.jar
7ff20d1bc000-7ff20d1c1000 r--s 0002e000 08:05 16467582                   /home/fife/.m2/repository/org/seleniumhq/selenium/selenium-remote-driver/2.13.0/selenium-remote-driver-2.13.0.jar
7ff20d1c1000-7ff20d1c3000 r--s 00000000 08:05 16467581                   /home/fife/.m2/repository/org/seleniumhq/selenium/selenium-android-driver/2.13.0/selenium-android-driver-2.13.0.jar
7ff20d1c3000-7ff20d1c9000 r--s 0004f000 08:05 16467580                   /home/fife/.m2/repository/org/seleniumhq/selenium/selenium-java/2.13.0/selenium-java-2.13.0.jar
7ff20d1c9000-7ff20d1cb000 r--s 00006000 08:05 16467579                   /home/fife/.m2/repository/org/jboss/arquillian/extension/arquillian-drone-selenium-server/1.0.0.CR3/arquillian-drone-selenium-server-1.0.0.CR3.jar
7ff20d1cb000-7ff20d1cd000 r--s 00001000 08:05 16467578                   /home/fife/.m2/repository/org/jboss/arquillian/extension/arquillian-drone-selenium/1.0.0.CR3/arquillian-drone-selenium-1.0.0.CR3.jar
7ff20d1cd000-7ff20d1cf000 r--s 00002000 08:05 16507385                   /home/fife/.m2/repository/org/jboss/shrinkwrap/descriptors/shrinkwrap-descriptors-api-base/2.0.0-alpha-2/shrinkwrap-descriptors-api-base-2.0.0-alpha-2.jar
7ff20d1cf000-7ff20d1d0000 r--s 00001000 08:05 16507390                   /home/fife/.m2/repository/org/jboss/arquillian/config/arquillian-config-api/1.0.0.Final/arquillian-config-api-1.0.0.Final.jar
7ff20d1d0000-7ff20d1d2000 r--s 00004000 08:05 16507377                   /home/fife/.m2/repository/org/jboss/arquillian/core/arquillian-core-spi/1.0.0.Final/arquillian-core-spi-1.0.0.Final.jar
7ff20d1d2000-7ff20d1d4000 r--s 00000000 08:05 16467576                   /home/fife/.m2/repository/org/jboss/arquillian/extension/arquillian-drone-spi/1.0.0.CR3/arquillian-drone-spi-1.0.0.CR3.jar
7ff20d1d4000-7ff20d1d6000 r--s 00000000 08:05 16467575                   /home/fife/.m2/repository/org/jboss/arquillian/extension/arquillian-drone-api/1.0.0.CR3/arquillian-drone-api-1.0.0.CR3.jar
7ff20d1d6000-7ff20d1d7000 ---p 00000000 00:00 0 
7ff20d1d7000-7ff20d2d7000 rw-p 00000000 00:00 0 
7ff20d2d7000-7ff20d2da000 ---p 00000000 00:00 0 
7ff20d2da000-7ff20d3d8000 rw-p 00000000 00:00 0 
7ff20d3d8000-7ff20d3db000 ---p 00000000 00:00 0 
7ff20d3db000-7ff20d4d9000 rw-p 00000000 00:00 0 
7ff20d4d9000-7ff20d4dc000 ---p 00000000 00:00 0 
7ff20d4dc000-7ff20d5da000 rw-p 00000000 00:00 0 
7ff20d5da000-7ff20d5dd000 ---p 00000000 00:00 0 
7ff20d5dd000-7ff20d6db000 rw-p 00000000 00:00 0 
7ff20d6db000-7ff20d6de000 ---p 00000000 00:00 0 
7ff20d6de000-7ff20d7dc000 rw-p 00000000 00:00 0 
7ff20d7dc000-7ff20d7df000 ---p 00000000 00:00 0 
7ff20d7df000-7ff20d8dd000 rw-p 00000000 00:00 0 
7ff20d8dd000-7ff20d8e1000 r-xp 00000000 08:05 18096171                   /usr/lib/jvm/java-7-oracle/jre/lib/amd64/libdt_socket.so
7ff20d8e1000-7ff20dae0000 ---p 00004000 08:05 18096171                   /usr/lib/jvm/java-7-oracle/jre/lib/amd64/libdt_socket.so
7ff20dae0000-7ff20dae1000 rw-p 00003000 08:05 18096171                   /usr/lib/jvm/java-7-oracle/jre/lib/amd64/libdt_socket.so
7ff20dae1000-7ff20dae4000 ---p 00000000 00:00 0 
7ff20dae4000-7ff20dbe2000 rw-p 00000000 00:00 0 
7ff20dbe2000-7ff20dbe5000 ---p 00000000 00:00 0 
7ff20dbe5000-7ff20dce3000 rw-p 00000000 00:00 0 
7ff20dce3000-7ff20dce6000 ---p 00000000 00:00 0 
7ff20dce6000-7ff20dde4000 rw-p 00000000 00:00 0 
7ff20dde4000-7ff20dde5000 ---p 00000000 00:00 0 
7ff20dde5000-7ff210000000 rw-p 00000000 00:00 0 
7ff210000000-7ff210021000 rw-p 00000000 00:00 0 
7ff210021000-7ff214000000 ---p 00000000 00:00 0 
7ff214000000-7ff214001000 r--s 00002000 08:05 16467577                   /home/fife/.m2/repository/org/jboss/arquillian/extension/arquillian-drone-configuration/1.0.0.CR3/arquillian-drone-configuration-1.0.0.CR3.jar
7ff214001000-7ff214003000 r--s 00007000 08:05 16467574                   /home/fife/.m2/repository/org/jboss/arquillian/extension/arquillian-drone-impl/1.0.0.CR3/arquillian-drone-impl-1.0.0.CR3.jar
7ff214003000-7ff214007000 r--s 00028000 08:05 16482546                   /home/fife/.m2/repository/com/google/code/gson/gson/2.1/gson-2.1.jar
7ff214007000-7ff214008000 r--s 00000000 08:05 16507398                   /home/fife/.m2/repository/org/jboss/shrinkwrap/shrinkwrap-spi/1.0.0/shrinkwrap-spi-1.0.0.jar
7ff214008000-7ff21400c000 r--s 00020000 08:05 16507397                   /home/fife/.m2/repository/org/jboss/shrinkwrap/shrinkwrap-impl-base/1.0.0/shrinkwrap-impl-base-1.0.0.jar
7ff21400c000-7ff214010000 r--s 00013000 08:05 16507394                   /home/fife/.m2/repository/org/jboss/arquillian/container/arquillian-container-test-impl-base/1.0.0.Final/arquillian-container-test-impl-base-1.0.0.Final.jar
7ff214010000-7ff214013000 r--s 00007000 08:05 16507393                   /home/fife/.m2/repository/org/jboss/shrinkwrap/descriptors/shrinkwrap-descriptors-spi/2.0.0-alpha-2/shrinkwrap-descriptors-spi-2.0.0-alpha-2.jar
7ff214013000-7ff214015000 r--s 00008000 08:05 16507391                   /home/fife/.m2/repository/org/jboss/arquillian/config/arquillian-config-impl-base/1.0.0.Final/arquillian-config-impl-base-1.0.0.Final.jar
7ff214015000-7ff214018000 r--s 0000a000 08:05 16507388                   /home/fife/.m2/repository/org/jboss/arquillian/container/arquillian-container-impl-base/1.0.0.Final/arquillian-container-impl-base-1.0.0.Final.jar
7ff214018000-7ff214019000 r--s 00004000 08:05 16507387                   /home/fife/.m2/repository/org/jboss/arquillian/test/arquillian-test-impl-base/1.0.0.Final/arquillian-test-impl-base-1.0.0.Final.jar
7ff214019000-7ff21401b000 r--s 00009000 08:05 16507386                   /home/fife/.m2/repository/org/jboss/arquillian/core/arquillian-core-impl-base/1.0.0.Final/arquillian-core-impl-base-1.0.0.Final.jar
7ff21401b000-7ff21401e000 r--s 0000a000 08:05 16507382                   /home/fife/.m2/repository/org/jboss/arquillian/container/arquillian-container-spi/1.0.0.Final/arquillian-container-spi-1.0.0.Final.jar
7ff21401e000-7ff214020000 r--s 00004000 08:05 16507381                   /home/fife/.m2/repository/org/jboss/arquillian/container/arquillian-container-test-spi/1.0.0.Final/arquillian-container-test-spi-1.0.0.Final.jar
7ff214020000-7ff214021000 r--s 00001000 08:05 16507380                   /home/fife/.m2/repository/org/jboss/arquillian/container/arquillian-container-test-api/1.0.0.Final/arquillian-container-test-api-1.0.0.Final.jar
7ff214021000-7ff214024000 r--s 0000d000 08:05 16507378                   /home/fife/.m2/repository/org/jboss/shrinkwrap/shrinkwrap-api/1.0.0/shrinkwrap-api-1.0.0.jar
7ff214024000-7ff214026000 r--s 00007000 08:05 16507375                   /home/fife/.m2/repository/org/jboss/arquillian/test/arquillian-test-spi/1.0.0.Final/arquillian-test-spi-1.0.0.Final.jar
7ff214026000-7ff214027000 r--s 00000000 08:05 16507373                   /home/fife/.m2/repository/org/jboss/arquillian/test/arquillian-test-api/1.0.0.Final/arquillian-test-api-1.0.0.Final.jar
7ff214027000-7ff214029000 r--s 00011000 08:05 16507265                   /home/fife/.m2/repository/org/hamcrest/hamcrest-core/1.1/hamcrest-core-1.1.jar
7ff214029000-7ff214033000 r--s 0009c000 08:05 16426215                   /home/fife/.m2/repository/org/eclipse/core/resources/3.3.0-v20070604/resources-3.3.0-v20070604.jar
7ff214033000-7ff21405d000 r--s 0044e000 08:05 17220641                   /home/fife/.m2/repository/org/eclipse/tycho/org.eclipse.jdt.core/3.8.2.v20120814-155456/org.eclipse.jdt.core-3.8.2.v20120814-155456.jar
7ff21405d000-7ff214c1a000 rw-p 00000000 00:00 0 
7ff214c1a000-7ff214dd6000 r--s 039da000 08:05 18088210                   /usr/lib/jvm/java-7-oracle/jre/lib/rt.jar
7ff214dd6000-7ff214dfe000 rw-p 00000000 00:00 0 
7ff214dfe000-7ff214dff000 ---p 00000000 00:00 0 
7ff214dff000-7ff214eff000 rw-p 00000000 00:00 0 
7ff214eff000-7ff214f00000 ---p 00000000 00:00 0 
7ff214f00000-7ff215000000 rw-p 00000000 00:00 0 
7ff215000000-7ff215270000 rwxp 00000000 00:00 0 
7ff215270000-7ff218c72000 rw-p 00000000 00:00 0 
7ff218c72000-7ff21c000000 ---p 00000000 00:00 0 
7ff21c000000-7ff21c001000 r--s 00004000 08:05 16507372                   /home/fife/.m2/repository/org/jboss/arquillian/junit/arquillian-junit-core/1.0.0.Final/arquillian-junit-core-1.0.0.Final.jar
7ff21c001000-7ff21c008000 r--s 00037000 08:05 16507263                   /home/fife/.m2/repository/junit/junit/4.10/junit-4.10.jar
7ff21c008000-7ff21c00a000 r--s 00002000 08:05 16679682                   /home/fife/.m2/repository/org/ocpsoft/common/common-api/1.0.4.Final/common-api-1.0.4.Final.jar
7ff21c00a000-7ff21c00d000 r--s 00009000 08:05 16416999                   /home/fife/.m2/repository/org/jboss/spec/javax/ws/rs/jboss-jaxrs-api_1.1_spec/1.0.0.Final/jboss-jaxrs-api_1.1_spec-1.0.0.Final.jar
7ff21c00d000-7ff21c010000 r--s 0000f000 08:05 16416991                   /home/fife/.m2/repository/org/jboss/spec/javax/servlet/jboss-servlet-api_3.0_spec/1.0.0.Final/jboss-servlet-api_3.0_spec-1.0.0.Final.jar
7ff21c010000-7ff21c013000 r--s 00009000 08:05 16416947                   /home/fife/.m2/repository/org/jboss/spec/javax/ejb/jboss-ejb-api_3.1_spec/1.0.1.Final/jboss-ejb-api_3.1_spec-1.0.1.Final.jar
7ff21c013000-7ff21c015000 r--s 00001000 08:05 16416940                   /home/fife/.m2/repository/org/jboss/spec/javax/annotation/jboss-annotations-api_1.1_spec/1.0.0.Final/jboss-annotations-api_1.1_spec-1.0.0.Final.jar
7ff21c015000-7ff21c018000 r--s 0000a000 08:05 16416930                   /home/fife/.m2/repository/javax/enterprise/cdi-api/1.0-SP4/cdi-api-1.0-SP4.jar
7ff21c018000-7ff21c019000 ---p 00000000 00:00 0 
7ff21c019000-7ff21c119000 rw-p 00000000 00:00 0 
7ff21c119000-7ff21c11a000 ---p 00000000 00:00 0 
7ff21c11a000-7ff21c21a000 rw-p 00000000 00:00 0 
7ff21c21a000-7ff21c21b000 ---p 00000000 00:00 0 
7ff21c21b000-7ff21c31b000 rw-p 00000000 00:00 0 
7ff21c31b000-7ff21c31c000 ---p 00000000 00:00 0 
7ff21c31c000-7ff21c41c000 rw-p 00000000 00:00 0 
7ff21c41c000-7ff21c41d000 ---p 00000000 00:00 0 
7ff21c41d000-7ff21c51d000 rw-p 00000000 00:00 0 
7ff21c51d000-7ff21c51e000 ---p 00000000 00:00 0 
7ff21c51e000-7ff21c629000 rw-p 00000000 00:00 0 
7ff21c629000-7ff21c647000 rw-p 00000000 00:00 0 
7ff21c647000-7ff21c671000 rw-p 00000000 00:00 0 
7ff21c671000-7ff21c8dd000 rw-p 00000000 00:00 0 
7ff21c8dd000-7ff21c8e8000 rw-p 00000000 00:00 0 
7ff21c8e8000-7ff21c906000 rw-p 00000000 00:00 0 
7ff21c906000-7ff21c930000 rw-p 00000000 00:00 0 
7ff21c930000-7ff21cb9b000 rw-p 00000000 00:00 0 
7ff21cb9b000-7ff21cbca000 rw-p 00000000 00:00 0 
7ff21cbca000-7ff21cbcb000 ---p 00000000 00:00 0 
7ff21cbcb000-7ff21cce6000 rw-p 00000000 00:00 0 
7ff21cce6000-7ff21cce7000 rw-p 00000000 00:00 0 
7ff21cce7000-7ff21cd01000 r-xp 00000000 08:05 18096189                   /usr/lib/jvm/java-7-oracle/jre/lib/amd64/libzip.so
7ff21cd01000-7ff21cf01000 ---p 0001a000 08:05 18096189                   /usr/lib/jvm/java-7-oracle/jre/lib/amd64/libzip.so
7ff21cf01000-7ff21cf02000 rw-p 0001a000 08:05 18096189                   /usr/lib/jvm/java-7-oracle/jre/lib/amd64/libzip.so
7ff21cf02000-7ff21cf0e000 r-xp 00000000 08:05 1491993                    /lib/x86_64-linux-gnu/libnss_files-2.15.so
7ff21cf0e000-7ff21d10d000 ---p 0000c000 08:05 1491993                    /lib/x86_64-linux-gnu/libnss_files-2.15.so
7ff21d10d000-7ff21d10e000 r--p 0000b000 08:05 1491993                    /lib/x86_64-linux-gnu/libnss_files-2.15.so
7ff21d10e000-7ff21d10f000 rw-p 0000c000 08:05 1491993                    /lib/x86_64-linux-gnu/libnss_files-2.15.so
7ff21d10f000-7ff21d119000 r-xp 00000000 08:05 1491963                    /lib/x86_64-linux-gnu/libnss_nis-2.15.so
7ff21d119000-7ff21d319000 ---p 0000a000 08:05 1491963                    /lib/x86_64-linux-gnu/libnss_nis-2.15.so
7ff21d319000-7ff21d31a000 r--p 0000a000 08:05 1491963                    /lib/x86_64-linux-gnu/libnss_nis-2.15.so
7ff21d31a000-7ff21d31b000 rw-p 0000b000 08:05 1491963                    /lib/x86_64-linux-gnu/libnss_nis-2.15.so
7ff21d31b000-7ff21d332000 r-xp 00000000 08:05 1492192                    /lib/x86_64-linux-gnu/libnsl-2.15.so
7ff21d332000-7ff21d531000 ---p 00017000 08:05 1492192                    /lib/x86_64-linux-gnu/libnsl-2.15.so
7ff21d531000-7ff21d532000 r--p 00016000 08:05 1492192                    /lib/x86_64-linux-gnu/libnsl-2.15.so
7ff21d532000-7ff21d533000 rw-p 00017000 08:05 1492192                    /lib/x86_64-linux-gnu/libnsl-2.15.so
7ff21d533000-7ff21d535000 rw-p 00000000 00:00 0 
7ff21d535000-7ff21d53d000 r-xp 00000000 08:05 1491996                    /lib/x86_64-linux-gnu/libnss_compat-2.15.so
7ff21d53d000-7ff21d73c000 ---p 00008000 08:05 1491996                    /lib/x86_64-linux-gnu/libnss_compat-2.15.so
7ff21d73c000-7ff21d73d000 r--p 00007000 08:05 1491996                    /lib/x86_64-linux-gnu/libnss_compat-2.15.so
7ff21d73d000-7ff21d73e000 rw-p 00008000 08:05 1491996                    /lib/x86_64-linux-gnu/libnss_compat-2.15.so
7ff21d73e000-7ff21da0a000 r--p 00000000 08:05 23486466                   /usr/lib/locale/locale-archive
7ff21da0a000-7ff21da0d000 r-xp 00000000 08:05 18096187                   /usr/lib/jvm/java-7-oracle/jre/lib/amd64/libnpt.so
7ff21da0d000-7ff21dc0c000 ---p 00003000 08:05 18096187                   /usr/lib/jvm/java-7-oracle/jre/lib/amd64/libnpt.so
7ff21dc0c000-7ff21dc0d000 rw-p 00002000 08:05 18096187                   /usr/lib/jvm/java-7-oracle/jre/lib/amd64/libnpt.so
7ff21dc0d000-7ff21dc46000 r-xp 00000000 08:05 18096159                   /usr/lib/jvm/java-7-oracle/jre/lib/amd64/libjdwp.so
7ff21dc46000-7ff21de45000 ---p 00039000 08:05 18096159                   /usr/lib/jvm/java-7-oracle/jre/lib/amd64/libjdwp.so
7ff21de45000-7ff21de47000 rw-p 00038000 08:05 18096159                   /usr/lib/jvm/java-7-oracle/jre/lib/amd64/libjdwp.so
7ff21de47000-7ff21de70000 r-xp 00000000 08:05 18096183                   /usr/lib/jvm/java-7-oracle/jre/lib/amd64/libjava.so
7ff21de70000-7ff21e070000 ---p 00029000 08:05 18096183                   /usr/lib/jvm/java-7-oracle/jre/lib/amd64/libjava.so
7ff21e070000-7ff21e072000 rw-p 00029000 08:05 18096183                   /usr/lib/jvm/java-7-oracle/jre/lib/amd64/libjava.so
7ff21e072000-7ff21e07f000 r-xp 00000000 08:05 18096179                   /usr/lib/jvm/java-7-oracle/jre/lib/amd64/libverify.so
7ff21e07f000-7ff21e27e000 ---p 0000d000 08:05 18096179                   /usr/lib/jvm/java-7-oracle/jre/lib/amd64/libverify.so
7ff21e27e000-7ff21e280000 rw-p 0000c000 08:05 18096179                   /usr/lib/jvm/java-7-oracle/jre/lib/amd64/libverify.so
7ff21e280000-7ff21e287000 r-xp 00000000 08:05 1491862                    /lib/x86_64-linux-gnu/librt-2.15.so
7ff21e287000-7ff21e486000 ---p 00007000 08:05 1491862                    /lib/x86_64-linux-gnu/librt-2.15.so
7ff21e486000-7ff21e487000 r--p 00006000 08:05 1491862                    /lib/x86_64-linux-gnu/librt-2.15.so
7ff21e487000-7ff21e488000 rw-p 00007000 08:05 1491862                    /lib/x86_64-linux-gnu/librt-2.15.so
7ff21e488000-7ff21e583000 r-xp 00000000 08:05 1491984                    /lib/x86_64-linux-gnu/libm-2.15.so
7ff21e583000-7ff21e782000 ---p 000fb000 08:05 1491984                    /lib/x86_64-linux-gnu/libm-2.15.so
7ff21e782000-7ff21e783000 r--p 000fa000 08:05 1491984                    /lib/x86_64-linux-gnu/libm-2.15.so
7ff21e783000-7ff21e784000 rw-p 000fb000 08:05 1491984                    /lib/x86_64-linux-gnu/libm-2.15.so
7ff21e784000-7ff21f1cb000 r-xp 00000000 08:05 18096176                   /usr/lib/jvm/java-7-oracle/jre/lib/amd64/server/libjvm.so
7ff21f1cb000-7ff21f3ca000 ---p 00a47000 08:05 18096176                   /usr/lib/jvm/java-7-oracle/jre/lib/amd64/server/libjvm.so
7ff21f3ca000-7ff21f46e000 rw-p 00a46000 08:05 18096176                   /usr/lib/jvm/java-7-oracle/jre/lib/amd64/server/libjvm.so
7ff21f46e000-7ff21f4a9000 rw-p 00000000 00:00 0 
7ff21f4a9000-7ff21f65e000 r-xp 00000000 08:05 1491849                    /lib/x86_64-linux-gnu/libc-2.15.so
7ff21f65e000-7ff21f85d000 ---p 001b5000 08:05 1491849                    /lib/x86_64-linux-gnu/libc-2.15.so
7ff21f85d000-7ff21f861000 r--p 001b4000 08:05 1491849                    /lib/x86_64-linux-gnu/libc-2.15.so
7ff21f861000-7ff21f863000 rw-p 001b8000 08:05 1491849                    /lib/x86_64-linux-gnu/libc-2.15.so
7ff21f863000-7ff21f868000 rw-p 00000000 00:00 0 
7ff21f868000-7ff21f86a000 r-xp 00000000 08:05 1491848                    /lib/x86_64-linux-gnu/libdl-2.15.so
7ff21f86a000-7ff21fa6a000 ---p 00002000 08:05 1491848                    /lib/x86_64-linux-gnu/libdl-2.15.so
7ff21fa6a000-7ff21fa6b000 r--p 00002000 08:05 1491848                    /lib/x86_64-linux-gnu/libdl-2.15.so
7ff21fa6b000-7ff21fa6c000 rw-p 00003000 08:05 1491848                    /lib/x86_64-linux-gnu/libdl-2.15.so
7ff21fa6c000-7ff21fa82000 r-xp 00000000 08:05 18096158                   /usr/lib/jvm/java-7-oracle/jre/lib/amd64/jli/libjli.so
7ff21fa82000-7ff21fc81000 ---p 00016000 08:05 18096158                   /usr/lib/jvm/java-7-oracle/jre/lib/amd64/jli/libjli.so
7ff21fc81000-7ff21fc82000 rw-p 00015000 08:05 18096158                   /usr/lib/jvm/java-7-oracle/jre/lib/amd64/jli/libjli.so
7ff21fc82000-7ff21fc9a000 r-xp 00000000 08:05 1491851                    /lib/x86_64-linux-gnu/libpthread-2.15.so
7ff21fc9a000-7ff21fe99000 ---p 00018000 08:05 1491851                    /lib/x86_64-linux-gnu/libpthread-2.15.so
7ff21fe99000-7ff21fe9a000 r--p 00017000 08:05 1491851                    /lib/x86_64-linux-gnu/libpthread-2.15.so
7ff21fe9a000-7ff21fe9b000 rw-p 00018000 08:05 1491851                    /lib/x86_64-linux-gnu/libpthread-2.15.so
7ff21fe9b000-7ff21fe9f000 rw-p 00000000 00:00 0 
7ff21fe9f000-7ff21fec1000 r-xp 00000000 08:05 1492187                    /lib/x86_64-linux-gnu/ld-2.15.so
7ff21fec1000-7ff21fec2000 r--s 00001000 08:05 16507371                   /home/fife/.m2/repository/org/jboss/arquillian/junit/arquillian-junit-container/1.0.0.Final/arquillian-junit-container-1.0.0.Final.jar
7ff21fec2000-7ff21fec3000 r--s 00000000 08:05 16416933                   /home/fife/.m2/repository/javax/inject/javax.inject/1/javax.inject-1.jar
7ff21fec3000-7ff21fec8000 r--s 00015000 08:05 16408639                   /home/fife/.m2/repository/org/hibernate/javax/persistence/hibernate-jpa-2.0-api/1.0.1.Final/hibernate-jpa-2.0-api-1.0.1.Final.jar
7ff21fec8000-7ff21fece000 r--s 00034000 08:05 16426226                   /home/fife/.m2/repository/org/eclipse/text/3.3.0-v20070606-0010/text-3.3.0-v20070606-0010.jar
7ff21fece000-7ff21fedd000 r--s 000e5000 08:05 16426106                   /home/fife/.m2/repository/org/eclipse/osgi/3.4.3.R34x_v20081215-1030/osgi-3.4.3.R34x_v20081215-1030.jar
7ff21fedd000-7ff21fee7000 rw-p 00000000 00:00 0 
7ff21fee7000-7ff21ff9d000 rw-p 00000000 00:00 0 
7ff21ff9d000-7ff21ffa0000 ---p 00000000 00:00 0 
7ff21ffa0000-7ff2200a2000 rw-p 00000000 00:00 0 
7ff2200a2000-7ff2200a4000 r--s 00001000 08:05 16416929                   /home/fife/.m2/repository/org/jboss/spec/javax/interceptor/jboss-interceptors-api_1.1_spec/1.0.0.Final/jboss-interceptors-api_1.1_spec-1.0.0.Final.jar
7ff2200a4000-7ff2200a7000 r--s 00012000 08:05 16426224                   /home/fife/.m2/repository/org/eclipse/core/contenttype/3.2.100-v20070319/contenttype-3.2.100-v20070319.jar
7ff2200a7000-7ff2200aa000 r--s 00017000 08:05 16426222                   /home/fife/.m2/repository/org/eclipse/equinox/preferences/3.2.100-v20070522/preferences-3.2.100-v20070522.jar
7ff2200aa000-7ff2200ac000 r--s 00012000 08:05 16426219                   /home/fife/.m2/repository/org/eclipse/core/jobs/3.3.0-v20070423/jobs-3.3.0-v20070423.jar
7ff2200ac000-7ff2200ae000 r--s 00015000 08:05 16426220                   /home/fife/.m2/repository/org/eclipse/equinox/common/3.3.0-v20070426/common-3.3.0-v20070426.jar
7ff2200ae000-7ff2200b0000 r--s 00010000 08:05 16426217                   /home/fife/.m2/repository/org/eclipse/core/runtime/3.3.100-v20070530/runtime-3.3.100-v20070530.jar
7ff2200b0000-7ff2200b3000 r--s 00007000 08:05 17245009                   /home/fife/.m2/repository/org/jboss/forge/forge-parser-java-api/1.2.1-SNAPSHOT/forge-parser-java-api-1.2.1-SNAPSHOT.jar
7ff2200b3000-7ff2200b5000 r--s 00014000 08:05 17072815                   /home/fife/.m2/repository/org/jboss/forge/forge-parser-java/1.2.1-SNAPSHOT/forge-parser-java-1.2.1-SNAPSHOT.jar
7ff2200b5000-7ff2200bd000 rw-s 00000000 08:05 3538971                    /tmp/hsperfdata_fife/8842
7ff2200bd000-7ff2200be000 rw-p 00000000 00:00 0 
7ff2200be000-7ff2200bf000 r--p 00000000 00:00 0 
7ff2200bf000-7ff2200c1000 rw-p 00000000 00:00 0 
7ff2200c1000-7ff2200c2000 r--p 00022000 08:05 1492187                    /lib/x86_64-linux-gnu/ld-2.15.so
7ff2200c2000-7ff2200c4000 rw-p 00023000 08:05 1492187                    /lib/x86_64-linux-gnu/ld-2.15.so
7fff94d87000-7fff94dad000 rw-p 00000000 00:00 0                          [stack]
7fff94dff000-7fff94e00000 r-xp 00000000 00:00 0                          [vdso]
ffffffffff600000-ffffffffff601000 r-xp 00000000 00:00 0                  [vsyscall]

VM Arguments:
jvm_args: -agentlib:jdwp=transport=dt_socket,suspend=y,address=localhost:47732 -Dfile.encoding=UTF-8 
java_command: org.eclipse.jdt.internal.junit.runner.RemoteTestRunner -version 3 -port 52869 -testLoaderClass org.eclipse.jdt.internal.junit4.runner.JUnit4TestLoader -loaderpluginname org.eclipse.jdt.junit4.runtime -classNames com.ocpsoft.projectStarter.MySuiteTest
Launcher Type: SUN_STANDARD

Environment Variables:
JAVA_HOME=/usr/lib/jvm/java-7-oracle
PATH=~/ProgramFiles/forge/bin:/usr/lib/jvm/java-7-oracle/bin:/usr/local/apache-maven-3.0.4/bin:~/Android/android-sdk-linux/platform-tools:/usr/lib/lightdm/lightdm:/usr/local/sbin:/usr/local/bin:/usr/sbin:/usr/bin:/sbin:/bin:/usr/games
SHELL=/bin/bash
DISPLAY=:0.0

Signal Handlers:
SIGSEGV: [libjvm.so+0x8a5c80], sa_mask[0]=0x7ffbfeff, sa_flags=0x10000004
SIGBUS: [libjvm.so+0x8a5c80], sa_mask[0]=0x7ffbfeff, sa_flags=0x10000004
SIGFPE: [libjvm.so+0x741d60], sa_mask[0]=0x7ffbfeff, sa_flags=0x10000004
SIGPIPE: [libjvm.so+0x741d60], sa_mask[0]=0x7ffbfeff, sa_flags=0x10000004
SIGXFSZ: [libjvm.so+0x741d60], sa_mask[0]=0x7ffbfeff, sa_flags=0x10000004
SIGILL: [libjvm.so+0x741d60], sa_mask[0]=0x7ffbfeff, sa_flags=0x10000004
SIGUSR1: SIG_DFL, sa_mask[0]=0x00000000, sa_flags=0x00000000
SIGUSR2: [libjvm.so+0x7416b0], sa_mask[0]=0x00000004, sa_flags=0x10000004
SIGHUP: [libjvm.so+0x743a40], sa_mask[0]=0x7ffbfeff, sa_flags=0x10000004
SIGINT: [libjvm.so+0x743a40], sa_mask[0]=0x7ffbfeff, sa_flags=0x10000004
SIGTERM: [libjvm.so+0x743a40], sa_mask[0]=0x7ffbfeff, sa_flags=0x10000004
SIGQUIT: [libjvm.so+0x743a40], sa_mask[0]=0x7ffbfeff, sa_flags=0x10000004


---------------  S Y S T E M  ---------------

OS:wheezy/sid

uname:Linux 3.2.0-32-generic #51-Ubuntu SMP Wed Sep 26 21:33:09 UTC 2012 x86_64
libc:glibc 2.15 NPTL 2.15 
rlimit: STACK 8192k, CORE 0k, NPROC 63337, NOFILE 4096, AS infinity
load average:0.55 0.51 0.41

/proc/meminfo:
MemTotal:        8124752 kB
MemFree:         2599724 kB
Buffers:          343904 kB
Cached:          2384056 kB
SwapCached:            0 kB
Active:          3748784 kB
Inactive:        1433616 kB
Active(anon):    2542400 kB
Inactive(anon):   296016 kB
Active(file):    1206384 kB
Inactive(file):  1137600 kB
Unevictable:           0 kB
Mlocked:               0 kB
SwapTotal:             0 kB
SwapFree:              0 kB
Dirty:             43944 kB
Writeback:             0 kB
AnonPages:       2455948 kB
Mapped:           222052 kB
Shmem:            383920 kB
Slab:             180028 kB
SReclaimable:     144300 kB
SUnreclaim:        35728 kB
KernelStack:        4800 kB
PageTables:        32788 kB
NFS_Unstable:          0 kB
Bounce:                0 kB
WritebackTmp:          0 kB
CommitLimit:     4062376 kB
Committed_AS:    5654088 kB
VmallocTotal:   34359738367 kB
VmallocUsed:      573348 kB
VmallocChunk:   34359158268 kB
HardwareCorrupted:     0 kB
AnonHugePages:         0 kB
HugePages_Total:       0
HugePages_Free:        0
HugePages_Rsvd:        0
HugePages_Surp:        0
Hugepagesize:       2048 kB
DirectMap4k:       88064 kB
DirectMap2M:     8249344 kB


CPU:total 8 (4 cores per cpu, 2 threads per core) family 6 model 42 stepping 7, cmov, cx8, fxsr, mmx, sse, sse2, sse3, ssse3, sse4.1, sse4.2, popcnt, avx, ht, tsc, tscinvbit

/proc/cpuinfo:
processor	: 0
vendor_id	: GenuineIntel
cpu family	: 6
model		: 42
model name	: Intel(R) Core(TM) i7-2670QM CPU @ 2.20GHz
stepping	: 7
microcode	: 0x25
cpu MHz		: 800.000
cache size	: 6144 KB
physical id	: 0
siblings	: 8
core id		: 0
cpu cores	: 4
apicid		: 0
initial apicid	: 0
fpu		: yes
fpu_exception	: yes
cpuid level	: 13
wp		: yes
flags		: fpu vme de pse tsc msr pae mce cx8 apic sep mtrr pge mca cmov pat pse36 clflush dts acpi mmx fxsr sse sse2 ss ht tm pbe syscall nx rdtscp lm constant_tsc arch_perfmon pebs bts rep_good nopl xtopology nonstop_tsc aperfmperf pni pclmulqdq dtes64 monitor ds_cpl vmx est tm2 ssse3 cx16 xtpr pdcm pcid sse4_1 sse4_2 x2apic popcnt tsc_deadline_timer aes xsave avx lahf_lm ida arat epb xsaveopt pln pts dtherm tpr_shadow vnmi flexpriority ept vpid
bogomips	: 4390.16
clflush size	: 64
cache_alignment	: 64
address sizes	: 36 bits physical, 48 bits virtual
power management:

processor	: 1
vendor_id	: GenuineIntel
cpu family	: 6
model		: 42
model name	: Intel(R) Core(TM) i7-2670QM CPU @ 2.20GHz
stepping	: 7
microcode	: 0x25
cpu MHz		: 2200.000
cache size	: 6144 KB
physical id	: 0
siblings	: 8
core id		: 0
cpu cores	: 4
apicid		: 1
initial apicid	: 1
fpu		: yes
fpu_exception	: yes
cpuid level	: 13
wp		: yes
flags		: fpu vme de pse tsc msr pae mce cx8 apic sep mtrr pge mca cmov pat pse36 clflush dts acpi mmx fxsr sse sse2 ss ht tm pbe syscall nx rdtscp lm constant_tsc arch_perfmon pebs bts rep_good nopl xtopology nonstop_tsc aperfmperf pni pclmulqdq dtes64 monitor ds_cpl vmx est tm2 ssse3 cx16 xtpr pdcm pcid sse4_1 sse4_2 x2apic popcnt tsc_deadline_timer aes xsave avx lahf_lm ida arat epb xsaveopt pln pts dtherm tpr_shadow vnmi flexpriority ept vpid
bogomips	: 4389.82
clflush size	: 64
cache_alignment	: 64
address sizes	: 36 bits physical, 48 bits virtual
power management:

processor	: 2
vendor_id	: GenuineIntel
cpu family	: 6
model		: 42
model name	: Intel(R) Core(TM) i7-2670QM CPU @ 2.20GHz
stepping	: 7
microcode	: 0x25
cpu MHz		: 800.000
cache size	: 6144 KB
physical id	: 0
siblings	: 8
core id		: 1
cpu cores	: 4
apicid		: 2
initial apicid	: 2
fpu		: yes
fpu_exception	: yes
cpuid level	: 13
wp		: yes
flags		: fpu vme de pse tsc msr pae mce cx8 apic sep mtrr pge mca cmov pat pse36 clflush dts acpi mmx fxsr sse sse2 ss ht tm pbe syscall nx rdtscp lm constant_tsc arch_perfmon pebs bts rep_good nopl xtopology nonstop_tsc aperfmperf pni pclmulqdq dtes64 monitor ds_cpl vmx est tm2 ssse3 cx16 xtpr pdcm pcid sse4_1 sse4_2 x2apic popcnt tsc_deadline_timer aes xsave avx lahf_lm ida arat epb xsaveopt pln pts dtherm tpr_shadow vnmi flexpriority ept vpid
bogomips	: 4389.83
clflush size	: 64
cache_alignment	: 64
address sizes	: 36 bits physical, 48 bits virtual
power management:

processor	: 3
vendor_id	: GenuineIntel
cpu family	: 6
model		: 42
model name	: Intel(R) Core(TM) i7-2670QM CPU @ 2.20GHz
stepping	: 7
microcode	: 0x25
cpu MHz		: 800.000
cache size	: 6144 KB
physical id	: 0
siblings	: 8
core id		: 1
cpu cores	: 4
apicid		: 3
initial apicid	: 3
fpu		: yes
fpu_exception	: yes
cpuid level	: 13
wp		: yes
flags		: fpu vme de pse tsc msr pae mce cx8 apic sep mtrr pge mca cmov pat pse36 clflush dts acpi mmx fxsr sse sse2 ss ht tm pbe syscall nx rdtscp lm constant_tsc arch_perfmon pebs bts rep_good nopl xtopology nonstop_tsc aperfmperf pni pclmulqdq dtes64 monitor ds_cpl vmx est tm2 ssse3 cx16 xtpr pdcm pcid sse4_1 sse4_2 x2apic popcnt tsc_deadline_timer aes xsave avx lahf_lm ida arat epb xsaveopt pln pts dtherm tpr_shadow vnmi flexpriority ept vpid
bogomips	: 4389.84
clflush size	: 64
cache_alignment	: 64
address sizes	: 36 bits physical, 48 bits virtual
power management:

processor	: 4
vendor_id	: GenuineIntel
cpu family	: 6
model		: 42
model name	: Intel(R) Core(TM) i7-2670QM CPU @ 2.20GHz
stepping	: 7
microcode	: 0x25
cpu MHz		: 2200.000
cache size	: 6144 KB
physical id	: 0
siblings	: 8
core id		: 2
cpu cores	: 4
apicid		: 4
initial apicid	: 4
fpu		: yes
fpu_exception	: yes
cpuid level	: 13
wp		: yes
flags		: fpu vme de pse tsc msr pae mce cx8 apic sep mtrr pge mca cmov pat pse36 clflush dts acpi mmx fxsr sse sse2 ss ht tm pbe syscall nx rdtscp lm constant_tsc arch_perfmon pebs bts rep_good nopl xtopology nonstop_tsc aperfmperf pni pclmulqdq dtes64 monitor ds_cpl vmx est tm2 ssse3 cx16 xtpr pdcm pcid sse4_1 sse4_2 x2apic popcnt tsc_deadline_timer aes xsave avx lahf_lm ida arat epb xsaveopt pln pts dtherm tpr_shadow vnmi flexpriority ept vpid
bogomips	: 4389.83
clflush size	: 64
cache_alignment	: 64
address sizes	: 36 bits physical, 48 bits virtual
power management:

processor	: 5
vendor_id	: GenuineIntel
cpu family	: 6
model		: 42
model name	: Intel(R) Core(TM) i7-2670QM CPU @ 2.20GHz
stepping	: 7
microcode	: 0x25
cpu MHz		: 800.000
cache size	: 6144 KB
physical id	: 0
siblings	: 8
core id		: 2
cpu cores	: 4
apicid		: 5
initial apicid	: 5
fpu		: yes
fpu_exception	: yes
cpuid level	: 13
wp		: yes
flags		: fpu vme de pse tsc msr pae mce cx8 apic sep mtrr pge mca cmov pat pse36 clflush dts acpi mmx fxsr sse sse2 ss ht tm pbe syscall nx rdtscp lm constant_tsc arch_perfmon pebs bts rep_good nopl xtopology nonstop_tsc aperfmperf pni pclmulqdq dtes64 monitor ds_cpl vmx est tm2 ssse3 cx16 xtpr pdcm pcid sse4_1 sse4_2 x2apic popcnt tsc_deadline_timer aes xsave avx lahf_lm ida arat epb xsaveopt pln pts dtherm tpr_shadow vnmi flexpriority ept vpid
bogomips	: 4389.83
clflush size	: 64
cache_alignment	: 64
address sizes	: 36 bits physical, 48 bits virtual
power management:

processor	: 6
vendor_id	: GenuineIntel
cpu family	: 6
model		: 42
model name	: Intel(R) Core(TM) i7-2670QM CPU @ 2.20GHz
stepping	: 7
microcode	: 0x25
cpu MHz		: 2200.000
cache size	: 6144 KB
physical id	: 0
siblings	: 8
core id		: 3
cpu cores	: 4
apicid		: 6
initial apicid	: 6
fpu		: yes
fpu_exception	: yes
cpuid level	: 13
wp		: yes
flags		: fpu vme de pse tsc msr pae mce cx8 apic sep mtrr pge mca cmov pat pse36 clflush dts acpi mmx fxsr sse sse2 ss ht tm pbe syscall nx rdtscp lm constant_tsc arch_perfmon pebs bts rep_good nopl xtopology nonstop_tsc aperfmperf pni pclmulqdq dtes64 monitor ds_cpl vmx est tm2 ssse3 cx16 xtpr pdcm pcid sse4_1 sse4_2 x2apic popcnt tsc_deadline_timer aes xsave avx lahf_lm ida arat epb xsaveopt pln pts dtherm tpr_shadow vnmi flexpriority ept vpid
bogomips	: 4389.83
clflush size	: 64
cache_alignment	: 64
address sizes	: 36 bits physical, 48 bits virtual
power management:

processor	: 7
vendor_id	: GenuineIntel
cpu family	: 6
model		: 42
model name	: Intel(R) Core(TM) i7-2670QM CPU @ 2.20GHz
stepping	: 7
microcode	: 0x25
cpu MHz		: 2200.000
cache size	: 6144 KB
physical id	: 0
siblings	: 8
core id		: 3
cpu cores	: 4
apicid		: 7
initial apicid	: 7
fpu		: yes
fpu_exception	: yes
cpuid level	: 13
wp		: yes
flags		: fpu vme de pse tsc msr pae mce cx8 apic sep mtrr pge mca cmov pat pse36 clflush dts acpi mmx fxsr sse sse2 ss ht tm pbe syscall nx rdtscp lm constant_tsc arch_perfmon pebs bts rep_good nopl xtopology nonstop_tsc aperfmperf pni pclmulqdq dtes64 monitor ds_cpl vmx est tm2 ssse3 cx16 xtpr pdcm pcid sse4_1 sse4_2 x2apic popcnt tsc_deadline_timer aes xsave avx lahf_lm ida arat epb xsaveopt pln pts dtherm tpr_shadow vnmi flexpriority ept vpid
bogomips	: 4389.83
clflush size	: 64
cache_alignment	: 64
address sizes	: 36 bits physical, 48 bits virtual
power management:



Memory: 4k page, physical 8124752k(2599724k free), swap 0k(0k free)

vm_info: Java HotSpot(TM) 64-Bit Server VM (23.5-b02) for linux-amd64 JRE (1.7.0_09-b05), built on Sep 24 2012 20:07:15 by "java_re" with gcc 4.3.0 20080428 (Red Hat 4.3.0-8)

time: Fri Feb 15 21:05:06 2013
elapsed time: 18 seconds

