#
# A fatal error has been detected by the Java Runtime Environment:
#
#  SIGSEGV (0xb) at pc=0x00007fa0af163f03, pid=4572, tid=140328120129280
#
# JRE version: 7.0_09-b05
# Java VM: Java HotSpot(TM) 64-Bit Server VM (23.5-b02 mixed mode linux-amd64 compressed oops)
# Problematic frame:
# C  [libc.so.6+0x14ef03]  __nss_hosts_lookup+0x1d5c3
#
# Failed to write core dump. Core dumps have been disabled. To enable core dumping, try "ulimit -c unlimited" before starting Java again
#
# If you would like to submit a bug report, please visit:
#   http://bugreport.sun.com/bugreport/crash.jsp
# The crash happened outside the Java Virtual Machine in native code.
# See problematic frame for where to report the bug.
#

---------------  T H R E A D  ---------------

Current thread (0x00007fa0a8013000):  JavaThread "main" [_thread_in_native, id=4578, stack(0x00007fa0afb09000,0x00007fa0afc0a000)]

siginfo:si_signo=SIGSEGV: si_errno=0, si_code=1 (SEGV_MAPERR), si_addr=0x00007fa0afc30000

Registers:
RAX=0x00007fa0a8ad1f32, RBX=0x00007fa0afc284cc, RCX=0x000000000000e1c9, RDX=0x00000000000065c9
RSP=0x00007fa0afc04bf8, RBP=0x00007fa0afc04c50, RSI=0x00007fa0afc2ffea, RDI=0x00007fa0a8ad9a50
R8 =0x00007fa0a8ad1f32, R9 =0x000000000715659a, R10=0x00007fa0a5011f64, R11=0x0000000000000388
R12=0x00007fa0afc1f954, R13=0x00007fa0a8b49810, R14=0x000000000000e1e7, R15=0x00007fa0a8137a50
RIP=0x00007fa0af163f03, EFLAGS=0x0000000000010206, CSGSFS=0x0000000000000033, ERR=0x0000000000000004
  TRAPNO=0x000000000000000e

Top of Stack: (sp=0x00007fa0afc04bf8)
0x00007fa0afc04bf8:   00007fa0acf60c58 0000000000000000
0x00007fa0afc04c08:   28dae70000000001 0000000000008b4a
0x00007fa0afc04c18:   000000007fe0e19d 00007fa0a8b49810
0x00007fa0afc04c28:   0000000000000000 00007fa0a8137a50
0x00007fa0afc04c38:   000000077f033110 00007fa0afc04d10
0x00007fa0afc04c48:   00007fa0a8013000 00007fa0afc04c70
0x00007fa0afc04c58:   00007fa0acf610d7 000000077f033110
0x00007fa0afc04c68:   0000000000000000 00007fa0afc04ce0
0x00007fa0afc04c78:   00007fa0a5011f90 0000000784476ae0
0x00007fa0afc04c88:   0000000000000000 00007fa0afc04d58
0x00007fa0afc04c98:   00007fa0a5006158 00007fa0afc04ca0
0x00007fa0afc04ca8:   0000000000000000 00007fa0afc04d10
0x00007fa0afc04cb8:   000000077f035850 0000000000000000
0x00007fa0afc04cc8:   000000077f033110 0000000000000000
0x00007fa0afc04cd8:   00007fa0afc04d00 00007fa0afc04d58
0x00007fa0afc04ce8:   00007fa0a5006275 0000000784000588
0x00007fa0afc04cf8:   00007fa0a500edd7 0000000000000000
0x00007fa0afc04d08:   00007fa0a8137a50 00000007842661f0
0x00007fa0afc04d18:   00007fa0afc04d18 000000077f0347b2
0x00007fa0afc04d28:   00007fa0afc04d78 000000077f035850
0x00007fa0afc04d38:   0000000000000000 000000077f0347c0
0x00007fa0afc04d48:   00007fa0afc04d00 00007fa0afc04d68
0x00007fa0afc04d58:   00007fa0afc04dd0 00007fa0a5006275
0x00007fa0afc04d68:   0000000000000000 00007fa0a8137a50
0x00007fa0afc04d78:   00000007842a1df0 0000000000000031
0x00007fa0afc04d88:   00000007842a1df0 00007fa0afc04d80
0x00007fa0afc04d98:   000000077f172aa6 00007fa0afc04e08
0x00007fa0afc04da8:   000000077f172f70 0000000000000000
0x00007fa0afc04db8:   000000077f172b60 00007fa0afc04d68
0x00007fa0afc04dc8:   00007fa0afc04e08 00007fa0afc04e50
0x00007fa0afc04dd8:   00007fa0a5006333 0000000000000000
0x00007fa0afc04de8:   0000000000000000 0000000000000000 

Instructions: (pc=0x00007fa0af163f03)
0x00007fa0af163ee3:   0f 18 86 80 02 00 00 0f 18 87 c0 01 00 00 0f 18
0x00007fa0af163ef3:   87 80 02 00 00 48 81 ea 80 00 00 00 f3 0f 6f 06
0x00007fa0af163f03:   f3 0f 6f 4e 10 f3 0f 6f 56 20 f3 0f 6f 5e 30 f3
0x00007fa0af163f13:   0f 6f 66 40 f3 0f 6f 6e 50 f3 0f 6f 76 60 f3 0f 

Register to memory mapping:

RAX=0x00007fa0a8ad1f32 is an unknown value
RBX=0x00007fa0afc284cc is an unknown value
RCX=0x000000000000e1c9 is an unknown value
RDX=0x00000000000065c9 is an unknown value
RSP=0x00007fa0afc04bf8 is pointing into the stack for thread: 0x00007fa0a8013000
RBP=0x00007fa0afc04c50 is pointing into the stack for thread: 0x00007fa0a8013000
RSI=0x00007fa0afc2ffea is an unknown value
RDI=0x00007fa0a8ad9a50 is an unknown value
R8 =0x00007fa0a8ad1f32 is an unknown value
R9 =0x000000000715659a is an unknown value
R10=0x00007fa0a5011f64 is an Interpreter codelet
method entry point (kind = native)  [0x00007fa0a5011d00, 0x00007fa0a5012540]  2112 bytes
R11=0x0000000000000388 is an unknown value
R12=0x00007fa0afc1f954 is an unknown value
R13=0x00007fa0a8b49810 is an unknown value
R14=0x000000000000e1e7 is an unknown value
R15=0x00007fa0a8137a50 is an unknown value


Stack: [0x00007fa0afb09000,0x00007fa0afc0a000],  sp=0x00007fa0afc04bf8,  free space=1006k
Native frames: (J=compiled Java code, j=interpreted, Vv=VM code, C=native code)
C  [libc.so.6+0x14ef03]  __nss_hosts_lookup+0x1d5c3
C  [libzip.so+0x50d7]  ZIP_GetNextEntry+0x57
j  java.util.zip.ZipFile.getNextEntry(JI)J+0
j  java.util.zip.ZipFile.access$500(JI)J+2
j  java.util.zip.ZipFile$1.nextElement()Ljava/util/zip/ZipEntry;+54
j  java.util.zip.ZipFile$1.nextElement()Ljava/lang/Object;+1
j  java.util.jar.JarFile$1.nextElement()Ljava/util/jar/JarFile$JarFileEntry;+4
j  java.util.jar.JarFile$1.nextElement()Ljava/lang/Object;+1
j  sun.misc.URLClassPath$JarLoader.validIndex(Ljava/lang/String;)Z+42
j  sun.misc.URLClassPath$JarLoader.getResource(Ljava/lang/String;ZLjava/util/Set;)Lsun/misc/Resource;+273

Java frames: (J=compiled Java code, j=interpreted, Vv=VM code)
j  java.util.zip.ZipFile.getNextEntry(JI)J+0
j  java.util.zip.ZipFile.access$500(JI)J+2
j  java.util.zip.ZipFile$1.nextElement()Ljava/util/zip/ZipEntry;+54
j  java.util.zip.ZipFile$1.nextElement()Ljava/lang/Object;+1
j  java.util.jar.JarFile$1.nextElement()Ljava/util/jar/JarFile$JarFileEntry;+4
j  java.util.jar.JarFile$1.nextElement()Ljava/lang/Object;+1
j  sun.misc.URLClassPath$JarLoader.validIndex(Ljava/lang/String;)Z+42
j  sun.misc.URLClassPath$JarLoader.getResource(Ljava/lang/String;ZLjava/util/Set;)Lsun/misc/Resource;+273
J  sun.misc.URLClassPath$JarLoader.getResource(Ljava/lang/String;Z)Lsun/misc/Resource;
j  sun.misc.URLClassPath$JarLoader.findResource(Ljava/lang/String;Z)Ljava/net/URL;+3
j  sun.misc.URLClassPath.findResource(Ljava/lang/String;Z)Ljava/net/URL;+17
j  java.net.URLClassLoader$2.run()Ljava/net/URL;+12
j  java.net.URLClassLoader$2.run()Ljava/lang/Object;+1
v  ~StubRoutines::call_stub
j  java.security.AccessController.doPrivileged(Ljava/security/PrivilegedAction;Ljava/security/AccessControlContext;)Ljava/lang/Object;+0
j  java.net.URLClassLoader.findResource(Ljava/lang/String;)Ljava/net/URL;+13
j  java.lang.ClassLoader.getResource(Ljava/lang/String;)Ljava/net/URL;+30
j  java.net.URLClassLoader.getResourceAsStream(Ljava/lang/String;)Ljava/io/InputStream;+2
j  org.jboss.shrinkwrap.impl.base.ServiceExtensionLoader.findExtensionImpl(Ljava/lang/Class;)Ljava/io/InputStream;+52
j  org.jboss.shrinkwrap.impl.base.ServiceExtensionLoader.loadExtensionMapping(Ljava/lang/Class;)Lorg/jboss/shrinkwrap/impl/base/ExtensionWrapper;+2
j  org.jboss.shrinkwrap.impl.base.ServiceExtensionLoader.createFromLoadExtension(Ljava/lang/Class;Lorg/jboss/shrinkwrap/api/Archive;)Lorg/jboss/shrinkwrap/api/Assignable;+2
j  org.jboss.shrinkwrap.impl.base.ServiceExtensionLoader.load(Ljava/lang/Class;Lorg/jboss/shrinkwrap/api/Archive;)Lorg/jboss/shrinkwrap/api/Assignable;+18
j  org.jboss.shrinkwrap.impl.base.ArchiveBase.as(Ljava/lang/Class;)Lorg/jboss/shrinkwrap/api/Assignable;+15
j  org.jboss.shrinkwrap.api.ArchiveFactory.create(Ljava/lang/Class;Ljava/lang/String;)Lorg/jboss/shrinkwrap/api/Assignable;+104
j  org.jboss.shrinkwrap.api.ShrinkWrap.create(Ljava/lang/Class;Ljava/lang/String;)Lorg/jboss/shrinkwrap/api/Assignable;+43
j  org.jboss.arquillian.junit.container.JUnitDeploymentAppender.buildArchive()Lorg/jboss/shrinkwrap/api/Archive;+5
j  org.jboss.arquillian.container.test.spi.client.deployment.CachedAuxilliaryArchiveAppender.createAuxiliaryArchive()Lorg/jboss/shrinkwrap/api/Archive;+23
j  org.jboss.arquillian.container.test.impl.client.deployment.DeploymentGenerator.loadAuxiliaryArchives(Lorg/jboss/arquillian/container/spi/client/deployment/DeploymentDescription;)Ljava/util/List;+62
j  org.jboss.arquillian.container.test.impl.client.deployment.DeploymentGenerator.buildTestableDeployments(Lorg/jboss/arquillian/container/spi/client/deployment/DeploymentScenario;Lorg/jboss/arquillian/test/spi/TestClass;Lorg/jboss/arquillian/container/test/impl/domain/ProtocolRegistry;)V+62
j  org.jboss.arquillian.container.test.impl.client.deployment.DeploymentGenerator.createTestableDeployments(Lorg/jboss/arquillian/container/spi/client/deployment/DeploymentScenario;Lorg/jboss/arquillian/test/spi/TestClass;)V+17
j  org.jboss.arquillian.container.test.impl.client.deployment.DeploymentGenerator.generateDeployment(Lorg/jboss/arquillian/container/test/impl/client/deployment/event/GenerateDeployment;)V+95
v  ~StubRoutines::call_stub
j  sun.reflect.NativeMethodAccessorImpl.invoke0(Ljava/lang/reflect/Method;Ljava/lang/Object;[Ljava/lang/Object;)Ljava/lang/Object;+0
j  sun.reflect.NativeMethodAccessorImpl.invoke(Ljava/lang/Object;[Ljava/lang/Object;)Ljava/lang/Object;+87
j  sun.reflect.DelegatingMethodAccessorImpl.invoke(Ljava/lang/Object;[Ljava/lang/Object;)Ljava/lang/Object;+6
j  java.lang.reflect.Method.invoke(Ljava/lang/Object;[Ljava/lang/Object;)Ljava/lang/Object;+57
j  org.jboss.arquillian.core.impl.ObserverImpl.invoke(Lorg/jboss/arquillian/core/spi/Manager;Ljava/lang/Object;)Z+26
j  org.jboss.arquillian.core.impl.EventContextImpl.invokeObservers()V+47
j  org.jboss.arquillian.core.impl.EventContextImpl.proceed()V+17
j  org.jboss.arquillian.core.impl.ManagerImpl.fire(Ljava/lang/Object;Lorg/jboss/arquillian/core/spi/NonManagedObserver;)V+59
j  org.jboss.arquillian.core.impl.ManagerImpl.fire(Ljava/lang/Object;)V+3
j  org.jboss.arquillian.core.impl.EventImpl.fire(Ljava/lang/Object;)V+5
j  org.jboss.arquillian.container.test.impl.client.ContainerEventController.execute(Lorg/jboss/arquillian/test/spi/event/suite/BeforeClass;)V+31
v  ~StubRoutines::call_stub
j  sun.reflect.NativeMethodAccessorImpl.invoke0(Ljava/lang/reflect/Method;Ljava/lang/Object;[Ljava/lang/Object;)Ljava/lang/Object;+0
j  sun.reflect.NativeMethodAccessorImpl.invoke(Ljava/lang/Object;[Ljava/lang/Object;)Ljava/lang/Object;+87
j  sun.reflect.DelegatingMethodAccessorImpl.invoke(Ljava/lang/Object;[Ljava/lang/Object;)Ljava/lang/Object;+6
j  java.lang.reflect.Method.invoke(Ljava/lang/Object;[Ljava/lang/Object;)Ljava/lang/Object;+57
j  org.jboss.arquillian.core.impl.ObserverImpl.invoke(Lorg/jboss/arquillian/core/spi/Manager;Ljava/lang/Object;)Z+26
j  org.jboss.arquillian.core.impl.EventContextImpl.invokeObservers()V+47
j  org.jboss.arquillian.core.impl.EventContextImpl.proceed()V+17
j  org.jboss.arquillian.test.impl.TestContextHandler.createClassContext(Lorg/jboss/arquillian/core/spi/EventContext;)V+56
v  ~StubRoutines::call_stub
j  sun.reflect.NativeMethodAccessorImpl.invoke0(Ljava/lang/reflect/Method;Ljava/lang/Object;[Ljava/lang/Object;)Ljava/lang/Object;+0
j  sun.reflect.NativeMethodAccessorImpl.invoke(Ljava/lang/Object;[Ljava/lang/Object;)Ljava/lang/Object;+87
j  sun.reflect.DelegatingMethodAccessorImpl.invoke(Ljava/lang/Object;[Ljava/lang/Object;)Ljava/lang/Object;+6
j  java.lang.reflect.Method.invoke(Ljava/lang/Object;[Ljava/lang/Object;)Ljava/lang/Object;+57
j  org.jboss.arquillian.core.impl.ObserverImpl.invoke(Lorg/jboss/arquillian/core/spi/Manager;Ljava/lang/Object;)Z+26
j  org.jboss.arquillian.core.impl.EventContextImpl.proceed()V+66
j  org.jboss.arquillian.test.impl.TestContextHandler.createSuiteContext(Lorg/jboss/arquillian/core/spi/EventContext;)V+20
v  ~StubRoutines::call_stub
j  sun.reflect.NativeMethodAccessorImpl.invoke0(Ljava/lang/reflect/Method;Ljava/lang/Object;[Ljava/lang/Object;)Ljava/lang/Object;+0
j  sun.reflect.NativeMethodAccessorImpl.invoke(Ljava/lang/Object;[Ljava/lang/Object;)Ljava/lang/Object;+87
j  sun.reflect.DelegatingMethodAccessorImpl.invoke(Ljava/lang/Object;[Ljava/lang/Object;)Ljava/lang/Object;+6
j  java.lang.reflect.Method.invoke(Ljava/lang/Object;[Ljava/lang/Object;)Ljava/lang/Object;+57
j  org.jboss.arquillian.core.impl.ObserverImpl.invoke(Lorg/jboss/arquillian/core/spi/Manager;Ljava/lang/Object;)Z+26
j  org.jboss.arquillian.core.impl.EventContextImpl.proceed()V+66
j  org.jboss.arquillian.core.impl.ManagerImpl.fire(Ljava/lang/Object;Lorg/jboss/arquillian/core/spi/NonManagedObserver;)V+59
j  org.jboss.arquillian.core.impl.ManagerImpl.fire(Ljava/lang/Object;)V+3
j  org.jboss.arquillian.test.impl.EventTestRunnerAdaptor.beforeClass(Ljava/lang/Class;Lorg/jboss/arquillian/test/spi/LifecycleMethodExecutor;)V+19
j  org.jboss.arquillian.junit.Arquillian$2.evaluate()V+24
j  org.jboss.arquillian.junit.Arquillian.multiExecute([Lorg/junit/runners/model/Statement;)V+32
j  org.jboss.arquillian.junit.Arquillian.access$100(Lorg/jboss/arquillian/junit/Arquillian;[Lorg/junit/runners/model/Statement;)V+2
j  org.jboss.arquillian.junit.Arquillian$3.evaluate()V+26
j  org.junit.runners.ParentRunner.run(Lorg/junit/runner/notification/RunNotifier;)V+20
j  org.jboss.arquillian.junit.Arquillian.run(Lorg/junit/runner/notification/RunNotifier;)V+100
j  org.eclipse.jdt.internal.junit4.runner.JUnit4TestReference.run(Lorg/eclipse/jdt/internal/junit/runner/TestExecution;)V+72
j  org.eclipse.jdt.internal.junit.runner.TestExecution.run([Lorg/eclipse/jdt/internal/junit/runner/ITestReference;)V+17
j  org.eclipse.jdt.internal.junit.runner.RemoteTestRunner.runTests([Ljava/lang/String;Ljava/lang/String;Lorg/eclipse/jdt/internal/junit/runner/TestExecution;)V+61
j  org.eclipse.jdt.internal.junit.runner.RemoteTestRunner.runTests(Lorg/eclipse/jdt/internal/junit/runner/TestExecution;)V+10
j  org.eclipse.jdt.internal.junit.runner.RemoteTestRunner.run()V+70
j  org.eclipse.jdt.internal.junit.runner.RemoteTestRunner.main([Ljava/lang/String;)V+14
v  ~StubRoutines::call_stub

---------------  P R O C E S S  ---------------

Java Threads: ( => current thread )
  0x00007fa010001000 JavaThread "Keep-Alive-Timer" daemon [_thread_blocked, id=4667, stack(0x00007fa097afb000,0x00007fa097bfc000)]
  0x00007fa0a8aa1800 JavaThread "process reaper" daemon [_thread_blocked, id=4603, stack(0x00007fa09c0ad000,0x00007fa09c0d5000)]
  0x00007fa0a8753000 JavaThread "SocketListener0-1" [_thread_blocked, id=4601, stack(0x00007fa09c0d5000,0x00007fa09c1d6000)]
  0x00007fa0a8751800 JavaThread "SocketListener0-0" [_thread_blocked, id=4600, stack(0x00007fa09c1d6000,0x00007fa09c2d7000)]
  0x00007fa0a85e4800 JavaThread "Acceptor ServerSocket[addr=0.0.0.0/0.0.0.0,port=0,localport=14444]" [_thread_in_native, id=4599, stack(0x00007fa09c2d7000,0x00007fa09c3d8000)]
  0x00007fa0a86f3800 JavaThread "SessionScavenger" daemon [_thread_blocked, id=4598, stack(0x00007fa09c3d8000,0x00007fa09c4d9000)]
  0x00007fa0a82db000 JavaThread "Timer-0" daemon [_thread_blocked, id=4597, stack(0x00007fa09c4d9000,0x00007fa09c5da000)]
  0x00007fa0a8443800 JavaThread "ReaderThread" [_thread_in_native, id=4596, stack(0x00007fa09d032000,0x00007fa09d133000)]
  0x00007fa0a8102800 JavaThread "Service Thread" daemon [_thread_blocked, id=4594, stack(0x00007fa09d756000,0x00007fa09d857000)]
  0x00007fa0a8100800 JavaThread "C2 CompilerThread1" daemon [_thread_blocked, id=4593, stack(0x00007fa09d857000,0x00007fa09d958000)]
  0x00007fa0a80fd800 JavaThread "C2 CompilerThread0" daemon [_thread_blocked, id=4592, stack(0x00007fa09d958000,0x00007fa09da59000)]
  0x00007fa0a80fb000 JavaThread "Signal Dispatcher" daemon [_thread_blocked, id=4591, stack(0x00007fa09da59000,0x00007fa09db5a000)]
  0x00007fa0a80ae000 JavaThread "Finalizer" daemon [_thread_blocked, id=4590, stack(0x00007fa09de26000,0x00007fa09df27000)]
  0x00007fa0a80ab800 JavaThread "Reference Handler" daemon [_thread_blocked, id=4589, stack(0x00007fa09df27000,0x00007fa09e028000)]
=>0x00007fa0a8013000 JavaThread "main" [_thread_in_native, id=4578, stack(0x00007fa0afb09000,0x00007fa0afc0a000)]

Other Threads:
  0x00007fa0a80a4000 VMThread [stack: 0x00007fa09e028000,0x00007fa09e129000] [id=4588]
  0x00007fa0a8115800 WatcherThread [stack: 0x00007fa09d655000,0x00007fa09d756000] [id=4595]

VM state:not at safepoint (normal execution)

VM Mutex/Monitor currently owned by a thread: None

Heap
 PSYoungGen      total 131392K, used 101519K [0x00000007d6ab0000, 0x00000007e6b10000, 0x0000000800000000)
  eden space 123072K, 79% used [0x00000007d6ab0000,0x00000007dca17da8,0x00000007de2e0000)
  from space 8320K, 45% used [0x00000007deaf0000,0x00000007deeac250,0x00000007df310000)
  to   space 8256K, 0% used [0x00000007de2e0000,0x00000007de2e0000,0x00000007deaf0000)
 ParOldGen       total 84672K, used 5742K [0x0000000784000000, 0x00000007892b0000, 0x00000007d6ab0000)
  object space 84672K, 6% used [0x0000000784000000,0x000000078459ba48,0x00000007892b0000)
 PSPermGen       total 21248K, used 19299K [0x000000077ee00000, 0x00000007802c0000, 0x0000000784000000)
  object space 21248K, 90% used [0x000000077ee00000,0x00000007800d8f78,0x00000007802c0000)

Card table byte_map: [0x00007fa0acb52000,0x00007fa0acf5c000] byte_map_base: 0x00007fa0a8f5b000

Polling page: 0x00007fa0afc2a000

Code Cache  [0x00007fa0a5000000, 0x00007fa0a5270000, 0x00007fa0a8000000)
 total_blobs=896 nmethods=581 adapters=267 free_code_cache=47255Kb largest_free_block=48349312

Compilation events (10 events):
Event: 16.312 Thread 0x00007fa0a8100800 nmethod 605 0x00007fa0a51d0590 code [0x00007fa0a51d0700, 0x00007fa0a51d08b8]
Event: 16.312 Thread 0x00007fa0a80fd800 nmethod 604 0x00007fa0a51d0010 code [0x00007fa0a51d0180, 0x00007fa0a51d0338]
Event: 16.334 Thread 0x00007fa0a80fd800  606   !         org.codehaus.plexus.util.xml.pull.MXParser::parseCDSect (633 bytes)
Event: 16.338 Thread 0x00007fa0a8100800  607             org.sonatype.aether.impl.internal.GraphNode::getOutgoingEdges (5 bytes)
Event: 16.338 Thread 0x00007fa0a8100800 nmethod 607 0x00007fa0a51cfe10 code [0x00007fa0a51cff40, 0x00007fa0a51cffb8]
Event: 16.338 Thread 0x00007fa0a8100800  608             java.util.AbstractSet::hashCode (39 bytes)
Event: 16.340 Thread 0x00007fa0a8100800 nmethod 608 0x00007fa0a51d2790 code [0x00007fa0a51d28e0, 0x00007fa0a51d2a38]
Event: 16.347 Thread 0x00007fa0a80fd800 nmethod 606 0x00007fa0a51dfe50 code [0x00007fa0a51e00a0, 0x00007fa0a51e0e68]
Event: 16.352 Thread 0x00007fa0a8100800  609             java.util.zip.ZipFile::access$000 (5 bytes)
Event: 16.352 Thread 0x00007fa0a8100800 nmethod 609 0x00007fa0a51cfc10 code [0x00007fa0a51cfd40, 0x00007fa0a51cfd98]

GC Heap History (10 events):
Event: 2.251 GC heap before
{Heap before GC invocations=4 (full 0):
 PSYoungGen      total 37056K, used 36718K [0x00000007d6ab0000, 0x00000007db310000, 0x0000000800000000)
  eden space 31808K, 100% used [0x00000007d6ab0000,0x00000007d89c0000,0x00000007d89c0000)
  from space 5248K, 93% used [0x00000007d89c0000,0x00000007d8e8bb40,0x00000007d8ee0000)
  to   space 5248K, 0% used [0x00000007dadf0000,0x00000007dadf0000,0x00000007db310000)
 ParOldGen       total 84672K, used 24K [0x0000000784000000, 0x00000007892b0000, 0x00000007d6ab0000)
  object space 84672K, 0% used [0x0000000784000000,0x0000000784006000,0x00000007892b0000)
 PSPermGen       total 21248K, used 13686K [0x000000077ee00000, 0x00000007802c0000, 0x0000000784000000)
  object space 21248K, 64% used [0x000000077ee00000,0x000000077fb5d958,0x00000007802c0000)
Event: 2.259 GC heap after
Heap after GC invocations=4 (full 0):
 PSYoungGen      total 68864K, used 4997K [0x00000007d6ab0000, 0x00000007db310000, 0x0000000800000000)
  eden space 63616K, 0% used [0x00000007d6ab0000,0x00000007d6ab0000,0x00000007da8d0000)
  from space 5248K, 95% used [0x00000007dadf0000,0x00000007db2d1648,0x00000007db310000)
  to   space 5248K, 0% used [0x00000007da8d0000,0x00000007da8d0000,0x00000007dadf0000)
 ParOldGen       total 84672K, used 32K [0x0000000784000000, 0x00000007892b0000, 0x00000007d6ab0000)
  object space 84672K, 0% used [0x0000000784000000,0x0000000784008000,0x00000007892b0000)
 PSPermGen       total 21248K, used 13686K [0x000000077ee00000, 0x00000007802c0000, 0x0000000784000000)
  object space 21248K, 64% used [0x000000077ee00000,0x000000077fb5d958,0x00000007802c0000)
}
Event: 6.396 GC heap before
{Heap before GC invocations=5 (full 0):
 PSYoungGen      total 68864K, used 68613K [0x00000007d6ab0000, 0x00000007db310000, 0x0000000800000000)
  eden space 63616K, 100% used [0x00000007d6ab0000,0x00000007da8d0000,0x00000007da8d0000)
  from space 5248K, 95% used [0x00000007dadf0000,0x00000007db2d1648,0x00000007db310000)
  to   space 5248K, 0% used [0x00000007da8d0000,0x00000007da8d0000,0x00000007dadf0000)
 ParOldGen       total 84672K, used 32K [0x0000000784000000, 0x00000007892b0000, 0x00000007d6ab0000)
  object space 84672K, 0% used [0x0000000784000000,0x0000000784008000,0x00000007892b0000)
 PSPermGen       total 21248K, used 18166K [0x000000077ee00000, 0x00000007802c0000, 0x0000000784000000)
  object space 21248K, 85% used [0x000000077ee00000,0x000000077ffbd948,0x00000007802c0000)
Event: 6.406 GC heap after
Heap after GC invocations=5 (full 0):
 PSYoungGen      total 68864K, used 5224K [0x00000007d6ab0000, 0x00000007df530000, 0x0000000800000000)
  eden space 63616K, 0% used [0x00000007d6ab0000,0x00000007d6ab0000,0x00000007da8d0000)
  from space 5248K, 99% used [0x00000007da8d0000,0x00000007dadea1c0,0x00000007dadf0000)
  to   space 7296K, 0% used [0x00000007dee10000,0x00000007dee10000,0x00000007df530000)
 ParOldGen       total 84672K, used 2018K [0x0000000784000000, 0x00000007892b0000, 0x00000007d6ab0000)
  object space 84672K, 2% used [0x0000000784000000,0x00000007841f8928,0x00000007892b0000)
 PSPermGen       total 21248K, used 18166K [0x000000077ee00000, 0x00000007802c0000, 0x0000000784000000)
  object space 21248K, 85% used [0x000000077ee00000,0x000000077ffbd948,0x00000007802c0000)
}
Event: 14.839 GC heap before
{Heap before GC invocations=6 (full 0):
 PSYoungGen      total 68864K, used 68840K [0x00000007d6ab0000, 0x00000007df530000, 0x0000000800000000)
  eden space 63616K, 100% used [0x00000007d6ab0000,0x00000007da8d0000,0x00000007da8d0000)
  from space 5248K, 99% used [0x00000007da8d0000,0x00000007dadea1c0,0x00000007dadf0000)
  to   space 7296K, 0% used [0x00000007dee10000,0x00000007dee10000,0x00000007df530000)
 ParOldGen       total 84672K, used 2018K [0x0000000784000000, 0x00000007892b0000, 0x00000007d6ab0000)
  object space 84672K, 2% used [0x0000000784000000,0x00000007841f8928,0x00000007892b0000)
 PSPermGen       total 21248K, used 19092K [0x000000077ee00000, 0x00000007802c0000, 0x0000000784000000)
  object space 21248K, 89% used [0x000000077ee00000,0x00000007800a5188,0x00000007802c0000)
Event: 14.848 GC heap after
Heap after GC invocations=6 (full 0):
 PSYoungGen      total 68800K, used 7267K [0x00000007d6ab0000, 0x00000007df530000, 0x0000000800000000)
  eden space 61504K, 0% used [0x00000007d6ab0000,0x00000007d6ab0000,0x00000007da6c0000)
  from space 7296K, 99% used [0x00000007dee10000,0x00000007df528d00,0x00000007df530000)
  to   space 8384K, 0% used [0x00000007de4d0000,0x00000007de4d0000,0x00000007ded00000)
 ParOldGen       total 84672K, used 2439K [0x0000000784000000, 0x00000007892b0000, 0x00000007d6ab0000)
  object space 84672K, 2% used [0x0000000784000000,0x0000000784261fd0,0x00000007892b0000)
 PSPermGen       total 21248K, used 19092K [0x000000077ee00000, 0x00000007802c0000, 0x0000000784000000)
  object space 21248K, 89% used [0x000000077ee00000,0x00000007800a5188,0x00000007802c0000)
}
Event: 15.364 GC heap before
{Heap before GC invocations=7 (full 0):
 PSYoungGen      total 68800K, used 68771K [0x00000007d6ab0000, 0x00000007df530000, 0x0000000800000000)
  eden space 61504K, 100% used [0x00000007d6ab0000,0x00000007da6c0000,0x00000007da6c0000)
  from space 7296K, 99% used [0x00000007dee10000,0x00000007df528d00,0x00000007df530000)
  to   space 8384K, 0% used [0x00000007de4d0000,0x00000007de4d0000,0x00000007ded00000)
 ParOldGen       total 84672K, used 2439K [0x0000000784000000, 0x00000007892b0000, 0x00000007d6ab0000)
  object space 84672K, 2% used [0x0000000784000000,0x0000000784261fd0,0x00000007892b0000)
 PSPermGen       total 21248K, used 19146K [0x000000077ee00000, 0x00000007802c0000, 0x0000000784000000)
  object space 21248K, 90% used [0x000000077ee00000,0x00000007800b2908,0x00000007802c0000)
Event: 15.374 GC heap after
Heap after GC invocations=7 (full 0):
 PSYoungGen      total 127168K, used 4097K [0x00000007d6ab0000, 0x00000007df310000, 0x0000000800000000)
  eden space 123008K, 0% used [0x00000007d6ab0000,0x00000007d6ab0000,0x00000007de2d0000)
  from space 4160K, 98% used [0x00000007de4d0000,0x00000007de8d0480,0x00000007de8e0000)
  to   space 8320K, 0% used [0x00000007deaf0000,0x00000007deaf0000,0x00000007df310000)
 ParOldGen       total 84672K, used 4820K [0x0000000784000000, 0x00000007892b0000, 0x00000007d6ab0000)
  object space 84672K, 5% used [0x0000000784000000,0x00000007844b5238,0x00000007892b0000)
 PSPermGen       total 21248K, used 19146K [0x000000077ee00000, 0x00000007802c0000, 0x0000000784000000)
  object space 21248K, 90% used [0x000000077ee00000,0x00000007800b2908,0x00000007802c0000)
}
Event: 16.022 GC heap before
{Heap before GC invocations=8 (full 0):
 PSYoungGen      total 127168K, used 127105K [0x00000007d6ab0000, 0x00000007df310000, 0x0000000800000000)
  eden space 123008K, 100% used [0x00000007d6ab0000,0x00000007de2d0000,0x00000007de2d0000)
  from space 4160K, 98% used [0x00000007de4d0000,0x00000007de8d0480,0x00000007de8e0000)
  to   space 8320K, 0% used [0x00000007deaf0000,0x00000007deaf0000,0x00000007df310000)
 ParOldGen       total 84672K, used 4820K [0x0000000784000000, 0x00000007892b0000, 0x00000007d6ab0000)
  object space 84672K, 5% used [0x0000000784000000,0x00000007844b5238,0x00000007892b0000)
 PSPermGen       total 21248K, used 19227K [0x000000077ee00000, 0x00000007802c0000, 0x0000000784000000)
  object space 21248K, 90% used [0x000000077ee00000,0x00000007800c6d10,0x00000007802c0000)
Event: 16.030 GC heap after
Heap after GC invocations=8 (full 0):
 PSYoungGen      total 131392K, used 3824K [0x00000007d6ab0000, 0x00000007e6b10000, 0x0000000800000000)
  eden space 123072K, 0% used [0x00000007d6ab0000,0x00000007d6ab0000,0x00000007de2e0000)
  from space 8320K, 45% used [0x00000007deaf0000,0x00000007deeac250,0x00000007df310000)
  to   space 8256K, 0% used [0x00000007de2e0000,0x00000007de2e0000,0x00000007deaf0000)
 ParOldGen       total 84672K, used 5742K [0x0000000784000000, 0x00000007892b0000, 0x00000007d6ab0000)
  object space 84672K, 6% used [0x0000000784000000,0x000000078459ba48,0x00000007892b0000)
 PSPermGen       total 21248K, used 19227K [0x000000077ee00000, 0x00000007802c0000, 0x0000000784000000)
  object space 21248K, 90% used [0x000000077ee00000,0x00000007800c6d10,0x00000007802c0000)
}

Deoptimization events (10 events):
Event: 6.392 Thread 0x00007fa01400d000 Uncommon trap -83 fr.pc 0x00007fa0a5125edc
Event: 7.044 Thread 0x00007fa0a8013000 Uncommon trap -83 fr.pc 0x00007fa0a511d274
Event: 13.668 Thread 0x00007fa0a8013000 Uncommon trap -83 fr.pc 0x00007fa0a506c958
Event: 13.669 Thread 0x00007fa0a8013000 Uncommon trap -83 fr.pc 0x00007fa0a50ad01c
Event: 14.689 Thread 0x00007fa0a8013000 Uncommon trap -122 fr.pc 0x00007fa0a50c0448
Event: 14.732 Thread 0x00007fa0a8013000 Uncommon trap -12 fr.pc 0x00007fa0a50d7bc8
Event: 14.745 Thread 0x00007fa0a8013000 Uncommon trap -34 fr.pc 0x00007fa0a5114d30
Event: 14.745 Thread 0x00007fa0a8013000 Uncommon trap -34 fr.pc 0x00007fa0a5114d30
Event: 14.745 Thread 0x00007fa0a8013000 Uncommon trap -34 fr.pc 0x00007fa0a5114d30
Event: 14.745 Thread 0x00007fa0a8013000 Uncommon trap -34 fr.pc 0x00007fa0a5114d30

Internal exceptions (10 events):
Event: 16.346 Thread 0x00007fa0a8013000 Threw 0x00000007dc7ba670 at /HUDSON/workspace/jdk7u9-2-build-linux-amd64-product/jdk7u9/hotspot/src/share/vm/prims/jni.cpp:716
Event: 16.346 Thread 0x00007fa0a8013000 Threw 0x00000007dc7bd218 at /HUDSON/workspace/jdk7u9-2-build-linux-amd64-product/jdk7u9/hotspot/src/share/vm/prims/jni.cpp:716
Event: 16.347 Thread 0x00007fa0a8013000 Threw 0x00000007dc7e8088 at /HUDSON/workspace/jdk7u9-2-build-linux-amd64-product/jdk7u9/hotspot/src/share/vm/prims/jni.cpp:716
Event: 16.347 Thread 0x00007fa0a8013000 Threw 0x00000007dc7f9f98 at /HUDSON/workspace/jdk7u9-2-build-linux-amd64-product/jdk7u9/hotspot/src/share/vm/prims/jni.cpp:716
Event: 16.349 Thread 0x00007fa0a8013000 Threw 0x00000007dc85dca8 at /HUDSON/workspace/jdk7u9-2-build-linux-amd64-product/jdk7u9/hotspot/src/share/vm/prims/jni.cpp:716
Event: 16.349 Thread 0x00007fa0a8013000 Threw 0x00000007dc866098 at /HUDSON/workspace/jdk7u9-2-build-linux-amd64-product/jdk7u9/hotspot/src/share/vm/prims/jni.cpp:716
Event: 16.350 Thread 0x00007fa0a8013000 Threw 0x00000007dc892a28 at /HUDSON/workspace/jdk7u9-2-build-linux-amd64-product/jdk7u9/hotspot/src/share/vm/prims/jvm.cpp:1166
Event: 16.351 Thread 0x00007fa0a8013000 Threw 0x00000007dc89a258 at /HUDSON/workspace/jdk7u9-2-build-linux-amd64-product/jdk7u9/hotspot/src/share/vm/prims/jvm.cpp:1166
Event: 16.351 Thread 0x00007fa0a8013000 Threw 0x00000007dc8a3700 at /HUDSON/workspace/jdk7u9-2-build-linux-amd64-product/jdk7u9/hotspot/src/share/vm/prims/jvm.cpp:1166
Event: 16.353 Thread 0x00007fa0a8013000 Threw 0x00000007dc8b8f30 at /HUDSON/workspace/jdk7u9-2-build-linux-amd64-product/jdk7u9/hotspot/src/share/vm/prims/jvm.cpp:1166

Events (10 events):
Event: 16.022 Executing VM operation: ParallelGCFailedAllocation
Event: 16.030 Executing VM operation: ParallelGCFailedAllocation done
Event: 16.350 loading class 0x00007fa0a8444720
Event: 16.350 loading class 0x00007fa0a8444720 done
Event: 16.351 loading class 0x00007fa0a8741810
Event: 16.351 loading class 0x00007fa0a8741810 done
Event: 16.351 loading class 0x00007fa0a8322820
Event: 16.351 loading class 0x00007fa0a8322820 done
Event: 16.353 loading class 0x00007fa0a850b1f0
Event: 16.353 loading class 0x00007fa0a850b1f0 done


Dynamic libraries:
00400000-00401000 r-xp 00000000 08:05 18105054                           /usr/lib/jvm/java-7-oracle/bin/java
00600000-00601000 rw-p 00000000 08:05 18105054                           /usr/lib/jvm/java-7-oracle/bin/java
015c3000-015e4000 rw-p 00000000 00:00 0                                  [heap]
77ee00000-7802c0000 rw-p 00000000 00:00 0 
7802c0000-784000000 rw-p 00000000 00:00 0 
784000000-7892b0000 rw-p 00000000 00:00 0 
7892b0000-7d6ab0000 rw-p 00000000 00:00 0 
7d6ab0000-7e6b10000 rw-p 00000000 00:00 0 
7e6b10000-800000000 rw-p 00000000 00:00 0 
7fa004000000-7fa0040d2000 rw-p 00000000 00:00 0 
7fa0040d2000-7fa008000000 ---p 00000000 00:00 0 
7fa008000000-7fa008021000 rw-p 00000000 00:00 0 
7fa008021000-7fa00c000000 ---p 00000000 00:00 0 
7fa00c000000-7fa00c021000 rw-p 00000000 00:00 0 
7fa00c021000-7fa010000000 ---p 00000000 00:00 0 
7fa010000000-7fa010021000 rw-p 00000000 00:00 0 
7fa010021000-7fa014000000 ---p 00000000 00:00 0 
7fa014000000-7fa014021000 rw-p 00000000 00:00 0 
7fa014021000-7fa018000000 ---p 00000000 00:00 0 
7fa018000000-7fa018021000 rw-p 00000000 00:00 0 
7fa018021000-7fa01c000000 ---p 00000000 00:00 0 
7fa01c000000-7fa01c026000 rw-p 00000000 00:00 0 
7fa01c026000-7fa020000000 ---p 00000000 00:00 0 
7fa020000000-7fa020021000 rw-p 00000000 00:00 0 
7fa020021000-7fa024000000 ---p 00000000 00:00 0 
7fa024000000-7fa024021000 rw-p 00000000 00:00 0 
7fa024021000-7fa028000000 ---p 00000000 00:00 0 
7fa028000000-7fa028021000 rw-p 00000000 00:00 0 
7fa028021000-7fa02c000000 ---p 00000000 00:00 0 
7fa02c000000-7fa02c021000 rw-p 00000000 00:00 0 
7fa02c021000-7fa030000000 ---p 00000000 00:00 0 
7fa030000000-7fa030021000 rw-p 00000000 00:00 0 
7fa030021000-7fa034000000 ---p 00000000 00:00 0 
7fa034000000-7fa034021000 rw-p 00000000 00:00 0 
7fa034021000-7fa038000000 ---p 00000000 00:00 0 
7fa038000000-7fa038021000 rw-p 00000000 00:00 0 
7fa038021000-7fa03c000000 ---p 00000000 00:00 0 
7fa03c000000-7fa03c021000 rw-p 00000000 00:00 0 
7fa03c021000-7fa040000000 ---p 00000000 00:00 0 
7fa040000000-7fa040021000 rw-p 00000000 00:00 0 
7fa040021000-7fa044000000 ---p 00000000 00:00 0 
7fa044000000-7fa044ea4000 rw-p 00000000 00:00 0 
7fa044ea4000-7fa048000000 ---p 00000000 00:00 0 
7fa048000000-7fa048021000 rw-p 00000000 00:00 0 
7fa048021000-7fa04c000000 ---p 00000000 00:00 0 
7fa04c000000-7fa04d200000 rw-p 00000000 00:00 0 
7fa04d200000-7fa050000000 ---p 00000000 00:00 0 
7fa050000000-7fa050021000 rw-p 00000000 00:00 0 
7fa050021000-7fa054000000 ---p 00000000 00:00 0 
7fa054000000-7fa054021000 rw-p 00000000 00:00 0 
7fa054021000-7fa058000000 ---p 00000000 00:00 0 
7fa058000000-7fa058021000 rw-p 00000000 00:00 0 
7fa058021000-7fa05c000000 ---p 00000000 00:00 0 
7fa05c000000-7fa05c021000 rw-p 00000000 00:00 0 
7fa05c021000-7fa060000000 ---p 00000000 00:00 0 
7fa063f70000-7fa068000000 rw-p 00000000 00:00 0 
7fa068000000-7fa068021000 rw-p 00000000 00:00 0 
7fa068021000-7fa06c000000 ---p 00000000 00:00 0 
7fa070000000-7fa070021000 rw-p 00000000 00:00 0 
7fa070021000-7fa074000000 ---p 00000000 00:00 0 
7fa078000000-7fa078021000 rw-p 00000000 00:00 0 
7fa078021000-7fa07c000000 ---p 00000000 00:00 0 
7fa080000000-7fa080021000 rw-p 00000000 00:00 0 
7fa080021000-7fa084000000 ---p 00000000 00:00 0 
7fa088000000-7fa088021000 rw-p 00000000 00:00 0 
7fa088021000-7fa08c000000 ---p 00000000 00:00 0 
7fa090000000-7fa090021000 rw-p 00000000 00:00 0 
7fa090021000-7fa094000000 ---p 00000000 00:00 0 
7fa09739b000-7fa09739e000 ---p 00000000 00:00 0 
7fa09739e000-7fa09749c000 rw-p 00000000 00:00 0 
7fa09749c000-7fa0974b1000 r-xp 00000000 08:05 1491957                    /lib/x86_64-linux-gnu/libgcc_s.so.1
7fa0974b1000-7fa0976b0000 ---p 00015000 08:05 1491957                    /lib/x86_64-linux-gnu/libgcc_s.so.1
7fa0976b0000-7fa0976b1000 r--p 00014000 08:05 1491957                    /lib/x86_64-linux-gnu/libgcc_s.so.1
7fa0976b1000-7fa0976b2000 rw-p 00015000 08:05 1491957                    /lib/x86_64-linux-gnu/libgcc_s.so.1
7fa0976b2000-7fa0976e4000 r-xp 00000000 08:05 18096197                   /usr/lib/jvm/java-7-oracle/jre/lib/amd64/libsunec.so
7fa0976e4000-7fa0978e3000 ---p 00032000 08:05 18096197                   /usr/lib/jvm/java-7-oracle/jre/lib/amd64/libsunec.so
7fa0978e3000-7fa0978e9000 rw-p 00031000 08:05 18096197                   /usr/lib/jvm/java-7-oracle/jre/lib/amd64/libsunec.so
7fa0978e9000-7fa0978f9000 rw-p 00000000 00:00 0 
7fa0978f9000-7fa0978fc000 ---p 00000000 00:00 0 
7fa0978fc000-7fa0979fa000 rw-p 00000000 00:00 0 
7fa0979fa000-7fa0979fd000 ---p 00000000 00:00 0 
7fa0979fd000-7fa097afb000 rw-p 00000000 00:00 0 
7fa097afb000-7fa097afe000 ---p 00000000 00:00 0 
7fa097afe000-7fa097bfc000 rw-p 00000000 00:00 0 
7fa097bfc000-7fa097bff000 ---p 00000000 00:00 0 
7fa097bff000-7fa097cfd000 rw-p 00000000 00:00 0 
7fa097cfd000-7fa097d00000 ---p 00000000 00:00 0 
7fa097d00000-7fa097dfe000 rw-p 00000000 00:00 0 
7fa097dfe000-7fa097e01000 ---p 00000000 00:00 0 
7fa097e01000-7fa097eff000 rw-p 00000000 00:00 0 
7fa097eff000-7fa097f02000 ---p 00000000 00:00 0 
7fa097f02000-7fa098000000 rw-p 00000000 00:00 0 
7fa098000000-7fa098021000 rw-p 00000000 00:00 0 
7fa098021000-7fa09c000000 ---p 00000000 00:00 0 
7fa09c0ad000-7fa09c0b0000 ---p 00000000 00:00 0 
7fa09c0b0000-7fa09c0d5000 rw-p 00000000 00:00 0 
7fa09c0d5000-7fa09c0d8000 ---p 00000000 00:00 0 
7fa09c0d8000-7fa09c1d6000 rw-p 00000000 00:00 0 
7fa09c1d6000-7fa09c1d9000 ---p 00000000 00:00 0 
7fa09c1d9000-7fa09c2d7000 rw-p 00000000 00:00 0 
7fa09c2d7000-7fa09c2da000 ---p 00000000 00:00 0 
7fa09c2da000-7fa09c3d8000 rw-p 00000000 00:00 0 
7fa09c3d8000-7fa09c3db000 ---p 00000000 00:00 0 
7fa09c3db000-7fa09c4d9000 rw-p 00000000 00:00 0 
7fa09c4d9000-7fa09c4dc000 ---p 00000000 00:00 0 
7fa09c4dc000-7fa09c5da000 rw-p 00000000 00:00 0 
7fa09c5da000-7fa09c5ea000 r-xp 00000000 08:05 18096178                   /usr/lib/jvm/java-7-oracle/jre/lib/amd64/libnio.so
7fa09c5ea000-7fa09c7ea000 ---p 00010000 08:05 18096178                   /usr/lib/jvm/java-7-oracle/jre/lib/amd64/libnio.so
7fa09c7ea000-7fa09c7eb000 rw-p 00010000 08:05 18096178                   /usr/lib/jvm/java-7-oracle/jre/lib/amd64/libnio.so
7fa09c7eb000-7fa09c7ed000 r-xp 00000000 08:05 1490996                    /lib/libnss_mdns4.so.2
7fa09c7ed000-7fa09c9ec000 ---p 00002000 08:05 1490996                    /lib/libnss_mdns4.so.2
7fa09c9ec000-7fa09c9ed000 r--p 00001000 08:05 1490996                    /lib/libnss_mdns4.so.2
7fa09c9ed000-7fa09c9ee000 rw-p 00002000 08:05 1490996                    /lib/libnss_mdns4.so.2
7fa09c9ee000-7fa09ca06000 r-xp 00000000 08:05 1491863                    /lib/x86_64-linux-gnu/libresolv-2.15.so
7fa09ca06000-7fa09cc06000 ---p 00018000 08:05 1491863                    /lib/x86_64-linux-gnu/libresolv-2.15.so
7fa09cc06000-7fa09cc07000 r--p 00018000 08:05 1491863                    /lib/x86_64-linux-gnu/libresolv-2.15.so
7fa09cc07000-7fa09cc08000 rw-p 00019000 08:05 1491863                    /lib/x86_64-linux-gnu/libresolv-2.15.so
7fa09cc08000-7fa09cc0a000 rw-p 00000000 00:00 0 
7fa09cc0a000-7fa09cc11000 r-xp 00000000 08:05 1492190                    /lib/x86_64-linux-gnu/libnss_dns-2.15.so
7fa09cc11000-7fa09ce10000 ---p 00007000 08:05 1492190                    /lib/x86_64-linux-gnu/libnss_dns-2.15.so
7fa09ce10000-7fa09ce11000 r--p 00006000 08:05 1492190                    /lib/x86_64-linux-gnu/libnss_dns-2.15.so
7fa09ce11000-7fa09ce12000 rw-p 00007000 08:05 1492190                    /lib/x86_64-linux-gnu/libnss_dns-2.15.so
7fa09ce12000-7fa09ce14000 r-xp 00000000 08:05 1491046                    /lib/libnss_mdns4_minimal.so.2
7fa09ce14000-7fa09d013000 ---p 00002000 08:05 1491046                    /lib/libnss_mdns4_minimal.so.2
7fa09d013000-7fa09d014000 r--p 00001000 08:05 1491046                    /lib/libnss_mdns4_minimal.so.2
7fa09d014000-7fa09d015000 rw-p 00002000 08:05 1491046                    /lib/libnss_mdns4_minimal.so.2
7fa09d024000-7fa09d025000 rw-p 00000000 00:00 0 
7fa09d025000-7fa09d029000 r--s 0002d000 08:05 18104438                   /usr/lib/jvm/java-7-oracle/jre/lib/ext/sunjce_provider.jar
7fa09d029000-7fa09d02a000 r--s 00003000 08:05 18104441                   /usr/lib/jvm/java-7-oracle/jre/lib/ext/sunec.jar
7fa09d02a000-7fa09d02e000 r--s 00037000 08:05 18104437                   /usr/lib/jvm/java-7-oracle/jre/lib/ext/sunpkcs11.jar
7fa09d02e000-7fa09d031000 r--s 00018000 08:05 18088243                   /usr/lib/jvm/java-7-oracle/jre/lib/jce.jar
7fa09d031000-7fa09d032000 r--p 00000000 00:00 0 
7fa09d032000-7fa09d035000 ---p 00000000 00:00 0 
7fa09d035000-7fa09d164000 rw-p 00000000 00:00 0 
7fa09d164000-7fa09d179000 r-xp 00000000 08:05 18096213                   /usr/lib/jvm/java-7-oracle/jre/lib/amd64/libnet.so
7fa09d179000-7fa09d379000 ---p 00015000 08:05 18096213                   /usr/lib/jvm/java-7-oracle/jre/lib/amd64/libnet.so
7fa09d379000-7fa09d37a000 rw-p 00015000 08:05 18096213                   /usr/lib/jvm/java-7-oracle/jre/lib/amd64/libnet.so
7fa09d37a000-7fa09d37b000 r--s 00000000 08:05 16508517                   /home/fife/.m2/repository/org/jboss/as/jboss-as-build-config/7.1.1.Final/jboss-as-build-config-7.1.1.Final.jar
7fa09d37b000-7fa09d37d000 r--s 00001000 08:05 16507374                   /home/fife/.m2/repository/org/jboss/arquillian/core/arquillian-core-api/1.0.0.Final/arquillian-core-api-1.0.0.Final.jar
7fa09d37d000-7fa09d383000 r--s 00032000 08:05 16508607                   /home/fife/.m2/repository/org/jboss/marshalling/jboss-marshalling/1.3.11.GA/jboss-marshalling-1.3.11.GA.jar
7fa09d383000-7fa09d386000 r--s 00012000 08:05 16508448                   /home/fife/.m2/repository/org/jboss/marshalling/jboss-marshalling-river/1.3.11.GA/jboss-marshalling-river-1.3.11.GA.jar
7fa09d386000-7fa09d388000 r--s 00003000 08:05 16508506                   /home/fife/.m2/repository/org/jboss/arquillian/protocol/arquillian-protocol-jmx/1.0.0.Final/arquillian-protocol-jmx-1.0.0.Final.jar
7fa09d388000-7fa09d392000 r--s 0004d000 08:05 16508590                   /home/fife/.m2/repository/org/osgi/org.osgi.enterprise/4.2.0/org.osgi.enterprise-4.2.0.jar
7fa09d392000-7fa09d394000 r--s 0000b000 08:05 16508504                   /home/fife/.m2/repository/org/apache/felix/org.apache.felix.resolver/0.1.0.Beta1/org.apache.felix.resolver-0.1.0.Beta1.jar
7fa09d394000-7fa09d396000 r--s 0000a000 08:05 16508500                   /home/fife/.m2/repository/org/jboss/osgi/resolver/jbosgi-resolver-api-v2/2.0.0.Beta2/jbosgi-resolver-api-v2-2.0.0.Beta2.jar
7fa09d396000-7fa09d399000 r--s 0000e000 08:05 16508498                   /home/fife/.m2/repository/org/jboss/osgi/repository/jbosgi-repository-api/1.0.5/jbosgi-repository-api-1.0.5.jar
7fa09d399000-7fa09d39a000 r--s 00002000 08:05 16508499                   /home/fife/.m2/repository/org/jboss/osgi/repository/jbosgi-repository-core/1.0.5/jbosgi-repository-core-1.0.5.jar
7fa09d39a000-7fa09d3a8000 r--s 00088000 08:05 16508589                   /home/fife/.m2/repository/org/osgi/org.osgi.compendium/4.2.0/org.osgi.compendium-4.2.0.jar
7fa09d3a8000-7fa09d3a9000 r--s 00003000 08:05 16508494                   /home/fife/.m2/repository/org/jboss/osgi/vfs/jbosgi-vfs30/1.0.7.Final/jbosgi-vfs30-1.0.7.Final.jar
7fa09d3a9000-7fa09d3ab000 r--s 00007000 08:05 16508495                   /home/fife/.m2/repository/org/jboss/osgi/resolver/jbosgi-resolver-spi/1.0.13.Final/jbosgi-resolver-spi-1.0.13.Final.jar
7fa09d3ab000-7fa09d3ad000 r--s 0000a000 08:05 16508493                   /home/fife/.m2/repository/org/jboss/osgi/metadata/jbosgi-metadata/2.0.3.Final/jbosgi-metadata-2.0.3.Final.jar
7fa09d3ad000-7fa09d3af000 r--s 00002000 08:05 16508489                   /home/fife/.m2/repository/org/jboss/osgi/resolver/jbosgi-resolver-api/1.0.13.Final/jbosgi-resolver-api-1.0.13.Final.jar
7fa09d3af000-7fa09d3b2000 r--s 0001b000 08:05 16508487                   /home/fife/.m2/repository/org/jboss/osgi/resolver/jbosgi-resolver-felix/1.0.13.Final/jbosgi-resolver-felix-1.0.13.Final.jar
7fa09d3b2000-7fa09d3b4000 r--s 00004000 08:05 16508484                   /home/fife/.m2/repository/org/jboss/osgi/deployment/jbosgi-deployment/1.0.12.Final/jbosgi-deployment-1.0.12.Final.jar
7fa09d3b4000-7fa09d3ba000 r--s 0004d000 08:05 16508482                   /home/fife/.m2/repository/org/jboss/osgi/framework/jbosgi-framework-core/1.1.8.Final/jbosgi-framework-core-1.1.8.Final.jar
7fa09d3ba000-7fa09d3bf000 r--s 0003d000 08:05 16508480                   /home/fife/.m2/repository/org/jboss/modules/jboss-modules/1.1.1.GA/jboss-modules-1.1.1.GA.jar
7fa09d3bf000-7fa09d3c5000 r--s 00034000 08:05 16508479                   /home/fife/.m2/repository/org/jboss/jboss-ejb-client/1.0.0.Final/jboss-ejb-client-1.0.0.Final.jar
7fa09d3c5000-7fa09d3c9000 r--s 0001f000 08:05 16508478                   /home/fife/.m2/repository/org/jboss/jboss-remote-naming/1.0.2.Final/jboss-remote-naming-1.0.2.Final.jar
7fa09d3c9000-7fa09d3ce000 r--s 00029000 08:05 16508474                   /home/fife/.m2/repository/org/jboss/as/jboss-as-naming/7.1.1.Final/jboss-as-naming-7.1.1.Final.jar
7fa09d3ce000-7fa09d3cf000 r--s 00002000 08:05 16426075                   /home/fife/.m2/repository/org/jboss/spec/javax/transaction/jboss-transaction-api_1.1_spec/1.0.0.Final/jboss-transaction-api_1.1_spec-1.0.0.Final.jar
7fa09d3cf000-7fa09d3d2000 r--s 0000e000 08:05 16508472                   /home/fife/.m2/repository/org/jboss/metadata/jboss-metadata-ear/7.0.1.Final/jboss-metadata-ear-7.0.1.Final.jar
7fa09d3d2000-7fa09d3db000 r--s 00057000 08:05 16508470                   /home/fife/.m2/repository/org/jboss/metadata/jboss-metadata-common/7.0.1.Final/jboss-metadata-common-7.0.1.Final.jar
7fa09d3db000-7fa09d3dc000 r--s 00001000 08:05 16508468                   /home/fife/.m2/repository/org/jboss/interceptor/jboss-interceptor-spi/2.0.0.Final/jboss-interceptor-spi-2.0.0.Final.jar
7fa09d3dc000-7fa09d3e5000 r--s 00051000 08:05 16508467                   /home/fife/.m2/repository/org/hibernate/hibernate-validator/4.2.0.Final/hibernate-validator-4.2.0.Final.jar
7fa09d3e5000-7fa09d3e8000 r--s 00009000 08:05 16426092                   /home/fife/.m2/repository/javax/validation/validation-api/1.0.0.GA/validation-api-1.0.0.GA.jar
7fa09d3e8000-7fa09d3f0000 r--s 00056000 08:05 16508466                   /home/fife/.m2/repository/org/jboss/as/jboss-as-ee/7.1.1.Final/jboss-as-ee-7.1.1.Final.jar
7fa09d3f0000-7fa09d3f4000 r--s 00026000 08:05 16508465                   /home/fife/.m2/repository/org/jboss/as/jboss-as-osgi-service/7.1.1.Final/jboss-as-osgi-service-7.1.1.Final.jar
7fa09d3f4000-7fa09d3f7000 r--s 00009000 08:05 16508464                   /home/fife/.m2/repository/org/jboss/as/jboss-as-arquillian-protocol-jmx/7.1.1.Final/jboss-as-arquillian-protocol-jmx-7.1.1.Final.jar
7fa09d3f7000-7fa09d3fc000 r--s 00038000 08:05 16508584                   /home/fife/.m2/repository/org/osgi/org.osgi.core/4.2.0/org.osgi.core-4.2.0.jar
7fa09d3fc000-7fa09d3fe000 r--s 00014000 08:05 16508518                   /home/fife/.m2/repository/org/jboss/sasl/jboss-sasl/1.0.0.Final/jboss-sasl-1.0.0.Final.jar
7fa09d3fe000-7fa09d403000 r--s 00036000 08:05 16508608                   /home/fife/.m2/repository/org/jboss/xnio/xnio-api/3.0.3.GA/xnio-api-3.0.3.GA.jar
7fa09d403000-7fa09d409000 r--s 00033000 08:05 16508623                   /home/fife/.m2/repository/org/jboss/remoting3/jboss-remoting/3.2.2.GA/jboss-remoting-3.2.2.GA.jar
7fa09d409000-7fa09d40e000 r--s 00029000 08:05 16426126                   /home/fife/.m2/repository/org/jboss/logmanager/jboss-logmanager/1.2.2.GA/jboss-logmanager-1.2.2.GA.jar
7fa09d40e000-7fa09d413000 r--s 00021000 08:05 16508512                   /home/fife/.m2/repository/org/jboss/remotingjmx/remoting-jmx/1.0.2.Final/remoting-jmx-1.0.2.Final.jar
7fa09d413000-7fa09d415000 r--s 00005000 08:05 16508581                   /home/fife/.m2/repository/org/apache/maven/wagon/wagon-http-shared/1.0-beta-7/wagon-http-shared-1.0-beta-7.jar
7fa09d415000-7fa09d416000 r--s 00003000 08:05 16508583                   /home/fife/.m2/repository/org/apache/maven/wagon/wagon-http-lightweight/1.0-beta-7/wagon-http-lightweight-1.0-beta-7.jar
7fa09d416000-7fa09d417000 r--s 00002000 08:05 16508580                   /home/fife/.m2/repository/org/apache/maven/wagon/wagon-file/1.0-beta-7/wagon-file-1.0-beta-7.jar
7fa09d417000-7fa09d419000 r--s 0000b000 08:05 16426203                   /home/fife/.m2/repository/org/apache/maven/wagon/wagon-provider-api/1.0-beta-7/wagon-provider-api-1.0-beta-7.jar
7fa09d419000-7fa09d41b000 r--s 00002000 08:05 16426172                   /home/fife/.m2/repository/org/sonatype/plexus/plexus-cipher/1.4/plexus-cipher-1.4.jar
7fa09d41b000-7fa09d41c000 r--s 00006000 08:05 16426171                   /home/fife/.m2/repository/org/sonatype/plexus/plexus-sec-dispatcher/1.3/plexus-sec-dispatcher-1.3.jar
7fa09d41c000-7fa09d41e000 r--s 0000a000 08:05 16508577                   /home/fife/.m2/repository/org/apache/maven/maven-settings/3.0.1/maven-settings-3.0.1.jar
7fa09d41e000-7fa09d420000 r--s 0000d000 08:05 16426162                   /home/fife/.m2/repository/org/codehaus/plexus/plexus-interpolation/1.14/plexus-interpolation-1.14.jar
7fa09d420000-7fa09d423000 r--s 00008000 08:05 16508576                   /home/fife/.m2/repository/org/apache/maven/maven-settings-builder/3.0.1/maven-settings-builder-3.0.1.jar
7fa09d423000-7fa09d427000 r--s 00033000 08:05 16508575                   /home/fife/.m2/repository/org/codehaus/plexus/plexus-utils/2.0.4/plexus-utils-2.0.4.jar
7fa09d427000-7fa09d429000 r--s 00000000 08:05 16426168                   /home/fife/.m2/repository/org/codehaus/plexus/plexus-component-annotations/1.5.5/plexus-component-annotations-1.5.5.jar
7fa09d429000-7fa09d42c000 r--s 00018000 08:05 16508572                   /home/fife/.m2/repository/org/sonatype/aether/aether-impl/1.8/aether-impl-1.8.jar
7fa09d42c000-7fa09d42e000 r--s 00006000 08:05 16508569                   /home/fife/.m2/repository/org/apache/maven/maven-repository-metadata/3.0.1/maven-repository-metadata-3.0.1.jar
7fa09d42e000-7fa09d433000 r--s 00020000 08:05 16508567                   /home/fife/.m2/repository/org/apache/maven/maven-model-builder/3.0.1/maven-model-builder-3.0.1.jar
7fa09d433000-7fa09d436000 r--s 00026000 08:05 16508565                   /home/fife/.m2/repository/org/apache/maven/maven-model/3.0.1/maven-model-3.0.1.jar
7fa09d436000-7fa09d438000 r--s 0000b000 08:05 16508563                   /home/fife/.m2/repository/org/apache/maven/maven-aether-provider/3.0.1/maven-aether-provider-3.0.1.jar
7fa09d438000-7fa09d446000 r--s 0008f000 08:05 16508561                   /home/fife/.m2/repository/com/google/collections/google-collections/1.0/google-collections-1.0.jar
7fa09d446000-7fa09d44d000 r--s 00051000 08:05 16508560                   /home/fife/.m2/repository/log4j/log4j/1.2.12/log4j-1.2.12.jar
7fa09d44d000-7fa09d451000 r--s 0001d000 08:05 16508558                   /home/fife/.m2/repository/org/apache/xbean/xbean-reflect/3.4/xbean-reflect-3.4.jar
7fa09d451000-7fa09d453000 r--s 0000a000 08:05 16508556                   /home/fife/.m2/repository/org/codehaus/plexus/plexus-classworlds/2.2.2/plexus-classworlds-2.2.2.jar
7fa09d453000-7fa09d45a000 r--s 0002e000 08:05 16508551                   /home/fife/.m2/repository/org/codehaus/plexus/plexus-container-default/1.5.5/plexus-container-default-1.5.5.jar
7fa09d45a000-7fa09d45c000 r--s 00002000 08:05 16508550                   /home/fife/.m2/repository/org/sonatype/aether/aether-spi/1.8/aether-spi-1.8.jar
7fa09d45c000-7fa09d45d000 r--s 00006000 08:05 16508552                   /home/fife/.m2/repository/org/sonatype/aether/aether-connector-wagon/1.8/aether-connector-wagon-1.8.jar
7fa09d45d000-7fa09d460000 r--s 00019000 08:05 16508548                   /home/fife/.m2/repository/org/sonatype/aether/aether-util/1.8/aether-util-1.8.jar
7fa09d460000-7fa09d463000 r--s 00010000 08:05 16508549                   /home/fife/.m2/repository/org/sonatype/aether/aether-api/1.8/aether-api-1.8.jar
7fa09d463000-7fa09d465000 r--s 00002000 08:05 16508459                   /home/fife/.m2/repository/org/jboss/shrinkwrap/resolver/shrinkwrap-resolver-api-maven/1.0.0-beta-6/shrinkwrap-resolver-api-maven-1.0.0-beta-6.jar
7fa09d465000-7fa09d466000 r--s 00002000 08:05 16508458                   /home/fife/.m2/repository/org/jboss/shrinkwrap/resolver/shrinkwrap-resolver-api/1.0.0-beta-6/shrinkwrap-resolver-api-1.0.0-beta-6.jar
7fa09d466000-7fa09d468000 r--s 00009000 08:05 16508457                   /home/fife/.m2/repository/org/jboss/shrinkwrap/resolver/shrinkwrap-resolver-impl-maven/1.0.0-beta-6/shrinkwrap-resolver-impl-maven-1.0.0-beta-6.jar
7fa09d468000-7fa09d469000 r--s 00001000 08:05 16508451                   /home/fife/.m2/repository/org/jboss/osgi/vfs/jbosgi-vfs/1.0.7.Final/jbosgi-vfs-1.0.7.Final.jar
7fa09d469000-7fa09d46b000 r--s 00009000 08:05 16508449                   /home/fife/.m2/repository/org/jboss/osgi/spi/jbosgi-spi/3.0.1.Final/jbosgi-spi-3.0.1.Final.jar
7fa09d46b000-7fa09d46e000 r--s 00018000 08:05 16508446                   /home/fife/.m2/repository/org/jboss/jboss-vfs/3.1.0.Final/jboss-vfs-3.1.0.Final.jar
7fa09d46e000-7fa09d470000 r--s 00003000 08:05 16508444                   /home/fife/.m2/repository/org/jboss/stdio/jboss-stdio/1.0.1.GA/jboss-stdio-1.0.1.GA.jar
7fa09d470000-7fa09d472000 r--s 00003000 08:05 16508454                   /home/fife/.m2/repository/org/jboss/logmanager/jboss-logmanager-log4j/1.0.0.GA/jboss-logmanager-log4j-1.0.0.GA.jar
7fa09d472000-7fa09d475000 r--s 0000e000 08:05 16508440                   /home/fife/.m2/repository/org/jboss/invocation/jboss-invocation/1.1.1.Final/jboss-invocation-1.1.1.Final.jar
7fa09d475000-7fa09d477000 r--s 00010000 08:05 16508438                   /home/fife/.m2/repository/org/jboss/jandex/1.0.3.Final/jandex-1.0.3.Final.jar
7fa09d477000-7fa09d47a000 r--s 0001b000 08:05 16508436                   /home/fife/.m2/repository/org/jboss/as/jboss-as-threads/7.1.1.Final/jboss-as-threads-7.1.1.Final.jar
7fa09d47a000-7fa09d47c000 r--s 00008000 08:05 16508434                   /home/fife/.m2/repository/org/jboss/as/jboss-as-network/7.1.1.Final/jboss-as-network-7.1.1.Final.jar
7fa09d47c000-7fa09d47f000 r--s 00021000 08:05 16508432                   /home/fife/.m2/repository/org/jboss/as/jboss-as-remoting/7.1.1.Final/jboss-as-remoting-7.1.1.Final.jar
7fa09d47f000-7fa09d4e9000 r--s 00e18000 08:05 16670832                   /home/fife/workspace/KeywordApp/target/jdk-tools-jdk.jar
7fa09d4e9000-7fa09d4ed000 r--s 0001f000 08:05 16508431                   /home/fife/.m2/repository/org/jboss/as/jboss-as-process-controller/7.1.1.Final/jboss-as-process-controller-7.1.1.Final.jar
7fa09d4ed000-7fa09d4f0000 r--s 0001b000 08:05 16508429                   /home/fife/.m2/repository/org/jboss/as/jboss-as-platform-mbean/7.1.1.Final/jboss-as-platform-mbean-7.1.1.Final.jar
7fa09d4f0000-7fa09d4f2000 r--s 00008000 08:05 16508426                   /home/fife/.m2/repository/org/jboss/as/jboss-as-embedded/7.1.1.Final/jboss-as-embedded-7.1.1.Final.jar
7fa09d4f2000-7fa09d4f4000 r--s 00005000 08:05 16508425                   /home/fife/.m2/repository/org/jboss/as/jboss-as-deployment-repository/7.1.1.Final/jboss-as-deployment-repository-7.1.1.Final.jar
7fa09d4f4000-7fa09d4f7000 r--s 00017000 08:05 16508422                   /home/fife/.m2/repository/org/jboss/com/sun/httpserver/httpserver/1.0.0.Final/httpserver-1.0.0.Final.jar
7fa09d4f7000-7fa09d4fb000 r--s 00021000 08:05 16508420                   /home/fife/.m2/repository/org/jboss/as/jboss-as-domain-management/7.1.1.Final/jboss-as-domain-management-7.1.1.Final.jar
7fa09d4fb000-7fa09d4fe000 r--s 00011000 08:05 16508418                   /home/fife/.m2/repository/org/jboss/as/jboss-as-domain-http-interface/7.1.1.Final/jboss-as-domain-http-interface-7.1.1.Final.jar
7fa09d4fe000-7fa09d500000 r--s 00007000 08:05 16508416                   /home/fife/.m2/repository/org/jboss/staxmapper/1.1.0.Final/staxmapper-1.1.0.Final.jar
7fa09d500000-7fa09d510000 r--s 000ae000 08:05 16508414                   /home/fife/.m2/repository/org/jboss/as/jboss-as-controller/7.1.1.Final/jboss-as-controller-7.1.1.Final.jar
7fa09d510000-7fa09d51b000 r--s 00085000 08:05 16508412                   /home/fife/.m2/repository/org/jboss/as/jboss-as-server/7.1.1.Final/jboss-as-server-7.1.1.Final.jar
7fa09d51b000-7fa09d527000 r--s 0007a000 08:05 16508411                   /home/fife/.m2/repository/org/jboss/jboss-common-core/2.2.17.GA/jboss-common-core-2.2.17.GA.jar
7fa09d527000-7fa09d52a000 r--s 00018000 08:05 16508409                   /home/fife/.m2/repository/org/jboss/as/jboss-as-jmx/7.1.1.Final/jboss-as-jmx-7.1.1.Final.jar
7fa09d52a000-7fa09d52e000 r--s 0001a000 08:05 16508406                   /home/fife/.m2/repository/org/jboss/threads/jboss-threads/2.0.0.GA/jboss-threads-2.0.0.GA.jar
7fa09d52e000-7fa09d530000 r--s 00014000 08:05 16508404                   /home/fife/.m2/repository/org/jboss/jboss-dmr/1.1.1.Final/jboss-dmr-1.1.1.Final.jar
7fa09d530000-7fa09d532000 r--s 00012000 08:05 16508403                   /home/fife/.m2/repository/org/jboss/xnio/xnio-nio/3.0.3.GA/xnio-nio-3.0.3.GA.jar
7fa09d532000-7fa09d535000 r--s 00013000 08:05 16508401                   /home/fife/.m2/repository/org/jboss/as/jboss-as-protocol/7.1.1.Final/jboss-as-protocol-7.1.1.Final.jar
7fa09d535000-7fa09d53a000 r--s 00022000 08:05 16508399                   /home/fife/.m2/repository/org/jboss/as/jboss-as-controller-client/7.1.1.Final/jboss-as-controller-client-7.1.1.Final.jar
7fa09d53a000-7fa09d53e000 r--s 00030000 08:05 16508396                   /home/fife/.m2/repository/org/jboss/msc/jboss-msc/1.0.2.GA/jboss-msc-1.0.2.GA.jar
7fa09d53e000-7fa09d540000 r--s 0000d000 08:05 16508507                   /home/fife/.m2/repository/org/jboss/logging/jboss-logging/3.1.0.GA/jboss-logging-3.1.0.GA.jar
7fa09d540000-7fa09d542000 r--s 00001000 08:05 16508397                   /home/fife/.m2/repository/org/jboss/as/jboss-as-arquillian-testenricher-msc/7.1.1.Final/jboss-as-arquillian-testenricher-msc-7.1.1.Final.jar
7fa09d542000-7fa09d543000 r--s 00003000 08:05 16508394                   /home/fife/.m2/repository/org/jboss/arquillian/testenricher/arquillian-testenricher-resource/1.0.0.Final/arquillian-testenricher-resource-1.0.0.Final.jar
7fa09d543000-7fa09d544000 r--s 00002000 08:05 16508390                   /home/fife/.m2/repository/org/jboss/arquillian/testenricher/arquillian-testenricher-osgi/1.0.2.Final/arquillian-testenricher-osgi-1.0.2.Final.jar
7fa09d544000-7fa09d545000 r--s 00001000 08:05 16508393                   /home/fife/.m2/repository/org/jboss/arquillian/testenricher/arquillian-testenricher-initialcontext/1.0.0.Final/arquillian-testenricher-initialcontext-1.0.0.Final.jar
7fa09d545000-7fa09d547000 r--s 00003000 08:05 16508385                   /home/fife/.m2/repository/org/jboss/arquillian/testenricher/arquillian-testenricher-ejb/1.0.0.Final/arquillian-testenricher-ejb-1.0.0.Final.jar
7fa09d547000-7fa09d549000 r--s 00004000 08:05 16508386                   /home/fife/.m2/repository/org/jboss/arquillian/testenricher/arquillian-testenricher-cdi/1.0.0.Final/arquillian-testenricher-cdi-1.0.0.Final.jar
7fa09d549000-7fa09d54b000 r--s 00001000 08:05 16508384                   /home/fife/.m2/repository/org/jboss/arquillian/container/arquillian-container-osgi/1.0.2.Final/arquillian-container-osgi-1.0.2.Final.jar
7fa09d54b000-7fa09d54d000 r--s 00008000 08:05 16508383                   /home/fife/.m2/repository/org/jboss/as/jboss-as-arquillian-common/7.1.1.Final/jboss-as-arquillian-common-7.1.1.Final.jar
7fa09d54d000-7fa09d54e000 r--s 00001000 08:05 16671462                   /home/fife/.m2/repository/org/jboss/as/jboss-as-arquillian-container-remote/7.1.1.Final/jboss-as-arquillian-container-remote-7.1.1.Final.jar
7fa09d54e000-7fa09d54f000 r--s 00005000 08:05 16426187                   /home/fife/.m2/repository/org/slf4j/slf4j-api/1.5.10/slf4j-api-1.5.10.jar
7fa09d54f000-7fa09d550000 r--s 00001000 08:05 16467640                   /home/fife/.m2/repository/org/slf4j/slf4j-simple/1.5.10/slf4j-simple-1.5.10.jar
7fa09d550000-7fa09d556000 r--s 00039000 08:05 16655594                   /home/fife/.m2/repository/org/yaml/snakeyaml/1.8/snakeyaml-1.8.jar
7fa09d556000-7fa09d557000 r--s 00000000 08:05 16467639                   /home/fife/.m2/repository/net/jcip/jcip-annotations/1.0/jcip-annotations-1.0.jar
7fa09d557000-7fa09d562000 r--s 0006f000 08:05 16467638                   /home/fife/.m2/repository/mx4j/mx4j-tools/3.0.1/mx4j-tools-3.0.1.jar
7fa09d562000-7fa09d57d000 r--s 0011b000 08:05 16467637                   /home/fife/.m2/repository/bouncycastle/bcprov-jdk15/135/bcprov-jdk15-135.jar
7fa09d57d000-7fa09d592000 r--s 001cf000 08:05 16467600                   /home/fife/.m2/repository/org/seleniumhq/selenium/selenium-server/2.13.0/selenium-server-2.13.0.jar
7fa09d592000-7fa09d595000 r--s 00014000 08:05 16467598                   /home/fife/.m2/repository/org/seleniumhq/selenium/selenium-support/2.13.0/selenium-support-2.13.0.jar
7fa09d595000-7fa09d596000 r--s 00002000 08:05 16467604                   /home/fife/.m2/repository/org/seleniumhq/selenium/selenium-iphone-driver/2.13.0/selenium-iphone-driver-2.13.0.jar
7fa09d596000-7fa09d59a000 r--s 000d0000 08:05 16467636                   /home/fife/.m2/repository/net/java/dev/jna/jna/3.3.0/jna-3.3.0.jar
7fa09d59a000-7fa09d59c000 r--s 000f1000 08:05 16467602                   /home/fife/.m2/repository/org/seleniumhq/selenium/selenium-ie-driver/2.13.0/selenium-ie-driver-2.13.0.jar
7fa09d59c000-7fa09d59e000 r--s 0000b000 08:05 16467635                   /home/fife/.m2/repository/org/apache/commons/commons-exec/1.1/commons-exec-1.1.jar
7fa09d59e000-7fa09d5a1000 r--s 00024000 08:05 16426213                   /home/fife/.m2/repository/commons-io/commons-io/2.0.1/commons-io-2.0.1.jar
7fa09d5a1000-7fa09d5a3000 r--s 0023d000 08:05 16467599                   /home/fife/.m2/repository/org/seleniumhq/selenium/selenium-firefox-driver/2.13.0/selenium-firefox-driver-2.13.0.jar
7fa09d5a3000-7fa09d5a8000 r--s 00028000 08:05 16426326                   /home/fife/.m2/repository/org/apache/httpcomponents/httpcore/4.1.2/httpcore-4.1.2.jar
7fa09d5a8000-7fa09d5b0000 r--s 0004e000 08:05 16655607                   /home/fife/.m2/repository/org/apache/httpcomponents/httpclient/4.1.2/httpclient-4.1.2.jar
7fa09d5b0000-7fa09d5b2000 r--s 0000d000 08:05 16474225                   /home/fife/.m2/repository/commons-logging/commons-logging/1.1.1/commons-logging-1.1.1.jar
7fa09d5b2000-7fa09d5b3000 r--s 00003000 08:05 16467634                   /home/fife/.m2/repository/org/w3c/css/sac/1.3/sac-1.3.jar
7fa09d5b3000-7fa09d5b6000 r--s 0003b000 08:05 16467631                   /home/fife/.m2/repository/net/sourceforge/cssparser/cssparser/0.9.5/cssparser-0.9.5.jar
7fa09d5b6000-7fa09d5b9000 r--s 00022000 08:05 16467595                   /home/fife/.m2/repository/net/sourceforge/nekohtml/nekohtml/1.9.15/nekohtml-1.9.15.jar
7fa09d5b9000-7fa09d5c1000 r--s 00028000 08:05 16621767                   /home/fife/.m2/repository/xml-apis/xml-apis/1.3.04/xml-apis-1.3.04.jar
7fa09d5c1000-7fa09d5d9000 r--s 00115000 08:05 16614202                   /home/fife/.m2/repository/xerces/xercesImpl/2.9.1/xercesImpl-2.9.1.jar
7fa09d5d9000-7fa09d5e7000 r--s 000e1000 08:05 16467596                   /home/fife/.m2/repository/net/sourceforge/htmlunit/htmlunit-core-js/2.9/htmlunit-core-js-2.9.jar
7fa09d5e7000-7fa09d5e9000 r--s 0000d000 08:05 16655604                   /home/fife/.m2/repository/commons-codec/commons-codec/1.4/commons-codec-1.4.jar
7fa09d5e9000-7fa09d5eb000 r--s 00005000 08:05 16467629                   /home/fife/.m2/repository/org/apache/httpcomponents/httpmime/4.1.2/httpmime-4.1.2.jar
7fa09d5eb000-7fa09d5f0000 r--s 00041000 08:05 16474224                   /home/fife/.m2/repository/commons-lang/commons-lang/2.6/commons-lang-2.6.jar
7fa09d5f0000-7fa09d5fe000 r--s 0007f000 08:05 16474222                   /home/fife/.m2/repository/commons-collections/commons-collections/3.2.1/commons-collections-3.2.1.jar
7fa09d5fe000-7fa09d601000 r--s 00041000 08:05 16655603                   /home/fife/.m2/repository/xalan/serializer/2.7.1/serializer-2.7.1.jar
7fa09d601000-7fa09d626000 r--s 002e3000 08:05 16655602                   /home/fife/.m2/repository/xalan/xalan/2.7.1/xalan-2.7.1.jar
7fa09d626000-7fa09d637000 r--s 000e4000 08:05 16467592                   /home/fife/.m2/repository/net/sourceforge/htmlunit/htmlunit/2.9/htmlunit-2.9.jar
7fa09d637000-7fa09d655000 r--s 00151000 08:05 16467585                   /home/fife/.m2/repository/com/google/guava/guava/10.0.1/guava-10.0.1.jar
7fa09d655000-7fa09d656000 ---p 00000000 00:00 0 
7fa09d656000-7fa09d756000 rw-p 00000000 00:00 0 
7fa09d756000-7fa09d759000 ---p 00000000 00:00 0 
7fa09d759000-7fa09d857000 rw-p 00000000 00:00 0 
7fa09d857000-7fa09d85a000 ---p 00000000 00:00 0 
7fa09d85a000-7fa09d958000 rw-p 00000000 00:00 0 
7fa09d958000-7fa09d95b000 ---p 00000000 00:00 0 
7fa09d95b000-7fa09da59000 rw-p 00000000 00:00 0 
7fa09da59000-7fa09da5c000 ---p 00000000 00:00 0 
7fa09da5c000-7fa09db5a000 rw-p 00000000 00:00 0 
7fa09db5a000-7fa09de26000 r--p 00000000 08:05 23486466                   /usr/lib/locale/locale-archive
7fa09de26000-7fa09de29000 ---p 00000000 00:00 0 
7fa09de29000-7fa09df27000 rw-p 00000000 00:00 0 
7fa09df27000-7fa09df2a000 ---p 00000000 00:00 0 
7fa09df2a000-7fa09e028000 rw-p 00000000 00:00 0 
7fa09e028000-7fa09e029000 ---p 00000000 00:00 0 
7fa09e029000-7fa0a0000000 rw-p 00000000 00:00 0 
7fa0a0000000-7fa0a0021000 rw-p 00000000 00:00 0 
7fa0a0021000-7fa0a4000000 ---p 00000000 00:00 0 
7fa0a4000000-7fa0a4004000 r--s 00089000 08:05 18088241                   /usr/lib/jvm/java-7-oracle/jre/lib/jsse.jar
7fa0a4004000-7fa0a4007000 r--s 00006000 08:05 16655601                   /home/fife/.m2/repository/com/google/code/findbugs/jsr305/1.3.9/jsr305-1.3.9.jar
7fa0a4007000-7fa0a400c000 r--s 00017000 08:05 16467588                   /home/fife/.m2/repository/org/seleniumhq/selenium/selenium-api/2.13.0/selenium-api-2.13.0.jar
7fa0a400c000-7fa0a400e000 r--s 0000b000 08:05 16467587                   /home/fife/.m2/repository/org/seleniumhq/selenium/selenium-htmlunit-driver/2.13.0/selenium-htmlunit-driver-2.13.0.jar
7fa0a400e000-7fa0a400f000 r--s 00002000 08:05 16467586                   /home/fife/.m2/repository/org/seleniumhq/selenium/selenium-chrome-driver/2.13.0/selenium-chrome-driver-2.13.0.jar
7fa0a400f000-7fa0a4011000 r--s 00008000 08:05 16467628                   /home/fife/.m2/repository/org/json/json/20080701/json-20080701.jar
7fa0a4011000-7fa0a4018000 r--s 00049000 08:05 16467627                   /home/fife/.m2/repository/cglib/cglib-nodep/2.1_3/cglib-nodep-2.1_3.jar
7fa0a4018000-7fa0a401d000 r--s 0002e000 08:05 16467582                   /home/fife/.m2/repository/org/seleniumhq/selenium/selenium-remote-driver/2.13.0/selenium-remote-driver-2.13.0.jar
7fa0a401d000-7fa0a401f000 r--s 00000000 08:05 16467581                   /home/fife/.m2/repository/org/seleniumhq/selenium/selenium-android-driver/2.13.0/selenium-android-driver-2.13.0.jar
7fa0a401f000-7fa0a4025000 r--s 0004f000 08:05 16467580                   /home/fife/.m2/repository/org/seleniumhq/selenium/selenium-java/2.13.0/selenium-java-2.13.0.jar
7fa0a4025000-7fa0a4027000 r--s 00006000 08:05 16467579                   /home/fife/.m2/repository/org/jboss/arquillian/extension/arquillian-drone-selenium-server/1.0.0.CR3/arquillian-drone-selenium-server-1.0.0.CR3.jar
7fa0a4027000-7fa0a4029000 r--s 00001000 08:05 16467578                   /home/fife/.m2/repository/org/jboss/arquillian/extension/arquillian-drone-selenium/1.0.0.CR3/arquillian-drone-selenium-1.0.0.CR3.jar
7fa0a4029000-7fa0a402b000 r--s 00002000 08:05 16507385                   /home/fife/.m2/repository/org/jboss/shrinkwrap/descriptors/shrinkwrap-descriptors-api-base/2.0.0-alpha-2/shrinkwrap-descriptors-api-base-2.0.0-alpha-2.jar
7fa0a402b000-7fa0a402c000 r--s 00001000 08:05 16507390                   /home/fife/.m2/repository/org/jboss/arquillian/config/arquillian-config-api/1.0.0.Final/arquillian-config-api-1.0.0.Final.jar
7fa0a402c000-7fa0a402e000 r--s 00004000 08:05 16507377                   /home/fife/.m2/repository/org/jboss/arquillian/core/arquillian-core-spi/1.0.0.Final/arquillian-core-spi-1.0.0.Final.jar
7fa0a402e000-7fa0a4030000 r--s 00000000 08:05 16467576                   /home/fife/.m2/repository/org/jboss/arquillian/extension/arquillian-drone-spi/1.0.0.CR3/arquillian-drone-spi-1.0.0.CR3.jar
7fa0a4030000-7fa0a4032000 r--s 00000000 08:05 16467575                   /home/fife/.m2/repository/org/jboss/arquillian/extension/arquillian-drone-api/1.0.0.CR3/arquillian-drone-api-1.0.0.CR3.jar
7fa0a4032000-7fa0a4034000 r--s 00007000 08:05 16467574                   /home/fife/.m2/repository/org/jboss/arquillian/extension/arquillian-drone-impl/1.0.0.CR3/arquillian-drone-impl-1.0.0.CR3.jar
7fa0a4034000-7fa0a4038000 r--s 00028000 08:05 16482546                   /home/fife/.m2/repository/com/google/code/gson/gson/2.1/gson-2.1.jar
7fa0a4038000-7fa0a403c000 r--s 00020000 08:05 16507397                   /home/fife/.m2/repository/org/jboss/shrinkwrap/shrinkwrap-impl-base/1.0.0/shrinkwrap-impl-base-1.0.0.jar
7fa0a403c000-7fa0a4040000 r--s 00013000 08:05 16507394                   /home/fife/.m2/repository/org/jboss/arquillian/container/arquillian-container-test-impl-base/1.0.0.Final/arquillian-container-test-impl-base-1.0.0.Final.jar
7fa0a4040000-7fa0a4043000 r--s 00007000 08:05 16507393                   /home/fife/.m2/repository/org/jboss/shrinkwrap/descriptors/shrinkwrap-descriptors-spi/2.0.0-alpha-2/shrinkwrap-descriptors-spi-2.0.0-alpha-2.jar
7fa0a4043000-7fa0a4e44000 rw-p 00000000 00:00 0 
7fa0a4e44000-7fa0a5000000 r--s 039da000 08:05 18088210                   /usr/lib/jvm/java-7-oracle/jre/lib/rt.jar
7fa0a5000000-7fa0a5270000 rwxp 00000000 00:00 0 
7fa0a5270000-7fa0a8b6b000 rw-p 00000000 00:00 0 
7fa0a8b6b000-7fa0ac000000 ---p 00000000 00:00 0 
7fa0ac000000-7fa0ac001000 r--s 00002000 08:05 16467577                   /home/fife/.m2/repository/org/jboss/arquillian/extension/arquillian-drone-configuration/1.0.0.CR3/arquillian-drone-configuration-1.0.0.CR3.jar
7fa0ac001000-7fa0ac004000 r--s 0000a000 08:05 16507388                   /home/fife/.m2/repository/org/jboss/arquillian/container/arquillian-container-impl-base/1.0.0.Final/arquillian-container-impl-base-1.0.0.Final.jar
7fa0ac004000-7fa0ac006000 r--s 00001000 08:05 16416929                   /home/fife/.m2/repository/org/jboss/spec/javax/interceptor/jboss-interceptors-api_1.1_spec/1.0.0.Final/jboss-interceptors-api_1.1_spec-1.0.0.Final.jar
7fa0ac006000-7fa0ac009000 r--s 0000a000 08:05 16416930                   /home/fife/.m2/repository/javax/enterprise/cdi-api/1.0-SP4/cdi-api-1.0-SP4.jar
7fa0ac009000-7fa0ac00e000 r--s 00015000 08:05 16408639                   /home/fife/.m2/repository/org/hibernate/javax/persistence/hibernate-jpa-2.0-api/1.0.1.Final/hibernate-jpa-2.0-api-1.0.1.Final.jar
7fa0ac00e000-7fa0ac014000 r--s 00034000 08:05 16426226                   /home/fife/.m2/repository/org/eclipse/text/3.3.0-v20070606-0010/text-3.3.0-v20070606-0010.jar
7fa0ac014000-7fa0ac017000 r--s 00012000 08:05 16426224                   /home/fife/.m2/repository/org/eclipse/core/contenttype/3.2.100-v20070319/contenttype-3.2.100-v20070319.jar
7fa0ac017000-7fa0ac01a000 r--s 00017000 08:05 16426222                   /home/fife/.m2/repository/org/eclipse/equinox/preferences/3.2.100-v20070522/preferences-3.2.100-v20070522.jar
7fa0ac01a000-7fa0ac01c000 r--s 00012000 08:05 16426219                   /home/fife/.m2/repository/org/eclipse/core/jobs/3.3.0-v20070423/jobs-3.3.0-v20070423.jar
7fa0ac01c000-7fa0ac01e000 r--s 00015000 08:05 16426220                   /home/fife/.m2/repository/org/eclipse/equinox/common/3.3.0-v20070426/common-3.3.0-v20070426.jar
7fa0ac01e000-7fa0ac02d000 r--s 000e5000 08:05 16426106                   /home/fife/.m2/repository/org/eclipse/osgi/3.4.3.R34x_v20081215-1030/osgi-3.4.3.R34x_v20081215-1030.jar
7fa0ac02d000-7fa0ac02f000 r--s 00010000 08:05 16426217                   /home/fife/.m2/repository/org/eclipse/core/runtime/3.3.100-v20070530/runtime-3.3.100-v20070530.jar
7fa0ac02f000-7fa0ac039000 r--s 0009c000 08:05 16426215                   /home/fife/.m2/repository/org/eclipse/core/resources/3.3.0-v20070604/resources-3.3.0-v20070604.jar
7fa0ac039000-7fa0ac063000 r--s 0044e000 08:05 17220641                   /home/fife/.m2/repository/org/eclipse/tycho/org.eclipse.jdt.core/3.8.2.v20120814-155456/org.eclipse.jdt.core-3.8.2.v20120814-155456.jar
7fa0ac063000-7fa0ac08b000 rw-p 00000000 00:00 0 
7fa0ac08b000-7fa0ac08c000 ---p 00000000 00:00 0 
7fa0ac08c000-7fa0ac18c000 rw-p 00000000 00:00 0 
7fa0ac18c000-7fa0ac18d000 ---p 00000000 00:00 0 
7fa0ac18d000-7fa0ac28d000 rw-p 00000000 00:00 0 
7fa0ac28d000-7fa0ac28e000 ---p 00000000 00:00 0 
7fa0ac28e000-7fa0ac38e000 rw-p 00000000 00:00 0 
7fa0ac38e000-7fa0ac38f000 ---p 00000000 00:00 0 
7fa0ac38f000-7fa0ac48f000 rw-p 00000000 00:00 0 
7fa0ac48f000-7fa0ac490000 ---p 00000000 00:00 0 
7fa0ac490000-7fa0ac590000 rw-p 00000000 00:00 0 
7fa0ac590000-7fa0ac591000 ---p 00000000 00:00 0 
7fa0ac591000-7fa0ac691000 rw-p 00000000 00:00 0 
7fa0ac691000-7fa0ac692000 ---p 00000000 00:00 0 
7fa0ac692000-7fa0ac792000 rw-p 00000000 00:00 0 
7fa0ac792000-7fa0ac793000 ---p 00000000 00:00 0 
7fa0ac793000-7fa0ac89e000 rw-p 00000000 00:00 0 
7fa0ac89e000-7fa0ac8bc000 rw-p 00000000 00:00 0 
7fa0ac8bc000-7fa0ac8e6000 rw-p 00000000 00:00 0 
7fa0ac8e6000-7fa0acb52000 rw-p 00000000 00:00 0 
7fa0acb52000-7fa0acb5d000 rw-p 00000000 00:00 0 
7fa0acb5d000-7fa0acb7b000 rw-p 00000000 00:00 0 
7fa0acb7b000-7fa0acba5000 rw-p 00000000 00:00 0 
7fa0acba5000-7fa0ace10000 rw-p 00000000 00:00 0 
7fa0ace10000-7fa0ace91000 rw-p 00000000 00:00 0 
7fa0ace91000-7fa0acf5b000 rw-p 00000000 00:00 0 
7fa0acf5b000-7fa0acf5c000 rw-p 00000000 00:00 0 
7fa0acf5c000-7fa0acf76000 r-xp 00000000 08:05 18096189                   /usr/lib/jvm/java-7-oracle/jre/lib/amd64/libzip.so
7fa0acf76000-7fa0ad176000 ---p 0001a000 08:05 18096189                   /usr/lib/jvm/java-7-oracle/jre/lib/amd64/libzip.so
7fa0ad176000-7fa0ad177000 rw-p 0001a000 08:05 18096189                   /usr/lib/jvm/java-7-oracle/jre/lib/amd64/libzip.so
7fa0ad177000-7fa0ad183000 r-xp 00000000 08:05 1491993                    /lib/x86_64-linux-gnu/libnss_files-2.15.so
7fa0ad183000-7fa0ad382000 ---p 0000c000 08:05 1491993                    /lib/x86_64-linux-gnu/libnss_files-2.15.so
7fa0ad382000-7fa0ad383000 r--p 0000b000 08:05 1491993                    /lib/x86_64-linux-gnu/libnss_files-2.15.so
7fa0ad383000-7fa0ad384000 rw-p 0000c000 08:05 1491993                    /lib/x86_64-linux-gnu/libnss_files-2.15.so
7fa0ad384000-7fa0ad38e000 r-xp 00000000 08:05 1491963                    /lib/x86_64-linux-gnu/libnss_nis-2.15.so
7fa0ad38e000-7fa0ad58e000 ---p 0000a000 08:05 1491963                    /lib/x86_64-linux-gnu/libnss_nis-2.15.so
7fa0ad58e000-7fa0ad58f000 r--p 0000a000 08:05 1491963                    /lib/x86_64-linux-gnu/libnss_nis-2.15.so
7fa0ad58f000-7fa0ad590000 rw-p 0000b000 08:05 1491963                    /lib/x86_64-linux-gnu/libnss_nis-2.15.so
7fa0ad590000-7fa0ad5a7000 r-xp 00000000 08:05 1492192                    /lib/x86_64-linux-gnu/libnsl-2.15.so
7fa0ad5a7000-7fa0ad7a6000 ---p 00017000 08:05 1492192                    /lib/x86_64-linux-gnu/libnsl-2.15.so
7fa0ad7a6000-7fa0ad7a7000 r--p 00016000 08:05 1492192                    /lib/x86_64-linux-gnu/libnsl-2.15.so
7fa0ad7a7000-7fa0ad7a8000 rw-p 00017000 08:05 1492192                    /lib/x86_64-linux-gnu/libnsl-2.15.so
7fa0ad7a8000-7fa0ad7aa000 rw-p 00000000 00:00 0 
7fa0ad7aa000-7fa0ad7b2000 r-xp 00000000 08:05 1491996                    /lib/x86_64-linux-gnu/libnss_compat-2.15.so
7fa0ad7b2000-7fa0ad9b1000 ---p 00008000 08:05 1491996                    /lib/x86_64-linux-gnu/libnss_compat-2.15.so
7fa0ad9b1000-7fa0ad9b2000 r--p 00007000 08:05 1491996                    /lib/x86_64-linux-gnu/libnss_compat-2.15.so
7fa0ad9b2000-7fa0ad9b3000 rw-p 00008000 08:05 1491996                    /lib/x86_64-linux-gnu/libnss_compat-2.15.so
7fa0ad9b3000-7fa0ad9dc000 r-xp 00000000 08:05 18096183                   /usr/lib/jvm/java-7-oracle/jre/lib/amd64/libjava.so
7fa0ad9dc000-7fa0adbdc000 ---p 00029000 08:05 18096183                   /usr/lib/jvm/java-7-oracle/jre/lib/amd64/libjava.so
7fa0adbdc000-7fa0adbde000 rw-p 00029000 08:05 18096183                   /usr/lib/jvm/java-7-oracle/jre/lib/amd64/libjava.so
7fa0adbde000-7fa0adbeb000 r-xp 00000000 08:05 18096179                   /usr/lib/jvm/java-7-oracle/jre/lib/amd64/libverify.so
7fa0adbeb000-7fa0addea000 ---p 0000d000 08:05 18096179                   /usr/lib/jvm/java-7-oracle/jre/lib/amd64/libverify.so
7fa0addea000-7fa0addec000 rw-p 0000c000 08:05 18096179                   /usr/lib/jvm/java-7-oracle/jre/lib/amd64/libverify.so
7fa0addec000-7fa0addf3000 r-xp 00000000 08:05 1491862                    /lib/x86_64-linux-gnu/librt-2.15.so
7fa0addf3000-7fa0adff2000 ---p 00007000 08:05 1491862                    /lib/x86_64-linux-gnu/librt-2.15.so
7fa0adff2000-7fa0adff3000 r--p 00006000 08:05 1491862                    /lib/x86_64-linux-gnu/librt-2.15.so
7fa0adff3000-7fa0adff4000 rw-p 00007000 08:05 1491862                    /lib/x86_64-linux-gnu/librt-2.15.so
7fa0adff4000-7fa0ae0ef000 r-xp 00000000 08:05 1491984                    /lib/x86_64-linux-gnu/libm-2.15.so
7fa0ae0ef000-7fa0ae2ee000 ---p 000fb000 08:05 1491984                    /lib/x86_64-linux-gnu/libm-2.15.so
7fa0ae2ee000-7fa0ae2ef000 r--p 000fa000 08:05 1491984                    /lib/x86_64-linux-gnu/libm-2.15.so
7fa0ae2ef000-7fa0ae2f0000 rw-p 000fb000 08:05 1491984                    /lib/x86_64-linux-gnu/libm-2.15.so
7fa0ae2f0000-7fa0aed37000 r-xp 00000000 08:05 18096176                   /usr/lib/jvm/java-7-oracle/jre/lib/amd64/server/libjvm.so
7fa0aed37000-7fa0aef36000 ---p 00a47000 08:05 18096176                   /usr/lib/jvm/java-7-oracle/jre/lib/amd64/server/libjvm.so
7fa0aef36000-7fa0aefda000 rw-p 00a46000 08:05 18096176                   /usr/lib/jvm/java-7-oracle/jre/lib/amd64/server/libjvm.so
7fa0aefda000-7fa0af015000 rw-p 00000000 00:00 0 
7fa0af015000-7fa0af1ca000 r-xp 00000000 08:05 1491849                    /lib/x86_64-linux-gnu/libc-2.15.so
7fa0af1ca000-7fa0af3c9000 ---p 001b5000 08:05 1491849                    /lib/x86_64-linux-gnu/libc-2.15.so
7fa0af3c9000-7fa0af3cd000 r--p 001b4000 08:05 1491849                    /lib/x86_64-linux-gnu/libc-2.15.so
7fa0af3cd000-7fa0af3cf000 rw-p 001b8000 08:05 1491849                    /lib/x86_64-linux-gnu/libc-2.15.so
7fa0af3cf000-7fa0af3d4000 rw-p 00000000 00:00 0 
7fa0af3d4000-7fa0af3d6000 r-xp 00000000 08:05 1491848                    /lib/x86_64-linux-gnu/libdl-2.15.so
7fa0af3d6000-7fa0af5d6000 ---p 00002000 08:05 1491848                    /lib/x86_64-linux-gnu/libdl-2.15.so
7fa0af5d6000-7fa0af5d7000 r--p 00002000 08:05 1491848                    /lib/x86_64-linux-gnu/libdl-2.15.so
7fa0af5d7000-7fa0af5d8000 rw-p 00003000 08:05 1491848                    /lib/x86_64-linux-gnu/libdl-2.15.so
7fa0af5d8000-7fa0af5ee000 r-xp 00000000 08:05 18096158                   /usr/lib/jvm/java-7-oracle/jre/lib/amd64/jli/libjli.so
7fa0af5ee000-7fa0af7ed000 ---p 00016000 08:05 18096158                   /usr/lib/jvm/java-7-oracle/jre/lib/amd64/jli/libjli.so
7fa0af7ed000-7fa0af7ee000 rw-p 00015000 08:05 18096158                   /usr/lib/jvm/java-7-oracle/jre/lib/amd64/jli/libjli.so
7fa0af7ee000-7fa0af806000 r-xp 00000000 08:05 1491851                    /lib/x86_64-linux-gnu/libpthread-2.15.so
7fa0af806000-7fa0afa05000 ---p 00018000 08:05 1491851                    /lib/x86_64-linux-gnu/libpthread-2.15.so
7fa0afa05000-7fa0afa06000 r--p 00017000 08:05 1491851                    /lib/x86_64-linux-gnu/libpthread-2.15.so
7fa0afa06000-7fa0afa07000 rw-p 00018000 08:05 1491851                    /lib/x86_64-linux-gnu/libpthread-2.15.so
7fa0afa07000-7fa0afa0b000 rw-p 00000000 00:00 0 
7fa0afa0b000-7fa0afa2d000 r-xp 00000000 08:05 1492187                    /lib/x86_64-linux-gnu/ld-2.15.so
7fa0afa2d000-7fa0afa2f000 r--s 00008000 08:05 16507391                   /home/fife/.m2/repository/org/jboss/arquillian/config/arquillian-config-impl-base/1.0.0.Final/arquillian-config-impl-base-1.0.0.Final.jar
7fa0afa2f000-7fa0afa30000 r--s 00004000 08:05 16507387                   /home/fife/.m2/repository/org/jboss/arquillian/test/arquillian-test-impl-base/1.0.0.Final/arquillian-test-impl-base-1.0.0.Final.jar
7fa0afa30000-7fa0afa32000 r--s 00009000 08:05 16507386                   /home/fife/.m2/repository/org/jboss/arquillian/core/arquillian-core-impl-base/1.0.0.Final/arquillian-core-impl-base-1.0.0.Final.jar
7fa0afa32000-7fa0afa35000 r--s 0000a000 08:05 16507382                   /home/fife/.m2/repository/org/jboss/arquillian/container/arquillian-container-spi/1.0.0.Final/arquillian-container-spi-1.0.0.Final.jar
7fa0afa35000-7fa0afa37000 r--s 00004000 08:05 16507381                   /home/fife/.m2/repository/org/jboss/arquillian/container/arquillian-container-test-spi/1.0.0.Final/arquillian-container-test-spi-1.0.0.Final.jar
7fa0afa37000-7fa0afa38000 r--s 00001000 08:05 16507380                   /home/fife/.m2/repository/org/jboss/arquillian/container/arquillian-container-test-api/1.0.0.Final/arquillian-container-test-api-1.0.0.Final.jar
7fa0afa38000-7fa0afa3b000 r--s 0000d000 08:05 16507378                   /home/fife/.m2/repository/org/jboss/shrinkwrap/shrinkwrap-api/1.0.0/shrinkwrap-api-1.0.0.jar
7fa0afa3b000-7fa0afa3d000 r--s 00007000 08:05 16507375                   /home/fife/.m2/repository/org/jboss/arquillian/test/arquillian-test-spi/1.0.0.Final/arquillian-test-spi-1.0.0.Final.jar
7fa0afa3d000-7fa0afa3e000 r--s 00000000 08:05 16507373                   /home/fife/.m2/repository/org/jboss/arquillian/test/arquillian-test-api/1.0.0.Final/arquillian-test-api-1.0.0.Final.jar
7fa0afa3e000-7fa0afa3f000 r--s 00004000 08:05 16507372                   /home/fife/.m2/repository/org/jboss/arquillian/junit/arquillian-junit-core/1.0.0.Final/arquillian-junit-core-1.0.0.Final.jar
7fa0afa3f000-7fa0afa40000 r--s 00001000 08:05 16507371                   /home/fife/.m2/repository/org/jboss/arquillian/junit/arquillian-junit-container/1.0.0.Final/arquillian-junit-container-1.0.0.Final.jar
7fa0afa40000-7fa0afa42000 r--s 00011000 08:05 16507265                   /home/fife/.m2/repository/org/hamcrest/hamcrest-core/1.1/hamcrest-core-1.1.jar
7fa0afa42000-7fa0afa49000 r--s 00037000 08:05 16507263                   /home/fife/.m2/repository/junit/junit/4.10/junit-4.10.jar
7fa0afa49000-7fa0afa53000 rw-p 00000000 00:00 0 
7fa0afa53000-7fa0afb09000 rw-p 00000000 00:00 0 
7fa0afb09000-7fa0afb0c000 ---p 00000000 00:00 0 
7fa0afb0c000-7fa0afc0e000 rw-p 00000000 00:00 0 
7fa0afc0e000-7fa0afc0f000 r--s 00000000 08:05 16507398                   /home/fife/.m2/repository/org/jboss/shrinkwrap/shrinkwrap-spi/1.0.0/shrinkwrap-spi-1.0.0.jar
7fa0afc0f000-7fa0afc11000 r--s 00002000 08:05 16679682                   /home/fife/.m2/repository/org/ocpsoft/common/common-api/1.0.4.Final/common-api-1.0.4.Final.jar
7fa0afc11000-7fa0afc14000 r--s 00009000 08:05 16416999                   /home/fife/.m2/repository/org/jboss/spec/javax/ws/rs/jboss-jaxrs-api_1.1_spec/1.0.0.Final/jboss-jaxrs-api_1.1_spec-1.0.0.Final.jar
7fa0afc14000-7fa0afc17000 r--s 0000f000 08:05 16416991                   /home/fife/.m2/repository/org/jboss/spec/javax/servlet/jboss-servlet-api_3.0_spec/1.0.0.Final/jboss-servlet-api_3.0_spec-1.0.0.Final.jar
7fa0afc17000-7fa0afc1a000 r--s 00009000 08:05 16416947                   /home/fife/.m2/repository/org/jboss/spec/javax/ejb/jboss-ejb-api_3.1_spec/1.0.1.Final/jboss-ejb-api_3.1_spec-1.0.1.Final.jar
7fa0afc1a000-7fa0afc1c000 r--s 00001000 08:05 16416940                   /home/fife/.m2/repository/org/jboss/spec/javax/annotation/jboss-annotations-api_1.1_spec/1.0.0.Final/jboss-annotations-api_1.1_spec-1.0.0.Final.jar
7fa0afc1c000-7fa0afc1d000 r--s 00000000 08:05 16416933                   /home/fife/.m2/repository/javax/inject/javax.inject/1/javax.inject-1.jar
7fa0afc1d000-7fa0afc1f000 r--s 00007000 08:05 17187623                   /home/fife/.m2/repository/org/jboss/forge/parser-java-api/2.0.0-SNAPSHOT/parser-java-api-2.0.0-SNAPSHOT.jar
7fa0afc1f000-7fa0afc21000 r--s 00010000 08:05 17171481                   /home/fife/.m2/repository/org/jboss/forge/parser-java-impl/2.0.0-SNAPSHOT/parser-java-impl-2.0.0-SNAPSHOT.jar
7fa0afc21000-7fa0afc29000 rw-s 00000000 08:05 3538973                    /tmp/hsperfdata_fife/4572
7fa0afc29000-7fa0afc2a000 rw-p 00000000 00:00 0 
7fa0afc2a000-7fa0afc2b000 r--p 00000000 00:00 0 
7fa0afc2b000-7fa0afc2d000 rw-p 00000000 00:00 0 
7fa0afc2d000-7fa0afc2e000 r--p 00022000 08:05 1492187                    /lib/x86_64-linux-gnu/ld-2.15.so
7fa0afc2e000-7fa0afc30000 rw-p 00023000 08:05 1492187                    /lib/x86_64-linux-gnu/ld-2.15.so
7fff5ecb9000-7fff5ecdf000 rw-p 00000000 00:00 0                          [stack]
7fff5ece2000-7fff5ece3000 r-xp 00000000 00:00 0                          [vdso]
ffffffffff600000-ffffffffff601000 r-xp 00000000 00:00 0                  [vsyscall]

VM Arguments:
jvm_args: -Dfile.encoding=UTF-8 
java_command: org.eclipse.jdt.internal.junit.runner.RemoteTestRunner -version 3 -port 34143 -testLoaderClass org.eclipse.jdt.internal.junit4.runner.JUnit4TestLoader -loaderpluginname org.eclipse.jdt.junit4.runtime -classNames org.ocpsoft.keywords.ParserExampleTest
Launcher Type: SUN_STANDARD

Environment Variables:
JAVA_HOME=/usr/lib/jvm/java-7-oracle
PATH=~/ProgramFiles/forge/bin:/usr/lib/jvm/java-7-oracle/bin:/usr/local/apache-maven-3.0.4/bin:~/Android/android-sdk-linux/platform-tools:/usr/lib/lightdm/lightdm:/usr/local/sbin:/usr/local/bin:/usr/sbin:/usr/bin:/sbin:/bin:/usr/games
SHELL=/bin/bash
DISPLAY=:0.0

Signal Handlers:
SIGSEGV: [libjvm.so+0x8a5c80], sa_mask[0]=0x7ffbfeff, sa_flags=0x10000004
SIGBUS: [libjvm.so+0x8a5c80], sa_mask[0]=0x7ffbfeff, sa_flags=0x10000004
SIGFPE: [libjvm.so+0x741d60], sa_mask[0]=0x7ffbfeff, sa_flags=0x10000004
SIGPIPE: [libjvm.so+0x741d60], sa_mask[0]=0x7ffbfeff, sa_flags=0x10000004
SIGXFSZ: [libjvm.so+0x741d60], sa_mask[0]=0x7ffbfeff, sa_flags=0x10000004
SIGILL: [libjvm.so+0x741d60], sa_mask[0]=0x7ffbfeff, sa_flags=0x10000004
SIGUSR1: SIG_DFL, sa_mask[0]=0x00000000, sa_flags=0x00000000
SIGUSR2: [libjvm.so+0x7416b0], sa_mask[0]=0x00000004, sa_flags=0x10000004
SIGHUP: [libjvm.so+0x743a40], sa_mask[0]=0x7ffbfeff, sa_flags=0x10000004
SIGINT: [libjvm.so+0x743a40], sa_mask[0]=0x7ffbfeff, sa_flags=0x10000004
SIGTERM: [libjvm.so+0x743a40], sa_mask[0]=0x7ffbfeff, sa_flags=0x10000004
SIGQUIT: [libjvm.so+0x743a40], sa_mask[0]=0x7ffbfeff, sa_flags=0x10000004


---------------  S Y S T E M  ---------------

OS:wheezy/sid

uname:Linux 3.2.0-32-generic #51-Ubuntu SMP Wed Sep 26 21:33:09 UTC 2012 x86_64
libc:glibc 2.15 NPTL 2.15 
rlimit: STACK 8192k, CORE 0k, NPROC 63337, NOFILE 4096, AS infinity
load average:0.90 1.26 0.81

/proc/meminfo:
MemTotal:        8124752 kB
MemFree:         3254264 kB
Buffers:          231636 kB
Cached:          2430856 kB
SwapCached:            0 kB
Active:          2858044 kB
Inactive:        1672808 kB
Active(anon):    1881284 kB
Inactive(anon):   403676 kB
Active(file):     976760 kB
Inactive(file):  1269132 kB
Unevictable:           0 kB
Mlocked:               0 kB
SwapTotal:             0 kB
SwapFree:              0 kB
Dirty:               732 kB
Writeback:             0 kB
AnonPages:       1868984 kB
Mapped:           165628 kB
Shmem:            416544 kB
Slab:             179308 kB
SReclaimable:     144684 kB
SUnreclaim:        34624 kB
KernelStack:        4472 kB
PageTables:        35436 kB
NFS_Unstable:          0 kB
Bounce:                0 kB
WritebackTmp:          0 kB
CommitLimit:     4062376 kB
Committed_AS:    5236152 kB
VmallocTotal:   34359738367 kB
VmallocUsed:      573496 kB
VmallocChunk:   34359161432 kB
HardwareCorrupted:     0 kB
AnonHugePages:         0 kB
HugePages_Total:       0
HugePages_Free:        0
HugePages_Rsvd:        0
HugePages_Surp:        0
Hugepagesize:       2048 kB
DirectMap4k:       65536 kB
DirectMap2M:     8271872 kB


CPU:total 8 (4 cores per cpu, 2 threads per core) family 6 model 42 stepping 7, cmov, cx8, fxsr, mmx, sse, sse2, sse3, ssse3, sse4.1, sse4.2, popcnt, avx, ht, tsc, tscinvbit

/proc/cpuinfo:
processor	: 0
vendor_id	: GenuineIntel
cpu family	: 6
model		: 42
model name	: Intel(R) Core(TM) i7-2670QM CPU @ 2.20GHz
stepping	: 7
microcode	: 0x25
cpu MHz		: 2201.000
cache size	: 6144 KB
physical id	: 0
siblings	: 8
core id		: 0
cpu cores	: 4
apicid		: 0
initial apicid	: 0
fpu		: yes
fpu_exception	: yes
cpuid level	: 13
wp		: yes
flags		: fpu vme de pse tsc msr pae mce cx8 apic sep mtrr pge mca cmov pat pse36 clflush dts acpi mmx fxsr sse sse2 ss ht tm pbe syscall nx rdtscp lm constant_tsc arch_perfmon pebs bts rep_good nopl xtopology nonstop_tsc aperfmperf pni pclmulqdq dtes64 monitor ds_cpl vmx est tm2 ssse3 cx16 xtpr pdcm pcid sse4_1 sse4_2 x2apic popcnt tsc_deadline_timer aes xsave avx lahf_lm ida arat epb xsaveopt pln pts dtherm tpr_shadow vnmi flexpriority ept vpid
bogomips	: 4390.02
clflush size	: 64
cache_alignment	: 64
address sizes	: 36 bits physical, 48 bits virtual
power management:

processor	: 1
vendor_id	: GenuineIntel
cpu family	: 6
model		: 42
model name	: Intel(R) Core(TM) i7-2670QM CPU @ 2.20GHz
stepping	: 7
microcode	: 0x25
cpu MHz		: 800.000
cache size	: 6144 KB
physical id	: 0
siblings	: 8
core id		: 0
cpu cores	: 4
apicid		: 1
initial apicid	: 1
fpu		: yes
fpu_exception	: yes
cpuid level	: 13
wp		: yes
flags		: fpu vme de pse tsc msr pae mce cx8 apic sep mtrr pge mca cmov pat pse36 clflush dts acpi mmx fxsr sse sse2 ss ht tm pbe syscall nx rdtscp lm constant_tsc arch_perfmon pebs bts rep_good nopl xtopology nonstop_tsc aperfmperf pni pclmulqdq dtes64 monitor ds_cpl vmx est tm2 ssse3 cx16 xtpr pdcm pcid sse4_1 sse4_2 x2apic popcnt tsc_deadline_timer aes xsave avx lahf_lm ida arat epb xsaveopt pln pts dtherm tpr_shadow vnmi flexpriority ept vpid
bogomips	: 4389.82
clflush size	: 64
cache_alignment	: 64
address sizes	: 36 bits physical, 48 bits virtual
power management:

processor	: 2
vendor_id	: GenuineIntel
cpu family	: 6
model		: 42
model name	: Intel(R) Core(TM) i7-2670QM CPU @ 2.20GHz
stepping	: 7
microcode	: 0x25
cpu MHz		: 800.000
cache size	: 6144 KB
physical id	: 0
siblings	: 8
core id		: 1
cpu cores	: 4
apicid		: 2
initial apicid	: 2
fpu		: yes
fpu_exception	: yes
cpuid level	: 13
wp		: yes
flags		: fpu vme de pse tsc msr pae mce cx8 apic sep mtrr pge mca cmov pat pse36 clflush dts acpi mmx fxsr sse sse2 ss ht tm pbe syscall nx rdtscp lm constant_tsc arch_perfmon pebs bts rep_good nopl xtopology nonstop_tsc aperfmperf pni pclmulqdq dtes64 monitor ds_cpl vmx est tm2 ssse3 cx16 xtpr pdcm pcid sse4_1 sse4_2 x2apic popcnt tsc_deadline_timer aes xsave avx lahf_lm ida arat epb xsaveopt pln pts dtherm tpr_shadow vnmi flexpriority ept vpid
bogomips	: 4389.83
clflush size	: 64
cache_alignment	: 64
address sizes	: 36 bits physical, 48 bits virtual
power management:

processor	: 3
vendor_id	: GenuineIntel
cpu family	: 6
model		: 42
model name	: Intel(R) Core(TM) i7-2670QM CPU @ 2.20GHz
stepping	: 7
microcode	: 0x25
cpu MHz		: 800.000
cache size	: 6144 KB
physical id	: 0
siblings	: 8
core id		: 1
cpu cores	: 4
apicid		: 3
initial apicid	: 3
fpu		: yes
fpu_exception	: yes
cpuid level	: 13
wp		: yes
flags		: fpu vme de pse tsc msr pae mce cx8 apic sep mtrr pge mca cmov pat pse36 clflush dts acpi mmx fxsr sse sse2 ss ht tm pbe syscall nx rdtscp lm constant_tsc arch_perfmon pebs bts rep_good nopl xtopology nonstop_tsc aperfmperf pni pclmulqdq dtes64 monitor ds_cpl vmx est tm2 ssse3 cx16 xtpr pdcm pcid sse4_1 sse4_2 x2apic popcnt tsc_deadline_timer aes xsave avx lahf_lm ida arat epb xsaveopt pln pts dtherm tpr_shadow vnmi flexpriority ept vpid
bogomips	: 4389.83
clflush size	: 64
cache_alignment	: 64
address sizes	: 36 bits physical, 48 bits virtual
power management:

processor	: 4
vendor_id	: GenuineIntel
cpu family	: 6
model		: 42
model name	: Intel(R) Core(TM) i7-2670QM CPU @ 2.20GHz
stepping	: 7
microcode	: 0x25
cpu MHz		: 800.000
cache size	: 6144 KB
physical id	: 0
siblings	: 8
core id		: 2
cpu cores	: 4
apicid		: 4
initial apicid	: 4
fpu		: yes
fpu_exception	: yes
cpuid level	: 13
wp		: yes
flags		: fpu vme de pse tsc msr pae mce cx8 apic sep mtrr pge mca cmov pat pse36 clflush dts acpi mmx fxsr sse sse2 ss ht tm pbe syscall nx rdtscp lm constant_tsc arch_perfmon pebs bts rep_good nopl xtopology nonstop_tsc aperfmperf pni pclmulqdq dtes64 monitor ds_cpl vmx est tm2 ssse3 cx16 xtpr pdcm pcid sse4_1 sse4_2 x2apic popcnt tsc_deadline_timer aes xsave avx lahf_lm ida arat epb xsaveopt pln pts dtherm tpr_shadow vnmi flexpriority ept vpid
bogomips	: 4389.83
clflush size	: 64
cache_alignment	: 64
address sizes	: 36 bits physical, 48 bits virtual
power management:

processor	: 5
vendor_id	: GenuineIntel
cpu family	: 6
model		: 42
model name	: Intel(R) Core(TM) i7-2670QM CPU @ 2.20GHz
stepping	: 7
microcode	: 0x25
cpu MHz		: 800.000
cache size	: 6144 KB
physical id	: 0
siblings	: 8
core id		: 2
cpu cores	: 4
apicid		: 5
initial apicid	: 5
fpu		: yes
fpu_exception	: yes
cpuid level	: 13
wp		: yes
flags		: fpu vme de pse tsc msr pae mce cx8 apic sep mtrr pge mca cmov pat pse36 clflush dts acpi mmx fxsr sse sse2 ss ht tm pbe syscall nx rdtscp lm constant_tsc arch_perfmon pebs bts rep_good nopl xtopology nonstop_tsc aperfmperf pni pclmulqdq dtes64 monitor ds_cpl vmx est tm2 ssse3 cx16 xtpr pdcm pcid sse4_1 sse4_2 x2apic popcnt tsc_deadline_timer aes xsave avx lahf_lm ida arat epb xsaveopt pln pts dtherm tpr_shadow vnmi flexpriority ept vpid
bogomips	: 4389.83
clflush size	: 64
cache_alignment	: 64
address sizes	: 36 bits physical, 48 bits virtual
power management:

processor	: 6
vendor_id	: GenuineIntel
cpu family	: 6
model		: 42
model name	: Intel(R) Core(TM) i7-2670QM CPU @ 2.20GHz
stepping	: 7
microcode	: 0x25
cpu MHz		: 800.000
cache size	: 6144 KB
physical id	: 0
siblings	: 8
core id		: 3
cpu cores	: 4
apicid		: 6
initial apicid	: 6
fpu		: yes
fpu_exception	: yes
cpuid level	: 13
wp		: yes
flags		: fpu vme de pse tsc msr pae mce cx8 apic sep mtrr pge mca cmov pat pse36 clflush dts acpi mmx fxsr sse sse2 ss ht tm pbe syscall nx rdtscp lm constant_tsc arch_perfmon pebs bts rep_good nopl xtopology nonstop_tsc aperfmperf pni pclmulqdq dtes64 monitor ds_cpl vmx est tm2 ssse3 cx16 xtpr pdcm pcid sse4_1 sse4_2 x2apic popcnt tsc_deadline_timer aes xsave avx lahf_lm ida arat epb xsaveopt pln pts dtherm tpr_shadow vnmi flexpriority ept vpid
bogomips	: 4389.83
clflush size	: 64
cache_alignment	: 64
address sizes	: 36 bits physical, 48 bits virtual
power management:

processor	: 7
vendor_id	: GenuineIntel
cpu family	: 6
model		: 42
model name	: Intel(R) Core(TM) i7-2670QM CPU @ 2.20GHz
stepping	: 7
microcode	: 0x25
cpu MHz		: 800.000
cache size	: 6144 KB
physical id	: 0
siblings	: 8
core id		: 3
cpu cores	: 4
apicid		: 7
initial apicid	: 7
fpu		: yes
fpu_exception	: yes
cpuid level	: 13
wp		: yes
flags		: fpu vme de pse tsc msr pae mce cx8 apic sep mtrr pge mca cmov pat pse36 clflush dts acpi mmx fxsr sse sse2 ss ht tm pbe syscall nx rdtscp lm constant_tsc arch_perfmon pebs bts rep_good nopl xtopology nonstop_tsc aperfmperf pni pclmulqdq dtes64 monitor ds_cpl vmx est tm2 ssse3 cx16 xtpr pdcm pcid sse4_1 sse4_2 x2apic popcnt tsc_deadline_timer aes xsave avx lahf_lm ida arat epb xsaveopt pln pts dtherm tpr_shadow vnmi flexpriority ept vpid
bogomips	: 4389.83
clflush size	: 64
cache_alignment	: 64
address sizes	: 36 bits physical, 48 bits virtual
power management:



Memory: 4k page, physical 8124752k(3254264k free), swap 0k(0k free)

vm_info: Java HotSpot(TM) 64-Bit Server VM (23.5-b02) for linux-amd64 JRE (1.7.0_09-b05), built on Sep 24 2012 20:07:15 by "java_re" with gcc 4.3.0 20080428 (Red Hat 4.3.0-8)

time: Fri Feb  1 18:19:21 2013
elapsed time: 16 seconds

